{"C:\\Users\\caiol\\OneDrive\\Área de Trabalho\\ProjetoTCC\\Aplicativo_TCC_TEA\\backend\\src\\app.js": {"path":"C:\\Users\\caiol\\OneDrive\\Área de Trabalho\\ProjetoTCC\\Aplicativo_TCC_TEA\\backend\\src\\app.js","statementMap":{"0":{"start":{"line":1,"column":16},"end":{"line":1,"column":34}},"1":{"start":{"line":2,"column":12},"end":{"line":2,"column":21}},"2":{"start":{"line":5,"column":0},"end":{"line":5,"column":24}},"3":{"start":{"line":7,"column":0},"end":{"line":7,"column":48}},"4":{"start":{"line":10,"column":18},"end":{"line":10,"column":47}},"5":{"start":{"line":12,"column":0},"end":{"line":12,"column":27}},"6":{"start":{"line":15,"column":0},"end":{"line":17,"column":3}},"7":{"start":{"line":16,"column":2},"end":{"line":16,"column":47}},"8":{"start":{"line":19,"column":0},"end":{"line":19,"column":21}}},"fnMap":{"0":{"name":"(anonymous_0)","decl":{"start":{"line":15,"column":13},"end":{"line":15,"column":14}},"loc":{"start":{"line":15,"column":27},"end":{"line":17,"column":1}},"line":15}},"branchMap":{},"s":{"0":6,"1":6,"2":6,"3":6,"4":6,"5":6,"6":6,"7":0,"8":6},"f":{"0":0},"b":{},"_coverageSchema":"1a1c01bbd47fc00a2c39e90264f33305004495a9","hash":"7c02cdb35fc26ee7f6ba24bf4f64f0f42808ef3c"}
,"C:\\Users\\caiol\\OneDrive\\Área de Trabalho\\ProjetoTCC\\Aplicativo_TCC_TEA\\backend\\src\\api\\controllers\\assistidoController.js": {"path":"C:\\Users\\caiol\\OneDrive\\Área de Trabalho\\ProjetoTCC\\Aplicativo_TCC_TEA\\backend\\src\\api\\controllers\\assistidoController.js","statementMap":{"0":{"start":{"line":1,"column":18},"end":{"line":1,"column":48}},"1":{"start":{"line":3,"column":0},"end":{"line":31,"column":2}},"2":{"start":{"line":4,"column":2},"end":{"line":6,"column":3}},"3":{"start":{"line":5,"column":4},"end":{"line":5,"column":100}},"4":{"start":{"line":8,"column":70},"end":{"line":8,"column":78}},"5":{"start":{"line":9,"column":22},"end":{"line":9,"column":37}},"6":{"start":{"line":11,"column":2},"end":{"line":13,"column":3}},"7":{"start":{"line":12,"column":4},"end":{"line":12,"column":90}},"8":{"start":{"line":15,"column":2},"end":{"line":30,"column":3}},"9":{"start":{"line":16,"column":26},"end":{"line":22,"column":6}},"10":{"start":{"line":23,"column":4},"end":{"line":26,"column":7}},"11":{"start":{"line":28,"column":4},"end":{"line":28,"column":57}},"12":{"start":{"line":29,"column":4},"end":{"line":29,"column":68}},"13":{"start":{"line":34,"column":0},"end":{"line":43,"column":2}},"14":{"start":{"line":35,"column":2},"end":{"line":42,"column":3}},"15":{"start":{"line":36,"column":24},"end":{"line":36,"column":39}},"16":{"start":{"line":37,"column":23},"end":{"line":37,"column":68}},"17":{"start":{"line":38,"column":4},"end":{"line":38,"column":37}},"18":{"start":{"line":40,"column":4},"end":{"line":40,"column":55}},"19":{"start":{"line":41,"column":4},"end":{"line":41,"column":68}},"20":{"start":{"line":46,"column":0},"end":{"line":63,"column":2}},"21":{"start":{"line":47,"column":17},"end":{"line":47,"column":27}},"22":{"start":{"line":48,"column":22},"end":{"line":48,"column":37}},"23":{"start":{"line":50,"column":2},"end":{"line":62,"column":3}},"24":{"start":{"line":52,"column":22},"end":{"line":52,"column":76}},"25":{"start":{"line":54,"column":4},"end":{"line":56,"column":5}},"26":{"start":{"line":55,"column":6},"end":{"line":55,"column":74}},"27":{"start":{"line":58,"column":4},"end":{"line":58,"column":36}},"28":{"start":{"line":60,"column":4},"end":{"line":60,"column":61}},"29":{"start":{"line":61,"column":4},"end":{"line":61,"column":68}},"30":{"start":{"line":65,"column":0},"end":{"line":87,"column":2}},"31":{"start":{"line":66,"column":17},"end":{"line":66,"column":27}},"32":{"start":{"line":67,"column":22},"end":{"line":67,"column":37}},"33":{"start":{"line":68,"column":70},"end":{"line":68,"column":78}},"34":{"start":{"line":70,"column":2},"end":{"line":86,"column":3}},"35":{"start":{"line":72,"column":22},"end":{"line":72,"column":76}},"36":{"start":{"line":73,"column":4},"end":{"line":75,"column":5}},"37":{"start":{"line":74,"column":6},"end":{"line":74,"column":106}},"38":{"start":{"line":78,"column":32},"end":{"line":78,"column":119}},"39":{"start":{"line":79,"column":4},"end":{"line":82,"column":7}},"40":{"start":{"line":84,"column":4},"end":{"line":84,"column":57}},"41":{"start":{"line":85,"column":4},"end":{"line":85,"column":68}},"42":{"start":{"line":89,"column":0},"end":{"line":112,"column":2}},"43":{"start":{"line":91,"column":2},"end":{"line":93,"column":3}},"44":{"start":{"line":92,"column":4},"end":{"line":92,"column":91}},"45":{"start":{"line":95,"column":17},"end":{"line":95,"column":27}},"46":{"start":{"line":96,"column":22},"end":{"line":96,"column":37}},"47":{"start":{"line":98,"column":2},"end":{"line":111,"column":3}},"48":{"start":{"line":100,"column":22},"end":{"line":100,"column":76}},"49":{"start":{"line":101,"column":4},"end":{"line":103,"column":5}},"50":{"start":{"line":102,"column":6},"end":{"line":102,"column":106}},"51":{"start":{"line":106,"column":4},"end":{"line":106,"column":31}},"52":{"start":{"line":107,"column":4},"end":{"line":107,"column":72}},"53":{"start":{"line":109,"column":4},"end":{"line":109,"column":54}},"54":{"start":{"line":110,"column":4},"end":{"line":110,"column":68}}},"fnMap":{"0":{"name":"(anonymous_0)","decl":{"start":{"line":3,"column":26},"end":{"line":3,"column":27}},"loc":{"start":{"line":3,"column":46},"end":{"line":31,"column":1}},"line":3},"1":{"name":"(anonymous_1)","decl":{"start":{"line":34,"column":24},"end":{"line":34,"column":25}},"loc":{"start":{"line":34,"column":44},"end":{"line":43,"column":1}},"line":34},"2":{"name":"(anonymous_2)","decl":{"start":{"line":46,"column":27},"end":{"line":46,"column":28}},"loc":{"start":{"line":46,"column":47},"end":{"line":63,"column":1}},"line":46},"3":{"name":"(anonymous_3)","decl":{"start":{"line":65,"column":26},"end":{"line":65,"column":27}},"loc":{"start":{"line":65,"column":46},"end":{"line":87,"column":1}},"line":65},"4":{"name":"(anonymous_4)","decl":{"start":{"line":89,"column":26},"end":{"line":89,"column":27}},"loc":{"start":{"line":89,"column":46},"end":{"line":112,"column":1}},"line":89}},"branchMap":{"0":{"loc":{"start":{"line":4,"column":2},"end":{"line":6,"column":3}},"type":"if","locations":[{"start":{"line":4,"column":2},"end":{"line":6,"column":3}},{"start":{},"end":{}}],"line":4},"1":{"loc":{"start":{"line":11,"column":2},"end":{"line":13,"column":3}},"type":"if","locations":[{"start":{"line":11,"column":2},"end":{"line":13,"column":3}},{"start":{},"end":{}}],"line":11},"2":{"loc":{"start":{"line":11,"column":6},"end":{"line":11,"column":31}},"type":"binary-expr","locations":[{"start":{"line":11,"column":6},"end":{"line":11,"column":11}},{"start":{"line":11,"column":15},"end":{"line":11,"column":31}}],"line":11},"3":{"loc":{"start":{"line":54,"column":4},"end":{"line":56,"column":5}},"type":"if","locations":[{"start":{"line":54,"column":4},"end":{"line":56,"column":5}},{"start":{},"end":{}}],"line":54},"4":{"loc":{"start":{"line":73,"column":4},"end":{"line":75,"column":5}},"type":"if","locations":[{"start":{"line":73,"column":4},"end":{"line":75,"column":5}},{"start":{},"end":{}}],"line":73},"5":{"loc":{"start":{"line":91,"column":2},"end":{"line":93,"column":3}},"type":"if","locations":[{"start":{"line":91,"column":2},"end":{"line":93,"column":3}},{"start":{},"end":{}}],"line":91},"6":{"loc":{"start":{"line":101,"column":4},"end":{"line":103,"column":5}},"type":"if","locations":[{"start":{"line":101,"column":4},"end":{"line":103,"column":5}},{"start":{},"end":{}}],"line":101}},"s":{"0":6,"1":6,"2":2,"3":0,"4":2,"5":2,"6":2,"7":1,"8":1,"9":1,"10":1,"11":0,"12":0,"13":6,"14":1,"15":1,"16":1,"17":1,"18":0,"19":0,"20":6,"21":0,"22":0,"23":0,"24":0,"25":0,"26":0,"27":0,"28":0,"29":0,"30":6,"31":2,"32":2,"33":2,"34":2,"35":2,"36":2,"37":1,"38":1,"39":1,"40":0,"41":0,"42":6,"43":2,"44":0,"45":2,"46":2,"47":2,"48":2,"49":2,"50":1,"51":1,"52":1,"53":0,"54":0},"f":{"0":2,"1":1,"2":0,"3":2,"4":2},"b":{"0":[0,2],"1":[1,1],"2":[2,1],"3":[0,0],"4":[1,1],"5":[0,2],"6":[1,1]},"_coverageSchema":"1a1c01bbd47fc00a2c39e90264f33305004495a9","hash":"15dafccb75c89c6102d465741ab2d627eb78f807"}
,"C:\\Users\\caiol\\OneDrive\\Área de Trabalho\\ProjetoTCC\\Aplicativo_TCC_TEA\\backend\\src\\api\\controllers\\authController.js": {"path":"C:\\Users\\caiol\\OneDrive\\Área de Trabalho\\ProjetoTCC\\Aplicativo_TCC_TEA\\backend\\src\\api\\controllers\\authController.js","statementMap":{"0":{"start":{"line":1,"column":17},"end":{"line":1,"column":46}},"1":{"start":{"line":2,"column":18},"end":{"line":2,"column":48}},"2":{"start":{"line":3,"column":15},"end":{"line":3,"column":34}},"3":{"start":{"line":4,"column":12},"end":{"line":4,"column":35}},"4":{"start":{"line":5,"column":11},"end":{"line":5,"column":37}},"5":{"start":{"line":7,"column":22},"end":{"line":9,"column":1}},"6":{"start":{"line":8,"column":2},"end":{"line":8,"column":72}},"7":{"start":{"line":13,"column":18},"end":{"line":13,"column":91}},"8":{"start":{"line":14,"column":21},"end":{"line":14,"column":57}},"9":{"start":{"line":15,"column":4},"end":{"line":15,"column":27}},"10":{"start":{"line":18,"column":0},"end":{"line":102,"column":2}},"11":{"start":{"line":20,"column":122},"end":{"line":20,"column":130}},"12":{"start":{"line":23,"column":2},"end":{"line":25,"column":3}},"13":{"start":{"line":24,"column":4},"end":{"line":24,"column":98}},"14":{"start":{"line":28,"column":2},"end":{"line":30,"column":3}},"15":{"start":{"line":29,"column":6},"end":{"line":29,"column":88}},"16":{"start":{"line":33,"column":2},"end":{"line":35,"column":3}},"17":{"start":{"line":34,"column":5},"end":{"line":34,"column":91}},"18":{"start":{"line":38,"column":2},"end":{"line":42,"column":3}},"19":{"start":{"line":39,"column":6},"end":{"line":41,"column":7}},"20":{"start":{"line":40,"column":10},"end":{"line":40,"column":131}},"21":{"start":{"line":44,"column":17},"end":{"line":44,"column":40}},"22":{"start":{"line":46,"column":2},"end":{"line":101,"column":3}},"23":{"start":{"line":47,"column":4},"end":{"line":47,"column":32}},"24":{"start":{"line":50,"column":30},"end":{"line":50,"column":63}},"25":{"start":{"line":51,"column":4},"end":{"line":55,"column":5}},"26":{"start":{"line":52,"column":6},"end":{"line":52,"column":37}},"27":{"start":{"line":53,"column":6},"end":{"line":53,"column":23}},"28":{"start":{"line":54,"column":6},"end":{"line":54,"column":76}},"29":{"start":{"line":58,"column":25},"end":{"line":60,"column":14}},"30":{"start":{"line":62,"column":28},"end":{"line":62,"column":32}},"31":{"start":{"line":64,"column":4},"end":{"line":73,"column":5}},"32":{"start":{"line":65,"column":28},"end":{"line":71,"column":16}},"33":{"start":{"line":72,"column":6},"end":{"line":72,"column":43}},"34":{"start":{"line":75,"column":4},"end":{"line":75,"column":33}},"35":{"start":{"line":77,"column":4},"end":{"line":88,"column":7}},"36":{"start":{"line":91,"column":4},"end":{"line":91,"column":35}},"37":{"start":{"line":92,"column":4},"end":{"line":92,"column":47}},"38":{"start":{"line":93,"column":4},"end":{"line":97,"column":5}},"39":{"start":{"line":94,"column":6},"end":{"line":94,"column":127}},"40":{"start":{"line":94,"column":53},"end":{"line":94,"column":127}},"41":{"start":{"line":95,"column":6},"end":{"line":95,"column":125}},"42":{"start":{"line":95,"column":55},"end":{"line":95,"column":125}},"43":{"start":{"line":96,"column":6},"end":{"line":96,"column":67}},"44":{"start":{"line":98,"column":4},"end":{"line":98,"column":68}},"45":{"start":{"line":100,"column":4},"end":{"line":100,"column":21}},"46":{"start":{"line":104,"column":0},"end":{"line":151,"column":2}},"47":{"start":{"line":105,"column":27},"end":{"line":105,"column":35}},"48":{"start":{"line":107,"column":2},"end":{"line":109,"column":3}},"49":{"start":{"line":108,"column":4},"end":{"line":108,"column":79}},"50":{"start":{"line":111,"column":2},"end":{"line":150,"column":3}},"51":{"start":{"line":112,"column":21},"end":{"line":112,"column":54}},"52":{"start":{"line":113,"column":4},"end":{"line":113,"column":84}},"53":{"start":{"line":113,"column":19},"end":{"line":113,"column":84}},"54":{"start":{"line":115,"column":25},"end":{"line":115,"column":73}},"55":{"start":{"line":116,"column":4},"end":{"line":116,"column":88}},"56":{"start":{"line":116,"column":23},"end":{"line":116,"column":88}},"57":{"start":{"line":118,"column":28},"end":{"line":118,"column":32}},"58":{"start":{"line":119,"column":34},"end":{"line":119,"column":38}},"59":{"start":{"line":121,"column":4},"end":{"line":132,"column":5}},"60":{"start":{"line":122,"column":29},"end":{"line":122,"column":93}},"61":{"start":{"line":123,"column":27},"end":{"line":123,"column":87}},"62":{"start":{"line":125,"column":6},"end":{"line":131,"column":7}},"63":{"start":{"line":126,"column":8},"end":{"line":126,"column":52}},"64":{"start":{"line":128,"column":8},"end":{"line":128,"column":88}},"65":{"start":{"line":130,"column":8},"end":{"line":130,"column":102}},"66":{"start":{"line":134,"column":4},"end":{"line":145,"column":7}},"67":{"start":{"line":148,"column":4},"end":{"line":148,"column":49}},"68":{"start":{"line":149,"column":4},"end":{"line":149,"column":68}},"69":{"start":{"line":153,"column":0},"end":{"line":189,"column":2}},"70":{"start":{"line":154,"column":53},"end":{"line":154,"column":61}},"71":{"start":{"line":156,"column":4},"end":{"line":158,"column":5}},"72":{"start":{"line":157,"column":8},"end":{"line":157,"column":76}},"73":{"start":{"line":160,"column":4},"end":{"line":162,"column":5}},"74":{"start":{"line":161,"column":8},"end":{"line":161,"column":99}},"75":{"start":{"line":164,"column":4},"end":{"line":188,"column":5}},"76":{"start":{"line":165,"column":25},"end":{"line":165,"column":58}},"77":{"start":{"line":166,"column":8},"end":{"line":168,"column":9}},"78":{"start":{"line":167,"column":12},"end":{"line":167,"column":78}},"79":{"start":{"line":170,"column":8},"end":{"line":172,"column":9}},"80":{"start":{"line":171,"column":12},"end":{"line":171,"column":112}},"81":{"start":{"line":175,"column":38},"end":{"line":175,"column":89}},"82":{"start":{"line":177,"column":8},"end":{"line":179,"column":9}},"83":{"start":{"line":178,"column":12},"end":{"line":178,"column":86}},"84":{"start":{"line":181,"column":8},"end":{"line":181,"column":63}},"85":{"start":{"line":183,"column":8},"end":{"line":183,"column":102}},"86":{"start":{"line":186,"column":8},"end":{"line":186,"column":62}},"87":{"start":{"line":187,"column":8},"end":{"line":187,"column":76}}},"fnMap":{"0":{"name":"(anonymous_0)","decl":{"start":{"line":7,"column":22},"end":{"line":7,"column":23}},"loc":{"start":{"line":7,"column":30},"end":{"line":9,"column":1}},"line":7},"1":{"name":"checkQuestionariosConcluidos","decl":{"start":{"line":12,"column":15},"end":{"line":12,"column":43}},"loc":{"start":{"line":12,"column":57},"end":{"line":16,"column":1}},"line":12},"2":{"name":"(anonymous_2)","decl":{"start":{"line":18,"column":19},"end":{"line":18,"column":20}},"loc":{"start":{"line":18,"column":39},"end":{"line":102,"column":1}},"line":18},"3":{"name":"(anonymous_3)","decl":{"start":{"line":104,"column":16},"end":{"line":104,"column":17}},"loc":{"start":{"line":104,"column":36},"end":{"line":151,"column":1}},"line":104},"4":{"name":"(anonymous_4)","decl":{"start":{"line":153,"column":26},"end":{"line":153,"column":27}},"loc":{"start":{"line":153,"column":46},"end":{"line":189,"column":1}},"line":153}},"branchMap":{"0":{"loc":{"start":{"line":23,"column":2},"end":{"line":25,"column":3}},"type":"if","locations":[{"start":{"line":23,"column":2},"end":{"line":25,"column":3}},{"start":{},"end":{}}],"line":23},"1":{"loc":{"start":{"line":23,"column":6},"end":{"line":23,"column":76}},"type":"binary-expr","locations":[{"start":{"line":23,"column":6},"end":{"line":23,"column":11}},{"start":{"line":23,"column":15},"end":{"line":23,"column":21}},{"start":{"line":23,"column":25},"end":{"line":23,"column":31}},{"start":{"line":23,"column":35},"end":{"line":23,"column":39}},{"start":{"line":23,"column":43},"end":{"line":23,"column":59}},{"start":{"line":23,"column":63},"end":{"line":23,"column":76}}],"line":23},"2":{"loc":{"start":{"line":28,"column":2},"end":{"line":30,"column":3}},"type":"if","locations":[{"start":{"line":28,"column":2},"end":{"line":30,"column":3}},{"start":{},"end":{}}],"line":28},"3":{"loc":{"start":{"line":28,"column":6},"end":{"line":28,"column":63}},"type":"binary-expr","locations":[{"start":{"line":28,"column":6},"end":{"line":28,"column":24}},{"start":{"line":28,"column":28},"end":{"line":28,"column":63}}],"line":28},"4":{"loc":{"start":{"line":33,"column":2},"end":{"line":35,"column":3}},"type":"if","locations":[{"start":{"line":33,"column":2},"end":{"line":35,"column":3}},{"start":{},"end":{}}],"line":33},"5":{"loc":{"start":{"line":38,"column":2},"end":{"line":42,"column":3}},"type":"if","locations":[{"start":{"line":38,"column":2},"end":{"line":42,"column":3}},{"start":{},"end":{}}],"line":38},"6":{"loc":{"start":{"line":39,"column":6},"end":{"line":41,"column":7}},"type":"if","locations":[{"start":{"line":39,"column":6},"end":{"line":41,"column":7}},{"start":{},"end":{}}],"line":39},"7":{"loc":{"start":{"line":39,"column":10},"end":{"line":39,"column":46}},"type":"binary-expr","locations":[{"start":{"line":39,"column":10},"end":{"line":39,"column":24}},{"start":{"line":39,"column":28},"end":{"line":39,"column":46}}],"line":39},"8":{"loc":{"start":{"line":51,"column":4},"end":{"line":55,"column":5}},"type":"if","locations":[{"start":{"line":51,"column":4},"end":{"line":55,"column":5}},{"start":{},"end":{}}],"line":51},"9":{"loc":{"start":{"line":64,"column":4},"end":{"line":73,"column":5}},"type":"if","locations":[{"start":{"line":64,"column":4},"end":{"line":73,"column":5}},{"start":{},"end":{}}],"line":64},"10":{"loc":{"start":{"line":93,"column":4},"end":{"line":97,"column":5}},"type":"if","locations":[{"start":{"line":93,"column":4},"end":{"line":97,"column":5}},{"start":{},"end":{}}],"line":93},"11":{"loc":{"start":{"line":94,"column":6},"end":{"line":94,"column":127}},"type":"if","locations":[{"start":{"line":94,"column":6},"end":{"line":94,"column":127}},{"start":{},"end":{}}],"line":94},"12":{"loc":{"start":{"line":95,"column":6},"end":{"line":95,"column":125}},"type":"if","locations":[{"start":{"line":95,"column":6},"end":{"line":95,"column":125}},{"start":{},"end":{}}],"line":95},"13":{"loc":{"start":{"line":107,"column":2},"end":{"line":109,"column":3}},"type":"if","locations":[{"start":{"line":107,"column":2},"end":{"line":109,"column":3}},{"start":{},"end":{}}],"line":107},"14":{"loc":{"start":{"line":107,"column":6},"end":{"line":107,"column":22}},"type":"binary-expr","locations":[{"start":{"line":107,"column":6},"end":{"line":107,"column":12}},{"start":{"line":107,"column":16},"end":{"line":107,"column":22}}],"line":107},"15":{"loc":{"start":{"line":113,"column":4},"end":{"line":113,"column":84}},"type":"if","locations":[{"start":{"line":113,"column":4},"end":{"line":113,"column":84}},{"start":{},"end":{}}],"line":113},"16":{"loc":{"start":{"line":116,"column":4},"end":{"line":116,"column":88}},"type":"if","locations":[{"start":{"line":116,"column":4},"end":{"line":116,"column":88}},{"start":{},"end":{}}],"line":116},"17":{"loc":{"start":{"line":121,"column":4},"end":{"line":132,"column":5}},"type":"if","locations":[{"start":{"line":121,"column":4},"end":{"line":132,"column":5}},{"start":{},"end":{}}],"line":121},"18":{"loc":{"start":{"line":125,"column":6},"end":{"line":131,"column":7}},"type":"if","locations":[{"start":{"line":125,"column":6},"end":{"line":131,"column":7}},{"start":{"line":129,"column":13},"end":{"line":131,"column":7}}],"line":125},"19":{"loc":{"start":{"line":156,"column":4},"end":{"line":158,"column":5}},"type":"if","locations":[{"start":{"line":156,"column":4},"end":{"line":158,"column":5}},{"start":{},"end":{}}],"line":156},"20":{"loc":{"start":{"line":156,"column":8},"end":{"line":156,"column":51}},"type":"binary-expr","locations":[{"start":{"line":156,"column":8},"end":{"line":156,"column":14}},{"start":{"line":156,"column":18},"end":{"line":156,"column":36}},{"start":{"line":156,"column":40},"end":{"line":156,"column":51}}],"line":156},"21":{"loc":{"start":{"line":160,"column":4},"end":{"line":162,"column":5}},"type":"if","locations":[{"start":{"line":160,"column":4},"end":{"line":162,"column":5}},{"start":{},"end":{}}],"line":160},"22":{"loc":{"start":{"line":166,"column":8},"end":{"line":168,"column":9}},"type":"if","locations":[{"start":{"line":166,"column":8},"end":{"line":168,"column":9}},{"start":{},"end":{}}],"line":166},"23":{"loc":{"start":{"line":170,"column":8},"end":{"line":172,"column":9}},"type":"if","locations":[{"start":{"line":170,"column":8},"end":{"line":172,"column":9}},{"start":{},"end":{}}],"line":170},"24":{"loc":{"start":{"line":177,"column":8},"end":{"line":179,"column":9}},"type":"if","locations":[{"start":{"line":177,"column":8},"end":{"line":179,"column":9}},{"start":{},"end":{}}],"line":177}},"s":{"0":6,"1":6,"2":6,"3":6,"4":6,"5":6,"6":7,"7":1,"8":1,"9":1,"10":6,"11":3,"12":3,"13":1,"14":2,"15":0,"16":2,"17":1,"18":1,"19":1,"20":0,"21":1,"22":1,"23":1,"24":1,"25":1,"26":0,"27":0,"28":0,"29":1,"30":1,"31":1,"32":1,"33":1,"34":1,"35":1,"36":0,"37":0,"38":0,"39":0,"40":0,"41":0,"42":0,"43":0,"44":0,"45":1,"46":6,"47":8,"48":8,"49":0,"50":8,"51":8,"52":8,"53":1,"54":7,"55":7,"56":1,"57":6,"58":6,"59":6,"60":1,"61":1,"62":1,"63":1,"64":1,"65":0,"66":6,"67":0,"68":0,"69":6,"70":0,"71":0,"72":0,"73":0,"74":0,"75":0,"76":0,"77":0,"78":0,"79":0,"80":0,"81":0,"82":0,"83":0,"84":0,"85":0,"86":0,"87":0},"f":{"0":7,"1":1,"2":3,"3":8,"4":0},"b":{"0":[1,2],"1":[3,3,2,2,2,2],"2":[0,2],"3":[2,2],"4":[1,1],"5":[1,0],"6":[0,1],"7":[1,1],"8":[0,1],"9":[1,0],"10":[0,0],"11":[0,0],"12":[0,0],"13":[0,8],"14":[8,8],"15":[1,7],"16":[1,6],"17":[1,5],"18":[1,0],"19":[0,0],"20":[0,0,0],"21":[0,0],"22":[0,0],"23":[0,0],"24":[0,0]},"_coverageSchema":"1a1c01bbd47fc00a2c39e90264f33305004495a9","hash":"4a8dcbb728f208aa2cc6369eb7389d23091e9f75"}
,"C:\\Users\\caiol\\OneDrive\\Área de Trabalho\\ProjetoTCC\\Aplicativo_TCC_TEA\\backend\\src\\api\\controllers\\cuidadorController.js": {"path":"C:\\Users\\caiol\\OneDrive\\Área de Trabalho\\ProjetoTCC\\Aplicativo_TCC_TEA\\backend\\src\\api\\controllers\\cuidadorController.js","statementMap":{"0":{"start":{"line":1,"column":17},"end":{"line":1,"column":46}},"1":{"start":{"line":3,"column":0},"end":{"line":5,"column":2}},"2":{"start":{"line":4,"column":2},"end":{"line":4,"column":37}},"3":{"start":{"line":7,"column":0},"end":{"line":29,"column":2}},"4":{"start":{"line":8,"column":21},"end":{"line":8,"column":36}},"5":{"start":{"line":9,"column":48},"end":{"line":9,"column":56}},"6":{"start":{"line":11,"column":2},"end":{"line":28,"column":3}},"7":{"start":{"line":13,"column":4},"end":{"line":15,"column":5}},"8":{"start":{"line":14,"column":6},"end":{"line":14,"column":82}},"9":{"start":{"line":17,"column":31},"end":{"line":17,"column":103}},"10":{"start":{"line":18,"column":4},"end":{"line":21,"column":7}},"11":{"start":{"line":23,"column":4},"end":{"line":23,"column":54}},"12":{"start":{"line":24,"column":4},"end":{"line":26,"column":5}},"13":{"start":{"line":25,"column":6},"end":{"line":25,"column":106}},"14":{"start":{"line":27,"column":4},"end":{"line":27,"column":68}}},"fnMap":{"0":{"name":"(anonymous_0)","decl":{"start":{"line":3,"column":20},"end":{"line":3,"column":21}},"loc":{"start":{"line":3,"column":34},"end":{"line":5,"column":1}},"line":3},"1":{"name":"(anonymous_1)","decl":{"start":{"line":7,"column":23},"end":{"line":7,"column":24}},"loc":{"start":{"line":7,"column":43},"end":{"line":29,"column":1}},"line":7}},"branchMap":{"0":{"loc":{"start":{"line":13,"column":4},"end":{"line":15,"column":5}},"type":"if","locations":[{"start":{"line":13,"column":4},"end":{"line":15,"column":5}},{"start":{},"end":{}}],"line":13},"1":{"loc":{"start":{"line":13,"column":8},"end":{"line":13,"column":51}},"type":"binary-expr","locations":[{"start":{"line":13,"column":8},"end":{"line":13,"column":13}},{"start":{"line":13,"column":17},"end":{"line":13,"column":23}},{"start":{"line":13,"column":27},"end":{"line":13,"column":31}},{"start":{"line":13,"column":35},"end":{"line":13,"column":51}}],"line":13},"2":{"loc":{"start":{"line":24,"column":4},"end":{"line":26,"column":5}},"type":"if","locations":[{"start":{"line":24,"column":4},"end":{"line":26,"column":5}},{"start":{},"end":{}}],"line":24}},"s":{"0":6,"1":6,"2":1,"3":6,"4":3,"5":3,"6":3,"7":3,"8":1,"9":2,"10":1,"11":1,"12":1,"13":1,"14":0},"f":{"0":1,"1":3},"b":{"0":[1,2],"1":[3,3,2,2],"2":[1,0]},"_coverageSchema":"1a1c01bbd47fc00a2c39e90264f33305004495a9","hash":"b40099e0fbdd985d6cd46573e22779d5597f2647"}
,"C:\\Users\\caiol\\OneDrive\\Área de Trabalho\\ProjetoTCC\\Aplicativo_TCC_TEA\\backend\\src\\api\\controllers\\questionarioController.js": {"path":"C:\\Users\\caiol\\OneDrive\\Área de Trabalho\\ProjetoTCC\\Aplicativo_TCC_TEA\\backend\\src\\api\\controllers\\questionarioController.js","statementMap":{"0":{"start":{"line":1,"column":21},"end":{"line":1,"column":54}},"1":{"start":{"line":2,"column":17},"end":{"line":2,"column":46}},"2":{"start":{"line":3,"column":53},"end":{"line":3,"column":111}},"3":{"start":{"line":7,"column":0},"end":{"line":15,"column":2}},"4":{"start":{"line":8,"column":2},"end":{"line":14,"column":3}},"5":{"start":{"line":9,"column":20},"end":{"line":9,"column":52}},"6":{"start":{"line":10,"column":4},"end":{"line":10,"column":34}},"7":{"start":{"line":12,"column":4},"end":{"line":12,"column":69}},"8":{"start":{"line":13,"column":4},"end":{"line":13,"column":68}},"9":{"start":{"line":18,"column":0},"end":{"line":32,"column":2}},"10":{"start":{"line":19,"column":2},"end":{"line":31,"column":3}},"11":{"start":{"line":20,"column":19},"end":{"line":20,"column":29}},"12":{"start":{"line":21,"column":31},"end":{"line":21,"column":76}},"13":{"start":{"line":23,"column":4},"end":{"line":25,"column":5}},"14":{"start":{"line":24,"column":6},"end":{"line":24,"column":87}},"15":{"start":{"line":27,"column":4},"end":{"line":27,"column":45}},"16":{"start":{"line":29,"column":4},"end":{"line":29,"column":60}},"17":{"start":{"line":30,"column":4},"end":{"line":30,"column":68}},"18":{"start":{"line":35,"column":0},"end":{"line":70,"column":2}},"19":{"start":{"line":36,"column":26},"end":{"line":36,"column":36}},"20":{"start":{"line":37,"column":21},"end":{"line":37,"column":36}},"21":{"start":{"line":38,"column":48},"end":{"line":38,"column":56}},"22":{"start":{"line":40,"column":2},"end":{"line":42,"column":3}},"23":{"start":{"line":41,"column":4},"end":{"line":41,"column":75}},"24":{"start":{"line":44,"column":2},"end":{"line":69,"column":3}},"25":{"start":{"line":46,"column":45},"end":{"line":50,"column":6}},"26":{"start":{"line":53,"column":32},"end":{"line":57,"column":7}},"27":{"start":{"line":53,"column":52},"end":{"line":57,"column":5}},"28":{"start":{"line":60,"column":4},"end":{"line":60,"column":51}},"29":{"start":{"line":62,"column":4},"end":{"line":63,"column":99}},"30":{"start":{"line":63,"column":20},"end":{"line":63,"column":97}},"31":{"start":{"line":65,"column":4},"end":{"line":65,"column":71}},"32":{"start":{"line":67,"column":4},"end":{"line":67,"column":54}},"33":{"start":{"line":68,"column":4},"end":{"line":68,"column":68}}},"fnMap":{"0":{"name":"(anonymous_0)","decl":{"start":{"line":7,"column":21},"end":{"line":7,"column":22}},"loc":{"start":{"line":7,"column":41},"end":{"line":15,"column":1}},"line":7},"1":{"name":"(anonymous_1)","decl":{"start":{"line":18,"column":28},"end":{"line":18,"column":29}},"loc":{"start":{"line":18,"column":48},"end":{"line":32,"column":1}},"line":18},"2":{"name":"(anonymous_2)","decl":{"start":{"line":35,"column":26},"end":{"line":35,"column":27}},"loc":{"start":{"line":35,"column":46},"end":{"line":70,"column":1}},"line":35},"3":{"name":"(anonymous_3)","decl":{"start":{"line":53,"column":46},"end":{"line":53,"column":47}},"loc":{"start":{"line":53,"column":52},"end":{"line":57,"column":5}},"line":53},"4":{"name":"(anonymous_4)","decl":{"start":{"line":63,"column":13},"end":{"line":63,"column":14}},"loc":{"start":{"line":63,"column":20},"end":{"line":63,"column":97}},"line":63}},"branchMap":{"0":{"loc":{"start":{"line":23,"column":4},"end":{"line":25,"column":5}},"type":"if","locations":[{"start":{"line":23,"column":4},"end":{"line":25,"column":5}},{"start":{},"end":{}}],"line":23},"1":{"loc":{"start":{"line":40,"column":2},"end":{"line":42,"column":3}},"type":"if","locations":[{"start":{"line":40,"column":2},"end":{"line":42,"column":3}},{"start":{},"end":{}}],"line":40},"2":{"loc":{"start":{"line":40,"column":6},"end":{"line":40,"column":98}},"type":"binary-expr","locations":[{"start":{"line":40,"column":6},"end":{"line":40,"column":29}},{"start":{"line":40,"column":33},"end":{"line":40,"column":43}},{"start":{"line":40,"column":47},"end":{"line":40,"column":72}},{"start":{"line":40,"column":76},"end":{"line":40,"column":98}}],"line":40}},"s":{"0":6,"1":6,"2":6,"3":6,"4":0,"5":0,"6":0,"7":0,"8":0,"9":6,"10":0,"11":0,"12":0,"13":0,"14":0,"15":0,"16":0,"17":0,"18":6,"19":1,"20":1,"21":1,"22":1,"23":0,"24":1,"25":1,"26":1,"27":1,"28":1,"29":1,"30":0,"31":1,"32":0,"33":0},"f":{"0":0,"1":0,"2":1,"3":1,"4":0},"b":{"0":[0,0],"1":[0,1],"2":[1,1,1,1]},"_coverageSchema":"1a1c01bbd47fc00a2c39e90264f33305004495a9","hash":"1d7dc7ed6f1711a659623be40012769e284b159e"}
,"C:\\Users\\caiol\\OneDrive\\Área de Trabalho\\ProjetoTCC\\Aplicativo_TCC_TEA\\backend\\src\\api\\controllers\\relatorioController.js": {"path":"C:\\Users\\caiol\\OneDrive\\Área de Trabalho\\ProjetoTCC\\Aplicativo_TCC_TEA\\backend\\src\\api\\controllers\\relatorioController.js","statementMap":{"0":{"start":{"line":1,"column":11},"end":{"line":1,"column":37}},"1":{"start":{"line":2,"column":18},"end":{"line":2,"column":48}},"2":{"start":{"line":4,"column":0},"end":{"line":90,"column":2}},"3":{"start":{"line":5,"column":28},"end":{"line":5,"column":38}},"4":{"start":{"line":6,"column":23},"end":{"line":6,"column":38}},"5":{"start":{"line":8,"column":4},"end":{"line":89,"column":5}},"6":{"start":{"line":10,"column":26},"end":{"line":10,"column":88}},"7":{"start":{"line":11,"column":8},"end":{"line":13,"column":9}},"8":{"start":{"line":12,"column":12},"end":{"line":12,"column":80}},"9":{"start":{"line":16,"column":35},"end":{"line":28,"column":9}},"10":{"start":{"line":31,"column":31},"end":{"line":46,"column":9}},"11":{"start":{"line":48,"column":49},"end":{"line":51,"column":10}},"12":{"start":{"line":54,"column":34},"end":{"line":54,"column":36}},"13":{"start":{"line":55,"column":26},"end":{"line":55,"column":35}},"14":{"start":{"line":57,"column":8},"end":{"line":71,"column":11}},"15":{"start":{"line":58,"column":12},"end":{"line":65,"column":13}},"16":{"start":{"line":59,"column":16},"end":{"line":63,"column":19}},"17":{"start":{"line":64,"column":16},"end":{"line":64,"column":68}},"18":{"start":{"line":66,"column":12},"end":{"line":70,"column":15}},"19":{"start":{"line":73,"column":26},"end":{"line":82,"column":9}},"20":{"start":{"line":84,"column":8},"end":{"line":84,"column":40}},"21":{"start":{"line":87,"column":8},"end":{"line":87,"column":57}},"22":{"start":{"line":88,"column":8},"end":{"line":88,"column":76}}},"fnMap":{"0":{"name":"(anonymous_0)","decl":{"start":{"line":4,"column":30},"end":{"line":4,"column":31}},"loc":{"start":{"line":4,"column":50},"end":{"line":90,"column":1}},"line":4},"1":{"name":"(anonymous_1)","decl":{"start":{"line":57,"column":34},"end":{"line":57,"column":35}},"loc":{"start":{"line":57,"column":41},"end":{"line":71,"column":9}},"line":57}},"branchMap":{"0":{"loc":{"start":{"line":11,"column":8},"end":{"line":13,"column":9}},"type":"if","locations":[{"start":{"line":11,"column":8},"end":{"line":13,"column":9}},{"start":{},"end":{}}],"line":11},"1":{"loc":{"start":{"line":58,"column":12},"end":{"line":65,"column":13}},"type":"if","locations":[{"start":{"line":58,"column":12},"end":{"line":65,"column":13}},{"start":{},"end":{}}],"line":58},"2":{"loc":{"start":{"line":67,"column":26},"end":{"line":67,"column":131}},"type":"cond-expr","locations":[{"start":{"line":67,"column":46},"end":{"line":67,"column":107}},{"start":{"line":67,"column":110},"end":{"line":67,"column":131}}],"line":67},"3":{"loc":{"start":{"line":67,"column":71},"end":{"line":67,"column":104}},"type":"binary-expr","locations":[{"start":{"line":67,"column":71},"end":{"line":67,"column":91}},{"start":{"line":67,"column":95},"end":{"line":67,"column":104}}],"line":67}},"s":{"0":6,"1":6,"2":6,"3":2,"4":2,"5":2,"6":2,"7":2,"8":1,"9":1,"10":1,"11":1,"12":1,"13":1,"14":1,"15":1,"16":1,"17":1,"18":1,"19":1,"20":1,"21":0,"22":0},"f":{"0":2,"1":1},"b":{"0":[1,1],"1":[1,0],"2":[1,0],"3":[1,0]},"_coverageSchema":"1a1c01bbd47fc00a2c39e90264f33305004495a9","hash":"61004a1c81a5ec9e5d7f66dcbb87a96f8395b7b7"}
,"C:\\Users\\caiol\\OneDrive\\Área de Trabalho\\ProjetoTCC\\Aplicativo_TCC_TEA\\backend\\src\\api\\controllers\\sugestaoController.js": {"path":"C:\\Users\\caiol\\OneDrive\\Área de Trabalho\\ProjetoTCC\\Aplicativo_TCC_TEA\\backend\\src\\api\\controllers\\sugestaoController.js","statementMap":{"0":{"start":{"line":1,"column":24},"end":{"line":1,"column":65}},"1":{"start":{"line":2,"column":18},"end":{"line":2,"column":48}},"2":{"start":{"line":4,"column":0},"end":{"line":43,"column":2}},"3":{"start":{"line":5,"column":42},"end":{"line":5,"column":52}},"4":{"start":{"line":6,"column":23},"end":{"line":6,"column":38}},"5":{"start":{"line":8,"column":29},"end":{"line":8,"column":76}},"6":{"start":{"line":9,"column":4},"end":{"line":11,"column":5}},"7":{"start":{"line":10,"column":8},"end":{"line":10,"column":77}},"8":{"start":{"line":13,"column":4},"end":{"line":42,"column":5}},"9":{"start":{"line":15,"column":26},"end":{"line":15,"column":88}},"10":{"start":{"line":16,"column":8},"end":{"line":18,"column":9}},"11":{"start":{"line":17,"column":12},"end":{"line":17,"column":112}},"12":{"start":{"line":21,"column":23},"end":{"line":21,"column":94}},"13":{"start":{"line":24,"column":8},"end":{"line":29,"column":9}},"14":{"start":{"line":25,"column":12},"end":{"line":25,"column":114}},"15":{"start":{"line":26,"column":12},"end":{"line":26,"column":93}},"16":{"start":{"line":28,"column":12},"end":{"line":28,"column":101}},"17":{"start":{"line":32,"column":8},"end":{"line":34,"column":9}},"18":{"start":{"line":33,"column":12},"end":{"line":33,"column":118}},"19":{"start":{"line":37,"column":8},"end":{"line":37,"column":39}},"20":{"start":{"line":40,"column":8},"end":{"line":40,"column":76}},"21":{"start":{"line":41,"column":8},"end":{"line":41,"column":87}},"22":{"start":{"line":45,"column":0},"end":{"line":88,"column":2}},"23":{"start":{"line":46,"column":42},"end":{"line":46,"column":52}},"24":{"start":{"line":47,"column":23},"end":{"line":47,"column":38}},"25":{"start":{"line":48,"column":25},"end":{"line":48,"column":33}},"26":{"start":{"line":51,"column":4},"end":{"line":53,"column":5}},"27":{"start":{"line":52,"column":8},"end":{"line":52,"column":88}},"28":{"start":{"line":54,"column":4},"end":{"line":56,"column":5}},"29":{"start":{"line":54,"column":30},"end":{"line":54,"column":66}},"30":{"start":{"line":55,"column":9},"end":{"line":55,"column":110}},"31":{"start":{"line":57,"column":29},"end":{"line":57,"column":76}},"32":{"start":{"line":58,"column":4},"end":{"line":60,"column":5}},"33":{"start":{"line":59,"column":8},"end":{"line":59,"column":77}},"34":{"start":{"line":62,"column":4},"end":{"line":87,"column":5}},"35":{"start":{"line":64,"column":26},"end":{"line":64,"column":88}},"36":{"start":{"line":65,"column":8},"end":{"line":67,"column":9}},"37":{"start":{"line":66,"column":12},"end":{"line":66,"column":112}},"38":{"start":{"line":70,"column":29},"end":{"line":74,"column":9}},"39":{"start":{"line":76,"column":8},"end":{"line":79,"column":9}},"40":{"start":{"line":77,"column":13},"end":{"line":77,"column":123}},"41":{"start":{"line":78,"column":12},"end":{"line":78,"column":112}},"42":{"start":{"line":82,"column":8},"end":{"line":82,"column":43}},"43":{"start":{"line":85,"column":8},"end":{"line":85,"column":82}},"44":{"start":{"line":86,"column":8},"end":{"line":86,"column":91}}},"fnMap":{"0":{"name":"(anonymous_0)","decl":{"start":{"line":4,"column":34},"end":{"line":4,"column":35}},"loc":{"start":{"line":4,"column":54},"end":{"line":43,"column":1}},"line":4},"1":{"name":"(anonymous_1)","decl":{"start":{"line":45,"column":40},"end":{"line":45,"column":41}},"loc":{"start":{"line":45,"column":60},"end":{"line":88,"column":1}},"line":45},"2":{"name":"(anonymous_2)","decl":{"start":{"line":54,"column":22},"end":{"line":54,"column":23}},"loc":{"start":{"line":54,"column":30},"end":{"line":54,"column":66}},"line":54}},"branchMap":{"0":{"loc":{"start":{"line":9,"column":4},"end":{"line":11,"column":5}},"type":"if","locations":[{"start":{"line":9,"column":4},"end":{"line":11,"column":5}},{"start":{},"end":{}}],"line":9},"1":{"loc":{"start":{"line":16,"column":8},"end":{"line":18,"column":9}},"type":"if","locations":[{"start":{"line":16,"column":8},"end":{"line":18,"column":9}},{"start":{},"end":{}}],"line":16},"2":{"loc":{"start":{"line":24,"column":8},"end":{"line":29,"column":9}},"type":"if","locations":[{"start":{"line":24,"column":8},"end":{"line":29,"column":9}},{"start":{"line":27,"column":15},"end":{"line":29,"column":9}}],"line":24},"3":{"loc":{"start":{"line":32,"column":8},"end":{"line":34,"column":9}},"type":"if","locations":[{"start":{"line":32,"column":8},"end":{"line":34,"column":9}},{"start":{},"end":{}}],"line":32},"4":{"loc":{"start":{"line":51,"column":4},"end":{"line":53,"column":5}},"type":"if","locations":[{"start":{"line":51,"column":4},"end":{"line":53,"column":5}},{"start":{},"end":{}}],"line":51},"5":{"loc":{"start":{"line":54,"column":4},"end":{"line":56,"column":5}},"type":"if","locations":[{"start":{"line":54,"column":4},"end":{"line":56,"column":5}},{"start":{},"end":{}}],"line":54},"6":{"loc":{"start":{"line":54,"column":30},"end":{"line":54,"column":66}},"type":"binary-expr","locations":[{"start":{"line":54,"column":30},"end":{"line":54,"column":50}},{"start":{"line":54,"column":54},"end":{"line":54,"column":66}}],"line":54},"7":{"loc":{"start":{"line":58,"column":4},"end":{"line":60,"column":5}},"type":"if","locations":[{"start":{"line":58,"column":4},"end":{"line":60,"column":5}},{"start":{},"end":{}}],"line":58},"8":{"loc":{"start":{"line":65,"column":8},"end":{"line":67,"column":9}},"type":"if","locations":[{"start":{"line":65,"column":8},"end":{"line":67,"column":9}},{"start":{},"end":{}}],"line":65},"9":{"loc":{"start":{"line":76,"column":8},"end":{"line":79,"column":9}},"type":"if","locations":[{"start":{"line":76,"column":8},"end":{"line":79,"column":9}},{"start":{},"end":{}}],"line":76}},"s":{"0":6,"1":6,"2":6,"3":3,"4":3,"5":3,"6":3,"7":1,"8":2,"9":2,"10":2,"11":1,"12":1,"13":1,"14":1,"15":1,"16":0,"17":1,"18":0,"19":1,"20":0,"21":0,"22":6,"23":0,"24":0,"25":0,"26":0,"27":0,"28":0,"29":0,"30":0,"31":0,"32":0,"33":0,"34":0,"35":0,"36":0,"37":0,"38":0,"39":0,"40":0,"41":0,"42":0,"43":0,"44":0},"f":{"0":3,"1":0,"2":0},"b":{"0":[1,2],"1":[1,1],"2":[1,0],"3":[0,1],"4":[0,0],"5":[0,0],"6":[0,0],"7":[0,0],"8":[0,0],"9":[0,0]},"_coverageSchema":"1a1c01bbd47fc00a2c39e90264f33305004495a9","hash":"3e1a2fc0176e399ca3f0c7f8cd3ee881716403b9"}
,"C:\\Users\\caiol\\OneDrive\\Área de Trabalho\\ProjetoTCC\\Aplicativo_TCC_TEA\\backend\\src\\api\\middlewares\\authMiddleware.js": {"path":"C:\\Users\\caiol\\OneDrive\\Área de Trabalho\\ProjetoTCC\\Aplicativo_TCC_TEA\\backend\\src\\api\\middlewares\\authMiddleware.js","statementMap":{"0":{"start":{"line":1,"column":12},"end":{"line":1,"column":35}},"1":{"start":{"line":2,"column":17},"end":{"line":2,"column":46}},"2":{"start":{"line":4,"column":0},"end":{"line":32,"column":2}},"3":{"start":{"line":8,"column":2},"end":{"line":27,"column":3}},"4":{"start":{"line":9,"column":4},"end":{"line":26,"column":5}},"5":{"start":{"line":10,"column":6},"end":{"line":10,"column":54}},"6":{"start":{"line":13,"column":22},"end":{"line":13,"column":63}},"7":{"start":{"line":16,"column":6},"end":{"line":16,"column":57}},"8":{"start":{"line":18,"column":6},"end":{"line":20,"column":7}},"9":{"start":{"line":19,"column":8},"end":{"line":19,"column":90}},"10":{"start":{"line":22,"column":6},"end":{"line":22,"column":13}},"11":{"start":{"line":24,"column":6},"end":{"line":24,"column":27}},"12":{"start":{"line":25,"column":6},"end":{"line":25,"column":80}},"13":{"start":{"line":29,"column":2},"end":{"line":31,"column":3}},"14":{"start":{"line":30,"column":4},"end":{"line":30,"column":73}}},"fnMap":{"0":{"name":"(anonymous_0)","decl":{"start":{"line":4,"column":18},"end":{"line":4,"column":19}},"loc":{"start":{"line":4,"column":44},"end":{"line":32,"column":1}},"line":4}},"branchMap":{"0":{"loc":{"start":{"line":8,"column":2},"end":{"line":27,"column":3}},"type":"if","locations":[{"start":{"line":8,"column":2},"end":{"line":27,"column":3}},{"start":{},"end":{}}],"line":8},"1":{"loc":{"start":{"line":8,"column":6},"end":{"line":8,"column":81}},"type":"binary-expr","locations":[{"start":{"line":8,"column":6},"end":{"line":8,"column":31}},{"start":{"line":8,"column":35},"end":{"line":8,"column":81}}],"line":8},"2":{"loc":{"start":{"line":18,"column":6},"end":{"line":20,"column":7}},"type":"if","locations":[{"start":{"line":18,"column":6},"end":{"line":20,"column":7}},{"start":{},"end":{}}],"line":18},"3":{"loc":{"start":{"line":29,"column":2},"end":{"line":31,"column":3}},"type":"if","locations":[{"start":{"line":29,"column":2},"end":{"line":31,"column":3}},{"start":{},"end":{}}],"line":29}},"s":{"0":6,"1":6,"2":6,"3":18,"4":18,"5":18,"6":18,"7":18,"8":18,"9":0,"10":18,"11":0,"12":0,"13":18,"14":0},"f":{"0":18},"b":{"0":[18,0],"1":[18,18],"2":[0,18],"3":[0,18]},"_coverageSchema":"1a1c01bbd47fc00a2c39e90264f33305004495a9","hash":"2c9325784928e9793e301d944fe01b999d469597"}
,"C:\\Users\\caiol\\OneDrive\\Área de Trabalho\\ProjetoTCC\\Aplicativo_TCC_TEA\\backend\\src\\api\\models\\AlimentoSeguro.js": {"path":"C:\\Users\\caiol\\OneDrive\\Área de Trabalho\\ProjetoTCC\\Aplicativo_TCC_TEA\\backend\\src\\api\\models\\AlimentoSeguro.js","statementMap":{"0":{"start":{"line":1,"column":11},"end":{"line":1,"column":37}},"1":{"start":{"line":3,"column":23},"end":{"line":3,"column":47}},"2":{"start":{"line":3,"column":35},"end":{"line":3,"column":47}},"3":{"start":{"line":5,"column":23},"end":{"line":45,"column":1}},"4":{"start":{"line":9,"column":19},"end":{"line":9,"column":41}},"5":{"start":{"line":10,"column":4},"end":{"line":13,"column":5}},"6":{"start":{"line":11,"column":8},"end":{"line":11,"column":136}},"7":{"start":{"line":12,"column":8},"end":{"line":12,"column":75}},"8":{"start":{"line":14,"column":18},"end":{"line":18,"column":5}},"9":{"start":{"line":19,"column":4},"end":{"line":24,"column":5}},"10":{"start":{"line":20,"column":8},"end":{"line":20,"column":61}},"11":{"start":{"line":22,"column":8},"end":{"line":22,"column":116}},"12":{"start":{"line":23,"column":8},"end":{"line":23,"column":20}},"13":{"start":{"line":29,"column":19},"end":{"line":29,"column":41}},"14":{"start":{"line":30,"column":4},"end":{"line":33,"column":5}},"15":{"start":{"line":31,"column":8},"end":{"line":31,"column":136}},"16":{"start":{"line":32,"column":8},"end":{"line":32,"column":75}},"17":{"start":{"line":34,"column":18},"end":{"line":37,"column":5}},"18":{"start":{"line":38,"column":4},"end":{"line":43,"column":5}},"19":{"start":{"line":39,"column":8},"end":{"line":39,"column":61}},"20":{"start":{"line":41,"column":8},"end":{"line":41,"column":116}},"21":{"start":{"line":42,"column":8},"end":{"line":42,"column":20}},"22":{"start":{"line":47,"column":0},"end":{"line":47,"column":32}}},"fnMap":{"0":{"name":"(anonymous_0)","decl":{"start":{"line":3,"column":23},"end":{"line":3,"column":24}},"loc":{"start":{"line":3,"column":35},"end":{"line":3,"column":47}},"line":3},"1":{"name":"(anonymous_1)","decl":{"start":{"line":8,"column":2},"end":{"line":8,"column":3}},"loc":{"start":{"line":8,"column":48},"end":{"line":25,"column":3}},"line":8},"2":{"name":"(anonymous_2)","decl":{"start":{"line":28,"column":2},"end":{"line":28,"column":3}},"loc":{"start":{"line":28,"column":48},"end":{"line":44,"column":3}},"line":28}},"branchMap":{"0":{"loc":{"start":{"line":3,"column":35},"end":{"line":3,"column":47}},"type":"binary-expr","locations":[{"start":{"line":3,"column":35},"end":{"line":3,"column":41}},{"start":{"line":3,"column":45},"end":{"line":3,"column":47}}],"line":3},"1":{"loc":{"start":{"line":10,"column":4},"end":{"line":13,"column":5}},"type":"if","locations":[{"start":{"line":10,"column":4},"end":{"line":13,"column":5}},{"start":{},"end":{}}],"line":10},"2":{"loc":{"start":{"line":10,"column":8},"end":{"line":10,"column":35}},"type":"binary-expr","locations":[{"start":{"line":10,"column":8},"end":{"line":10,"column":20}},{"start":{"line":10,"column":24},"end":{"line":10,"column":35}}],"line":10},"3":{"loc":{"start":{"line":30,"column":4},"end":{"line":33,"column":5}},"type":"if","locations":[{"start":{"line":30,"column":4},"end":{"line":33,"column":5}},{"start":{},"end":{}}],"line":30},"4":{"loc":{"start":{"line":30,"column":8},"end":{"line":30,"column":35}},"type":"binary-expr","locations":[{"start":{"line":30,"column":8},"end":{"line":30,"column":20}},{"start":{"line":30,"column":24},"end":{"line":30,"column":35}}],"line":30}},"s":{"0":7,"1":7,"2":0,"3":7,"4":0,"5":0,"6":0,"7":0,"8":0,"9":0,"10":0,"11":0,"12":0,"13":0,"14":0,"15":0,"16":0,"17":0,"18":0,"19":0,"20":0,"21":0,"22":7},"f":{"0":0,"1":0,"2":0},"b":{"0":[0,0],"1":[0,0],"2":[0,0],"3":[0,0],"4":[0,0]},"_coverageSchema":"1a1c01bbd47fc00a2c39e90264f33305004495a9","hash":"16bf159dc7e085880b42b540a2859b06eb7b97d2"}
,"C:\\Users\\caiol\\OneDrive\\Área de Trabalho\\ProjetoTCC\\Aplicativo_TCC_TEA\\backend\\src\\api\\models\\Assistido.js": {"path":"C:\\Users\\caiol\\OneDrive\\Área de Trabalho\\ProjetoTCC\\Aplicativo_TCC_TEA\\backend\\src\\api\\models\\Assistido.js","statementMap":{"0":{"start":{"line":1,"column":11},"end":{"line":1,"column":37}},"1":{"start":{"line":3,"column":23},"end":{"line":3,"column":47}},"2":{"start":{"line":3,"column":35},"end":{"line":3,"column":47}},"3":{"start":{"line":5,"column":18},"end":{"line":51,"column":1}},"4":{"start":{"line":7,"column":19},"end":{"line":7,"column":41}},"5":{"start":{"line":9,"column":18},"end":{"line":13,"column":5}},"6":{"start":{"line":14,"column":19},"end":{"line":14,"column":89}},"7":{"start":{"line":16,"column":21},"end":{"line":16,"column":54}},"8":{"start":{"line":17,"column":4},"end":{"line":17,"column":19}},"9":{"start":{"line":22,"column":18},"end":{"line":22,"column":85}},"10":{"start":{"line":23,"column":21},"end":{"line":23,"column":57}},"11":{"start":{"line":24,"column":4},"end":{"line":24,"column":16}},"12":{"start":{"line":28,"column":18},"end":{"line":28,"column":79}},"13":{"start":{"line":29,"column":21},"end":{"line":29,"column":61}},"14":{"start":{"line":30,"column":4},"end":{"line":30,"column":19}},"15":{"start":{"line":34,"column":18},"end":{"line":39,"column":5}},"16":{"start":{"line":40,"column":19},"end":{"line":40,"column":80}},"17":{"start":{"line":42,"column":21},"end":{"line":42,"column":50}},"18":{"start":{"line":43,"column":4},"end":{"line":43,"column":19}},"19":{"start":{"line":47,"column":18},"end":{"line":47,"column":68}},"20":{"start":{"line":48,"column":21},"end":{"line":48,"column":48}},"21":{"start":{"line":49,"column":4},"end":{"line":49,"column":19}},"22":{"start":{"line":53,"column":0},"end":{"line":53,"column":27}}},"fnMap":{"0":{"name":"(anonymous_0)","decl":{"start":{"line":3,"column":23},"end":{"line":3,"column":24}},"loc":{"start":{"line":3,"column":35},"end":{"line":3,"column":47}},"line":3},"1":{"name":"(anonymous_1)","decl":{"start":{"line":6,"column":2},"end":{"line":6,"column":3}},"loc":{"start":{"line":6,"column":97},"end":{"line":18,"column":3}},"line":6},"2":{"name":"(anonymous_2)","decl":{"start":{"line":21,"column":2},"end":{"line":21,"column":3}},"loc":{"start":{"line":21,"column":38},"end":{"line":25,"column":3}},"line":21},"3":{"name":"(anonymous_3)","decl":{"start":{"line":27,"column":2},"end":{"line":27,"column":3}},"loc":{"start":{"line":27,"column":47},"end":{"line":31,"column":3}},"line":27},"4":{"name":"(anonymous_4)","decl":{"start":{"line":33,"column":2},"end":{"line":33,"column":3}},"loc":{"start":{"line":33,"column":80},"end":{"line":44,"column":3}},"line":33},"5":{"name":"(anonymous_5)","decl":{"start":{"line":46,"column":2},"end":{"line":46,"column":3}},"loc":{"start":{"line":46,"column":19},"end":{"line":50,"column":3}},"line":46}},"branchMap":{"0":{"loc":{"start":{"line":3,"column":35},"end":{"line":3,"column":47}},"type":"binary-expr","locations":[{"start":{"line":3,"column":35},"end":{"line":3,"column":41}},{"start":{"line":3,"column":45},"end":{"line":3,"column":47}}],"line":3}},"s":{"0":6,"1":6,"2":2,"3":6,"4":2,"5":2,"6":2,"7":2,"8":2,"9":1,"10":1,"11":1,"12":8,"13":8,"14":8,"15":1,"16":1,"17":1,"18":1,"19":1,"20":1,"21":1,"22":6},"f":{"0":2,"1":2,"2":1,"3":8,"4":1,"5":1},"b":{"0":[2,1]},"_coverageSchema":"1a1c01bbd47fc00a2c39e90264f33305004495a9","hash":"c00a6bf62c881722f4765248996ef7a1cfbc3c76"}
,"C:\\Users\\caiol\\OneDrive\\Área de Trabalho\\ProjetoTCC\\Aplicativo_TCC_TEA\\backend\\src\\api\\models\\Cuidador.js": {"path":"C:\\Users\\caiol\\OneDrive\\Área de Trabalho\\ProjetoTCC\\Aplicativo_TCC_TEA\\backend\\src\\api\\models\\Cuidador.js","statementMap":{"0":{"start":{"line":1,"column":11},"end":{"line":1,"column":37}},"1":{"start":{"line":2,"column":15},"end":{"line":2,"column":34}},"2":{"start":{"line":4,"column":23},"end":{"line":4,"column":47}},"3":{"start":{"line":4,"column":35},"end":{"line":4,"column":47}},"4":{"start":{"line":6,"column":17},"end":{"line":62,"column":1}},"5":{"start":{"line":9,"column":19},"end":{"line":9,"column":41}},"6":{"start":{"line":11,"column":17},"end":{"line":11,"column":41}},"7":{"start":{"line":12,"column":23},"end":{"line":12,"column":53}},"8":{"start":{"line":15,"column":29},"end":{"line":17,"column":12}},"9":{"start":{"line":19,"column":18},"end":{"line":23,"column":5}},"10":{"start":{"line":24,"column":19},"end":{"line":24,"column":112}},"11":{"start":{"line":26,"column":21},"end":{"line":26,"column":54}},"12":{"start":{"line":27,"column":4},"end":{"line":27,"column":19}},"13":{"start":{"line":32,"column":18},"end":{"line":32,"column":61}},"14":{"start":{"line":33,"column":21},"end":{"line":33,"column":51}},"15":{"start":{"line":34,"column":4},"end":{"line":34,"column":19}},"16":{"start":{"line":38,"column":18},"end":{"line":38,"column":123}},"17":{"start":{"line":39,"column":21},"end":{"line":39,"column":48}},"18":{"start":{"line":40,"column":4},"end":{"line":40,"column":19}},"19":{"start":{"line":44,"column":18},"end":{"line":49,"column":5}},"20":{"start":{"line":50,"column":19},"end":{"line":50,"column":58}},"21":{"start":{"line":51,"column":21},"end":{"line":51,"column":50}},"22":{"start":{"line":52,"column":4},"end":{"line":52,"column":19}},"23":{"start":{"line":56,"column":17},"end":{"line":56,"column":41}},"24":{"start":{"line":57,"column":23},"end":{"line":57,"column":57}},"25":{"start":{"line":59,"column":18},"end":{"line":59,"column":71}},"26":{"start":{"line":60,"column":4},"end":{"line":60,"column":44}},"27":{"start":{"line":64,"column":0},"end":{"line":64,"column":26}}},"fnMap":{"0":{"name":"(anonymous_0)","decl":{"start":{"line":4,"column":23},"end":{"line":4,"column":24}},"loc":{"start":{"line":4,"column":35},"end":{"line":4,"column":47}},"line":4},"1":{"name":"(anonymous_1)","decl":{"start":{"line":8,"column":2},"end":{"line":8,"column":3}},"loc":{"start":{"line":8,"column":102},"end":{"line":28,"column":3}},"line":8},"2":{"name":"(anonymous_2)","decl":{"start":{"line":30,"column":2},"end":{"line":30,"column":3}},"loc":{"start":{"line":30,"column":27},"end":{"line":35,"column":3}},"line":30},"3":{"name":"(anonymous_3)","decl":{"start":{"line":37,"column":2},"end":{"line":37,"column":3}},"loc":{"start":{"line":37,"column":21},"end":{"line":41,"column":3}},"line":37},"4":{"name":"(anonymous_4)","decl":{"start":{"line":43,"column":2},"end":{"line":43,"column":3}},"loc":{"start":{"line":43,"column":58},"end":{"line":53,"column":3}},"line":43},"5":{"name":"(anonymous_5)","decl":{"start":{"line":55,"column":2},"end":{"line":55,"column":3}},"loc":{"start":{"line":55,"column":38},"end":{"line":61,"column":3}},"line":55}},"branchMap":{"0":{"loc":{"start":{"line":4,"column":35},"end":{"line":4,"column":47}},"type":"binary-expr","locations":[{"start":{"line":4,"column":35},"end":{"line":4,"column":41}},{"start":{"line":4,"column":45},"end":{"line":4,"column":47}}],"line":4},"1":{"loc":{"start":{"line":15,"column":29},"end":{"line":17,"column":12}},"type":"cond-expr","locations":[{"start":{"line":16,"column":8},"end":{"line":16,"column":59}},{"start":{"line":17,"column":8},"end":{"line":17,"column":12}}],"line":15},"2":{"loc":{"start":{"line":24,"column":67},"end":{"line":24,"column":93}},"type":"binary-expr","locations":[{"start":{"line":24,"column":67},"end":{"line":24,"column":79}},{"start":{"line":24,"column":83},"end":{"line":24,"column":93}}],"line":24}},"s":{"0":6,"1":6,"2":6,"3":1,"4":6,"5":1,"6":1,"7":1,"8":1,"9":1,"10":1,"11":1,"12":1,"13":9,"14":9,"15":9,"16":18,"17":18,"18":18,"19":2,"20":2,"21":2,"22":1,"23":0,"24":0,"25":0,"26":0,"27":6},"f":{"0":1,"1":1,"2":9,"3":18,"4":2,"5":0},"b":{"0":[1,0],"1":[1,0],"2":[1,0]},"_coverageSchema":"1a1c01bbd47fc00a2c39e90264f33305004495a9","hash":"4cd50c4f624a813323ce02bbb514747820daf700"}
,"C:\\Users\\caiol\\OneDrive\\Área de Trabalho\\ProjetoTCC\\Aplicativo_TCC_TEA\\backend\\src\\api\\models\\Questionario.js": {"path":"C:\\Users\\caiol\\OneDrive\\Área de Trabalho\\ProjetoTCC\\Aplicativo_TCC_TEA\\backend\\src\\api\\models\\Questionario.js","statementMap":{"0":{"start":{"line":1,"column":11},"end":{"line":1,"column":37}},"1":{"start":{"line":3,"column":21},"end":{"line":46,"column":1}},"2":{"start":{"line":7,"column":18},"end":{"line":7,"column":76}},"3":{"start":{"line":8,"column":21},"end":{"line":8,"column":42}},"4":{"start":{"line":9,"column":4},"end":{"line":9,"column":16}},"5":{"start":{"line":16,"column":27},"end":{"line":20,"column":5}},"6":{"start":{"line":21,"column":25},"end":{"line":21,"column":61}},"7":{"start":{"line":23,"column":4},"end":{"line":25,"column":5}},"8":{"start":{"line":24,"column":6},"end":{"line":24,"column":18}},"9":{"start":{"line":28,"column":25},"end":{"line":28,"column":57}},"10":{"start":{"line":28,"column":52},"end":{"line":28,"column":56}},"11":{"start":{"line":29,"column":24},"end":{"line":33,"column":5}},"12":{"start":{"line":34,"column":22},"end":{"line":34,"column":65}},"13":{"start":{"line":37,"column":31},"end":{"line":42,"column":6}},"14":{"start":{"line":38,"column":6},"end":{"line":41,"column":8}},"15":{"start":{"line":40,"column":47},"end":{"line":40,"column":87}},"16":{"start":{"line":44,"column":4},"end":{"line":44,"column":30}},"17":{"start":{"line":48,"column":0},"end":{"line":48,"column":30}}},"fnMap":{"0":{"name":"(anonymous_0)","decl":{"start":{"line":6,"column":2},"end":{"line":6,"column":3}},"loc":{"start":{"line":6,"column":22},"end":{"line":10,"column":3}},"line":6},"1":{"name":"(anonymous_1)","decl":{"start":{"line":14,"column":2},"end":{"line":14,"column":3}},"loc":{"start":{"line":14,"column":35},"end":{"line":45,"column":3}},"line":14},"2":{"name":"(anonymous_2)","decl":{"start":{"line":28,"column":47},"end":{"line":28,"column":48}},"loc":{"start":{"line":28,"column":52},"end":{"line":28,"column":56}},"line":28},"3":{"name":"(anonymous_3)","decl":{"start":{"line":37,"column":53},"end":{"line":37,"column":54}},"loc":{"start":{"line":37,"column":65},"end":{"line":42,"column":5}},"line":37},"4":{"name":"(anonymous_4)","decl":{"start":{"line":40,"column":38},"end":{"line":40,"column":39}},"loc":{"start":{"line":40,"column":47},"end":{"line":40,"column":87}},"line":40}},"branchMap":{"0":{"loc":{"start":{"line":23,"column":4},"end":{"line":25,"column":5}},"type":"if","locations":[{"start":{"line":23,"column":4},"end":{"line":25,"column":5}},{"start":{},"end":{}}],"line":23}},"s":{"0":6,"1":6,"2":0,"3":0,"4":0,"5":0,"6":0,"7":0,"8":0,"9":0,"10":0,"11":0,"12":0,"13":0,"14":0,"15":0,"16":0,"17":6},"f":{"0":0,"1":0,"2":0,"3":0,"4":0},"b":{"0":[0,0]},"_coverageSchema":"1a1c01bbd47fc00a2c39e90264f33305004495a9","hash":"3669c7cc8a17c12acccde647a46f6ad862e192d7"}
,"C:\\Users\\caiol\\OneDrive\\Área de Trabalho\\ProjetoTCC\\Aplicativo_TCC_TEA\\backend\\src\\api\\models\\Resposta.js": {"path":"C:\\Users\\caiol\\OneDrive\\Área de Trabalho\\ProjetoTCC\\Aplicativo_TCC_TEA\\backend\\src\\api\\models\\Resposta.js","statementMap":{"0":{"start":{"line":1,"column":11},"end":{"line":1,"column":37}},"1":{"start":{"line":3,"column":17},"end":{"line":61,"column":1}},"2":{"start":{"line":7,"column":18},"end":{"line":11,"column":5}},"3":{"start":{"line":12,"column":19},"end":{"line":12,"column":70}},"4":{"start":{"line":13,"column":4},"end":{"line":23,"column":5}},"5":{"start":{"line":14,"column":25},"end":{"line":14,"column":54}},"6":{"start":{"line":15,"column":8},"end":{"line":17,"column":9}},"7":{"start":{"line":16,"column":12},"end":{"line":16,"column":94}},"8":{"start":{"line":18,"column":8},"end":{"line":18,"column":89}},"9":{"start":{"line":19,"column":8},"end":{"line":19,"column":23}},"10":{"start":{"line":21,"column":8},"end":{"line":21,"column":87}},"11":{"start":{"line":22,"column":8},"end":{"line":22,"column":20}},"12":{"start":{"line":32,"column":4},"end":{"line":34,"column":5}},"13":{"start":{"line":33,"column":6},"end":{"line":33,"column":15}},"14":{"start":{"line":37,"column":31},"end":{"line":37,"column":33}},"15":{"start":{"line":38,"column":23},"end":{"line":38,"column":25}},"16":{"start":{"line":39,"column":21},"end":{"line":39,"column":22}},"17":{"start":{"line":41,"column":4},"end":{"line":44,"column":7}},"18":{"start":{"line":42,"column":6},"end":{"line":42,"column":88}},"19":{"start":{"line":43,"column":6},"end":{"line":43,"column":102}},"20":{"start":{"line":46,"column":18},"end":{"line":49,"column":5}},"21":{"start":{"line":51,"column":4},"end":{"line":59,"column":5}},"22":{"start":{"line":52,"column":23},"end":{"line":52,"column":56}},"23":{"start":{"line":53,"column":8},"end":{"line":53,"column":156}},"24":{"start":{"line":54,"column":8},"end":{"line":54,"column":31}},"25":{"start":{"line":56,"column":8},"end":{"line":56,"column":69}},"26":{"start":{"line":57,"column":8},"end":{"line":57,"column":84}},"27":{"start":{"line":58,"column":8},"end":{"line":58,"column":20}},"28":{"start":{"line":63,"column":0},"end":{"line":63,"column":26}}},"fnMap":{"0":{"name":"(anonymous_0)","decl":{"start":{"line":6,"column":2},"end":{"line":6,"column":3}},"loc":{"start":{"line":6,"column":92},"end":{"line":24,"column":3}},"line":6},"1":{"name":"(anonymous_1)","decl":{"start":{"line":31,"column":2},"end":{"line":31,"column":3}},"loc":{"start":{"line":31,"column":30},"end":{"line":60,"column":3}},"line":31},"2":{"name":"(anonymous_2)","decl":{"start":{"line":41,"column":22},"end":{"line":41,"column":23}},"loc":{"start":{"line":41,"column":27},"end":{"line":44,"column":5}},"line":41}},"branchMap":{"0":{"loc":{"start":{"line":15,"column":8},"end":{"line":17,"column":9}},"type":"if","locations":[{"start":{"line":15,"column":8},"end":{"line":17,"column":9}},{"start":{},"end":{}}],"line":15},"1":{"loc":{"start":{"line":32,"column":4},"end":{"line":34,"column":5}},"type":"if","locations":[{"start":{"line":32,"column":4},"end":{"line":34,"column":5}},{"start":{},"end":{}}],"line":32},"2":{"loc":{"start":{"line":32,"column":8},"end":{"line":32,"column":44}},"type":"binary-expr","locations":[{"start":{"line":32,"column":8},"end":{"line":32,"column":18}},{"start":{"line":32,"column":22},"end":{"line":32,"column":44}}],"line":32}},"s":{"0":6,"1":6,"2":1,"3":1,"4":1,"5":1,"6":1,"7":0,"8":1,"9":1,"10":0,"11":0,"12":1,"13":0,"14":1,"15":1,"16":1,"17":1,"18":1,"19":1,"20":1,"21":1,"22":1,"23":1,"24":1,"25":0,"26":0,"27":0,"28":6},"f":{"0":1,"1":1,"2":1},"b":{"0":[0,1],"1":[0,1],"2":[1,1]},"_coverageSchema":"1a1c01bbd47fc00a2c39e90264f33305004495a9","hash":"c5425e31b53c595ebd6786de1bb8c5b0732c4186"}
,"C:\\Users\\caiol\\OneDrive\\Área de Trabalho\\ProjetoTCC\\Aplicativo_TCC_TEA\\backend\\src\\api\\routes\\assistidoRoutes.js": {"path":"C:\\Users\\caiol\\OneDrive\\Área de Trabalho\\ProjetoTCC\\Aplicativo_TCC_TEA\\backend\\src\\api\\routes\\assistidoRoutes.js","statementMap":{"0":{"start":{"line":1,"column":16},"end":{"line":1,"column":34}},"1":{"start":{"line":2,"column":15},"end":{"line":2,"column":31}},"2":{"start":{"line":3,"column":28},"end":{"line":3,"column":73}},"3":{"start":{"line":4,"column":20},"end":{"line":4,"column":60}},"4":{"start":{"line":6,"column":0},"end":{"line":6,"column":20}},"5":{"start":{"line":11,"column":0},"end":{"line":11,"column":54}},"6":{"start":{"line":14,"column":0},"end":{"line":14,"column":51}},"7":{"start":{"line":17,"column":0},"end":{"line":17,"column":56}},"8":{"start":{"line":20,"column":0},"end":{"line":20,"column":59}},"9":{"start":{"line":22,"column":0},"end":{"line":22,"column":57}},"10":{"start":{"line":24,"column":0},"end":{"line":24,"column":24}}},"fnMap":{},"branchMap":{},"s":{"0":6,"1":6,"2":6,"3":6,"4":6,"5":6,"6":6,"7":6,"8":6,"9":6,"10":6},"f":{},"b":{},"_coverageSchema":"1a1c01bbd47fc00a2c39e90264f33305004495a9","hash":"956e3c07397f8640e7888ed2964442cf5bffe94b"}
,"C:\\Users\\caiol\\OneDrive\\Área de Trabalho\\ProjetoTCC\\Aplicativo_TCC_TEA\\backend\\src\\api\\routes\\authRoutes.js": {"path":"C:\\Users\\caiol\\OneDrive\\Área de Trabalho\\ProjetoTCC\\Aplicativo_TCC_TEA\\backend\\src\\api\\routes\\authRoutes.js","statementMap":{"0":{"start":{"line":1,"column":16},"end":{"line":1,"column":34}},"1":{"start":{"line":2,"column":15},"end":{"line":2,"column":31}},"2":{"start":{"line":3,"column":23},"end":{"line":3,"column":63}},"3":{"start":{"line":6,"column":0},"end":{"line":6,"column":50}},"4":{"start":{"line":9,"column":0},"end":{"line":9,"column":44}},"5":{"start":{"line":12,"column":0},"end":{"line":12,"column":65}},"6":{"start":{"line":14,"column":0},"end":{"line":14,"column":24}}},"fnMap":{},"branchMap":{},"s":{"0":6,"1":6,"2":6,"3":6,"4":6,"5":6,"6":6},"f":{},"b":{},"_coverageSchema":"1a1c01bbd47fc00a2c39e90264f33305004495a9","hash":"e45ca3aee1f8c69877c6dec87f6907f07d1d8b6f"}
,"C:\\Users\\caiol\\OneDrive\\Área de Trabalho\\ProjetoTCC\\Aplicativo_TCC_TEA\\backend\\src\\api\\routes\\cuidadorRoutes.js": {"path":"C:\\Users\\caiol\\OneDrive\\Área de Trabalho\\ProjetoTCC\\Aplicativo_TCC_TEA\\backend\\src\\api\\routes\\cuidadorRoutes.js","statementMap":{"0":{"start":{"line":1,"column":16},"end":{"line":1,"column":34}},"1":{"start":{"line":2,"column":15},"end":{"line":2,"column":31}},"2":{"start":{"line":3,"column":27},"end":{"line":3,"column":71}},"3":{"start":{"line":4,"column":20},"end":{"line":4,"column":60}},"4":{"start":{"line":7,"column":0},"end":{"line":7,"column":20}},"5":{"start":{"line":10,"column":0},"end":{"line":10,"column":52}},"6":{"start":{"line":13,"column":0},"end":{"line":13,"column":55}},"7":{"start":{"line":15,"column":0},"end":{"line":15,"column":24}}},"fnMap":{},"branchMap":{},"s":{"0":6,"1":6,"2":6,"3":6,"4":6,"5":6,"6":6,"7":6},"f":{},"b":{},"_coverageSchema":"1a1c01bbd47fc00a2c39e90264f33305004495a9","hash":"cc9d0f1cb547caf0d74558579418c5dcef9c33cc"}
,"C:\\Users\\caiol\\OneDrive\\Área de Trabalho\\ProjetoTCC\\Aplicativo_TCC_TEA\\backend\\src\\api\\routes\\index.js": {"path":"C:\\Users\\caiol\\OneDrive\\Área de Trabalho\\ProjetoTCC\\Aplicativo_TCC_TEA\\backend\\src\\api\\routes\\index.js","statementMap":{"0":{"start":{"line":1,"column":16},"end":{"line":1,"column":34}},"1":{"start":{"line":2,"column":15},"end":{"line":2,"column":31}},"2":{"start":{"line":5,"column":19},"end":{"line":5,"column":42}},"3":{"start":{"line":6,"column":23},"end":{"line":6,"column":50}},"4":{"start":{"line":7,"column":24},"end":{"line":7,"column":52}},"5":{"start":{"line":8,"column":27},"end":{"line":8,"column":58}},"6":{"start":{"line":9,"column":23},"end":{"line":9,"column":50}},"7":{"start":{"line":10,"column":24},"end":{"line":10,"column":52}},"8":{"start":{"line":13,"column":0},"end":{"line":13,"column":32}},"9":{"start":{"line":14,"column":0},"end":{"line":14,"column":40}},"10":{"start":{"line":15,"column":0},"end":{"line":15,"column":43}},"11":{"start":{"line":16,"column":0},"end":{"line":16,"column":49}},"12":{"start":{"line":17,"column":0},"end":{"line":17,"column":41}},"13":{"start":{"line":18,"column":0},"end":{"line":18,"column":43}},"14":{"start":{"line":20,"column":0},"end":{"line":20,"column":24}}},"fnMap":{},"branchMap":{},"s":{"0":6,"1":6,"2":6,"3":6,"4":6,"5":6,"6":6,"7":6,"8":6,"9":6,"10":6,"11":6,"12":6,"13":6,"14":6},"f":{},"b":{},"_coverageSchema":"1a1c01bbd47fc00a2c39e90264f33305004495a9","hash":"0b221d97a09073893d2a081d4e50e012de0d717d"}
,"C:\\Users\\caiol\\OneDrive\\Área de Trabalho\\ProjetoTCC\\Aplicativo_TCC_TEA\\backend\\src\\api\\routes\\questionarioRoutes.js": {"path":"C:\\Users\\caiol\\OneDrive\\Área de Trabalho\\ProjetoTCC\\Aplicativo_TCC_TEA\\backend\\src\\api\\routes\\questionarioRoutes.js","statementMap":{"0":{"start":{"line":1,"column":16},"end":{"line":1,"column":34}},"1":{"start":{"line":2,"column":15},"end":{"line":2,"column":31}},"2":{"start":{"line":3,"column":31},"end":{"line":3,"column":79}},"3":{"start":{"line":4,"column":20},"end":{"line":4,"column":60}},"4":{"start":{"line":7,"column":0},"end":{"line":7,"column":20}},"5":{"start":{"line":10,"column":0},"end":{"line":10,"column":58}},"6":{"start":{"line":13,"column":0},"end":{"line":13,"column":69}},"7":{"start":{"line":16,"column":0},"end":{"line":16,"column":79}},"8":{"start":{"line":18,"column":0},"end":{"line":18,"column":24}}},"fnMap":{},"branchMap":{},"s":{"0":6,"1":6,"2":6,"3":6,"4":6,"5":6,"6":6,"7":6,"8":6},"f":{},"b":{},"_coverageSchema":"1a1c01bbd47fc00a2c39e90264f33305004495a9","hash":"56f11e911632463609c8978b020572a994fa1584"}
,"C:\\Users\\caiol\\OneDrive\\Área de Trabalho\\ProjetoTCC\\Aplicativo_TCC_TEA\\backend\\src\\api\\routes\\relatorioRoutes.js": {"path":"C:\\Users\\caiol\\OneDrive\\Área de Trabalho\\ProjetoTCC\\Aplicativo_TCC_TEA\\backend\\src\\api\\routes\\relatorioRoutes.js","statementMap":{"0":{"start":{"line":1,"column":16},"end":{"line":1,"column":34}},"1":{"start":{"line":2,"column":15},"end":{"line":2,"column":31}},"2":{"start":{"line":3,"column":28},"end":{"line":3,"column":73}},"3":{"start":{"line":4,"column":20},"end":{"line":4,"column":60}},"4":{"start":{"line":8,"column":0},"end":{"line":8,"column":84}},"5":{"start":{"line":10,"column":0},"end":{"line":10,"column":24}}},"fnMap":{},"branchMap":{},"s":{"0":6,"1":6,"2":6,"3":6,"4":6,"5":6},"f":{},"b":{},"_coverageSchema":"1a1c01bbd47fc00a2c39e90264f33305004495a9","hash":"642bdb0ae6e3e08b127000bdf92587b5f504af50"}
,"C:\\Users\\caiol\\OneDrive\\Área de Trabalho\\ProjetoTCC\\Aplicativo_TCC_TEA\\backend\\src\\api\\routes\\sugestaoRoutes.js": {"path":"C:\\Users\\caiol\\OneDrive\\Área de Trabalho\\ProjetoTCC\\Aplicativo_TCC_TEA\\backend\\src\\api\\routes\\sugestaoRoutes.js","statementMap":{"0":{"start":{"line":1,"column":16},"end":{"line":1,"column":34}},"1":{"start":{"line":2,"column":15},"end":{"line":2,"column":31}},"2":{"start":{"line":3,"column":27},"end":{"line":3,"column":71}},"3":{"start":{"line":4,"column":20},"end":{"line":4,"column":60}},"4":{"start":{"line":6,"column":0},"end":{"line":6,"column":20}},"5":{"start":{"line":16,"column":0},"end":{"line":16,"column":86}},"6":{"start":{"line":26,"column":0},"end":{"line":26,"column":102}},"7":{"start":{"line":28,"column":0},"end":{"line":28,"column":24}}},"fnMap":{},"branchMap":{},"s":{"0":6,"1":6,"2":6,"3":6,"4":6,"5":6,"6":6,"7":6},"f":{},"b":{},"_coverageSchema":"1a1c01bbd47fc00a2c39e90264f33305004495a9","hash":"ac6b126d539346d980bd4915880d35c830869a6f"}
,"C:\\Users\\caiol\\OneDrive\\Área de Trabalho\\ProjetoTCC\\Aplicativo_TCC_TEA\\backend\\src\\config\\db.js": {"path":"C:\\Users\\caiol\\OneDrive\\Área de Trabalho\\ProjetoTCC\\Aplicativo_TCC_TEA\\backend\\src\\config\\db.js","statementMap":{"0":{"start":{"line":1,"column":17},"end":{"line":1,"column":30}},"1":{"start":{"line":4,"column":13},"end":{"line":10,"column":2}},"2":{"start":{"line":12,"column":0},"end":{"line":15,"column":2}},"3":{"start":{"line":13,"column":27},"end":{"line":13,"column":51}}},"fnMap":{"0":{"name":"(anonymous_0)","decl":{"start":{"line":13,"column":9},"end":{"line":13,"column":10}},"loc":{"start":{"line":13,"column":27},"end":{"line":13,"column":51}},"line":13}},"branchMap":{"0":{"loc":{"start":{"line":5,"column":8},"end":{"line":5,"column":64}},"type":"binary-expr","locations":[{"start":{"line":5,"column":8},"end":{"line":5,"column":27}},{"start":{"line":5,"column":31},"end":{"line":5,"column":49}},{"start":{"line":5,"column":53},"end":{"line":5,"column":64}}],"line":5},"1":{"loc":{"start":{"line":6,"column":8},"end":{"line":6,"column":57}},"type":"binary-expr","locations":[{"start":{"line":6,"column":8},"end":{"line":6,"column":27}},{"start":{"line":6,"column":31},"end":{"line":6,"column":49}},{"start":{"line":6,"column":53},"end":{"line":6,"column":57}}],"line":6},"2":{"loc":{"start":{"line":7,"column":12},"end":{"line":7,"column":78}},"type":"binary-expr","locations":[{"start":{"line":7,"column":12},"end":{"line":7,"column":35}},{"start":{"line":7,"column":39},"end":{"line":7,"column":62}},{"start":{"line":7,"column":66},"end":{"line":7,"column":78}}],"line":7},"3":{"loc":{"start":{"line":8,"column":8},"end":{"line":8,"column":67}},"type":"binary-expr","locations":[{"start":{"line":8,"column":8},"end":{"line":8,"column":27}},{"start":{"line":8,"column":31},"end":{"line":8,"column":56}},{"start":{"line":8,"column":60},"end":{"line":8,"column":67}}],"line":8}},"s":{"0":8,"1":8,"2":8,"3":186},"f":{"0":186},"b":{"0":[8,8,8],"1":[8,8,8],"2":[8,8,7],"3":[8,8,7]},"_coverageSchema":"1a1c01bbd47fc00a2c39e90264f33305004495a9","hash":"6d404780e7bc08a4db260e287ba7998f77b51373"}
,"C:\\Users\\caiol\\OneDrive\\Área de Trabalho\\ProjetoTCC\\Aplicativo_TCC_TEA\\backend\\src\\services\\processamentoQuestionarioService.js": {"path":"C:\\Users\\caiol\\OneDrive\\Área de Trabalho\\ProjetoTCC\\Aplicativo_TCC_TEA\\backend\\src\\services\\processamentoQuestionarioService.js","statementMap":{"0":{"start":{"line":1,"column":11},"end":{"line":1,"column":34}},"1":{"start":{"line":4,"column":31},"end":{"line":4,"column":89}},"2":{"start":{"line":8,"column":17},"end":{"line":8,"column":40}},"3":{"start":{"line":9,"column":2},"end":{"line":83,"column":3}},"4":{"start":{"line":10,"column":4},"end":{"line":10,"column":32}},"5":{"start":{"line":12,"column":4},"end":{"line":12,"column":87}},"6":{"start":{"line":14,"column":28},"end":{"line":20,"column":5}},"7":{"start":{"line":22,"column":4},"end":{"line":26,"column":5}},"8":{"start":{"line":23,"column":6},"end":{"line":23,"column":82}},"9":{"start":{"line":24,"column":6},"end":{"line":24,"column":37}},"10":{"start":{"line":25,"column":6},"end":{"line":25,"column":16}},"11":{"start":{"line":27,"column":27},"end":{"line":27,"column":53}},"12":{"start":{"line":29,"column":25},"end":{"line":35,"column":5}},"13":{"start":{"line":37,"column":41},"end":{"line":37,"column":89}},"14":{"start":{"line":37,"column":68},"end":{"line":37,"column":88}},"15":{"start":{"line":38,"column":4},"end":{"line":42,"column":5}},"16":{"start":{"line":39,"column":8},"end":{"line":39,"column":96}},"17":{"start":{"line":40,"column":8},"end":{"line":40,"column":39}},"18":{"start":{"line":41,"column":8},"end":{"line":41,"column":18}},"19":{"start":{"line":44,"column":25},"end":{"line":50,"column":5}},"20":{"start":{"line":52,"column":32},"end":{"line":52,"column":73}},"21":{"start":{"line":52,"column":59},"end":{"line":52,"column":72}},"22":{"start":{"line":53,"column":4},"end":{"line":56,"column":5}},"23":{"start":{"line":54,"column":8},"end":{"line":54,"column":110}},"24":{"start":{"line":58,"column":20},"end":{"line":58,"column":21}},"25":{"start":{"line":59,"column":4},"end":{"line":67,"column":5}},"26":{"start":{"line":60,"column":24},"end":{"line":63,"column":7}},"27":{"start":{"line":64,"column":6},"end":{"line":66,"column":7}},"28":{"start":{"line":65,"column":8},"end":{"line":65,"column":20}},"29":{"start":{"line":68,"column":4},"end":{"line":68,"column":111}},"30":{"start":{"line":70,"column":4},"end":{"line":70,"column":33}},"31":{"start":{"line":71,"column":4},"end":{"line":71,"column":31}},"32":{"start":{"line":74,"column":4},"end":{"line":74,"column":64}},"33":{"start":{"line":76,"column":4},"end":{"line":78,"column":5}},"34":{"start":{"line":77,"column":8},"end":{"line":77,"column":53}},"35":{"start":{"line":79,"column":4},"end":{"line":79,"column":104}},"36":{"start":{"line":79,"column":10},"end":{"line":79,"column":41}},"37":{"start":{"line":79,"column":60},"end":{"line":79,"column":102}},"38":{"start":{"line":80,"column":4},"end":{"line":80,"column":16}},"39":{"start":{"line":82,"column":6},"end":{"line":82,"column":23}},"40":{"start":{"line":86,"column":0},"end":{"line":86,"column":62}}},"fnMap":{"0":{"name":"processarRespostasEGerarAlimentosSeguros","decl":{"start":{"line":6,"column":15},"end":{"line":6,"column":55}},"loc":{"start":{"line":6,"column":69},"end":{"line":84,"column":1}},"line":6},"1":{"name":"(anonymous_1)","decl":{"start":{"line":37,"column":63},"end":{"line":37,"column":64}},"loc":{"start":{"line":37,"column":68},"end":{"line":37,"column":88}},"line":37},"2":{"name":"(anonymous_2)","decl":{"start":{"line":52,"column":54},"end":{"line":52,"column":55}},"loc":{"start":{"line":52,"column":59},"end":{"line":52,"column":72}},"line":52}},"branchMap":{"0":{"loc":{"start":{"line":22,"column":4},"end":{"line":26,"column":5}},"type":"if","locations":[{"start":{"line":22,"column":4},"end":{"line":26,"column":5}},{"start":{},"end":{}}],"line":22},"1":{"loc":{"start":{"line":38,"column":4},"end":{"line":42,"column":5}},"type":"if","locations":[{"start":{"line":38,"column":4},"end":{"line":42,"column":5}},{"start":{},"end":{}}],"line":38},"2":{"loc":{"start":{"line":53,"column":4},"end":{"line":56,"column":5}},"type":"if","locations":[{"start":{"line":53,"column":4},"end":{"line":56,"column":5}},{"start":{},"end":{}}],"line":53},"3":{"loc":{"start":{"line":64,"column":6},"end":{"line":66,"column":7}},"type":"if","locations":[{"start":{"line":64,"column":6},"end":{"line":66,"column":7}},{"start":{},"end":{}}],"line":64},"4":{"loc":{"start":{"line":76,"column":4},"end":{"line":78,"column":5}},"type":"if","locations":[{"start":{"line":76,"column":4},"end":{"line":78,"column":5}},{"start":{},"end":{}}],"line":76}},"s":{"0":7,"1":7,"2":2,"3":2,"4":2,"5":2,"6":2,"7":2,"8":0,"9":0,"10":0,"11":2,"12":2,"13":2,"14":2,"15":2,"16":0,"17":0,"18":0,"19":2,"20":2,"21":2,"22":2,"23":0,"24":2,"25":2,"26":2,"27":2,"28":2,"29":2,"30":2,"31":2,"32":0,"33":0,"34":0,"35":0,"36":0,"37":0,"38":0,"39":2,"40":7},"f":{"0":2,"1":2,"2":2},"b":{"0":[0,2],"1":[0,2],"2":[0,2],"3":[2,0],"4":[0,0]},"_coverageSchema":"1a1c01bbd47fc00a2c39e90264f33305004495a9","hash":"6ae01bc1b20e636149ebda04978a82c92a50415a"}
,"C:\\Users\\caiol\\OneDrive\\Área de Trabalho\\ProjetoTCC\\Aplicativo_TCC_TEA\\backend\\src\\services\\sugestaoService.js": {"path":"C:\\Users\\caiol\\OneDrive\\Área de Trabalho\\ProjetoTCC\\Aplicativo_TCC_TEA\\backend\\src\\services\\sugestaoService.js","statementMap":{"0":{"start":{"line":1,"column":13},"end":{"line":1,"column":28}},"1":{"start":{"line":2,"column":0},"end":{"line":2,"column":77}},"2":{"start":{"line":3,"column":11},"end":{"line":3,"column":34}},"3":{"start":{"line":4,"column":23},"end":{"line":4,"column":62}},"4":{"start":{"line":7,"column":18},"end":{"line":12,"column":1}},"5":{"start":{"line":15,"column":14},"end":{"line":26,"column":1}},"6":{"start":{"line":32,"column":20},"end":{"line":38,"column":21}},"7":{"start":{"line":41,"column":22},"end":{"line":47,"column":21}},"8":{"start":{"line":49,"column":4},"end":{"line":52,"column":6}},"9":{"start":{"line":51,"column":54},"end":{"line":51,"column":72}},"10":{"start":{"line":57,"column":14},"end":{"line":64,"column":25}},"11":{"start":{"line":67,"column":4},"end":{"line":74,"column":5}},"12":{"start":{"line":68,"column":8},"end":{"line":73,"column":20}},"13":{"start":{"line":75,"column":4},"end":{"line":75,"column":20}},"14":{"start":{"line":82,"column":24},"end":{"line":82,"column":70}},"15":{"start":{"line":82,"column":47},"end":{"line":82,"column":69}},"16":{"start":{"line":83,"column":4},"end":{"line":83,"column":46}},"17":{"start":{"line":83,"column":34},"end":{"line":83,"column":46}},"18":{"start":{"line":85,"column":23},"end":{"line":85,"column":54}},"19":{"start":{"line":85,"column":48},"end":{"line":85,"column":52}},"20":{"start":{"line":88,"column":26},"end":{"line":134,"column":6}},"21":{"start":{"line":89,"column":19},"end":{"line":89,"column":20}},"22":{"start":{"line":90,"column":21},"end":{"line":90,"column":39}},"23":{"start":{"line":91,"column":21},"end":{"line":91,"column":31}},"24":{"start":{"line":92,"column":20},"end":{"line":92,"column":33}},"25":{"start":{"line":94,"column":25},"end":{"line":94,"column":48}},"26":{"start":{"line":95,"column":27},"end":{"line":95,"column":52}},"27":{"start":{"line":98,"column":8},"end":{"line":131,"column":9}},"28":{"start":{"line":100,"column":28},"end":{"line":103,"column":13}},"29":{"start":{"line":101,"column":16},"end":{"line":102,"column":71}},"30":{"start":{"line":105,"column":12},"end":{"line":113,"column":13}},"31":{"start":{"line":106,"column":16},"end":{"line":106,"column":25}},"32":{"start":{"line":107,"column":16},"end":{"line":107,"column":53}},"33":{"start":{"line":108,"column":16},"end":{"line":108,"column":28}},"34":{"start":{"line":111,"column":16},"end":{"line":111,"column":25}},"35":{"start":{"line":112,"column":16},"end":{"line":112,"column":48}},"36":{"start":{"line":116,"column":13},"end":{"line":131,"column":9}},"37":{"start":{"line":117,"column":12},"end":{"line":117,"column":21}},"38":{"start":{"line":118,"column":12},"end":{"line":118,"column":46}},"39":{"start":{"line":119,"column":12},"end":{"line":119,"column":35}},"40":{"start":{"line":122,"column":13},"end":{"line":131,"column":9}},"41":{"start":{"line":123,"column":12},"end":{"line":123,"column":21}},"42":{"start":{"line":124,"column":12},"end":{"line":124,"column":48}},"43":{"start":{"line":125,"column":12},"end":{"line":125,"column":35}},"44":{"start":{"line":129,"column":12},"end":{"line":129,"column":21}},"45":{"start":{"line":130,"column":12},"end":{"line":130,"column":40}},"46":{"start":{"line":133,"column":8},"end":{"line":133,"column":59}},"47":{"start":{"line":137,"column":4},"end":{"line":140,"column":7}},"48":{"start":{"line":138,"column":8},"end":{"line":138,"column":54}},"49":{"start":{"line":138,"column":31},"end":{"line":138,"column":54}},"50":{"start":{"line":139,"column":8},"end":{"line":139,"column":33}},"51":{"start":{"line":142,"column":4},"end":{"line":142,"column":28}},"52":{"start":{"line":148,"column":21},"end":{"line":148,"column":54}},"53":{"start":{"line":149,"column":23},"end":{"line":149,"column":30}},"54":{"start":{"line":151,"column":4},"end":{"line":224,"column":5}},"55":{"start":{"line":152,"column":8},"end":{"line":152,"column":54}},"56":{"start":{"line":152,"column":24},"end":{"line":152,"column":54}},"57":{"start":{"line":154,"column":25},"end":{"line":154,"column":48}},"58":{"start":{"line":155,"column":8},"end":{"line":155,"column":60}},"59":{"start":{"line":155,"column":23},"end":{"line":155,"column":60}},"60":{"start":{"line":157,"column":42},"end":{"line":157,"column":82}},"61":{"start":{"line":159,"column":28},"end":{"line":159,"column":30}},"62":{"start":{"line":160,"column":28},"end":{"line":160,"column":37}},"63":{"start":{"line":163,"column":8}
[...]
":{"line":183,"column":19}},"70":{"start":{"line":188,"column":25},"end":{"line":191,"column":9}},"71":{"start":{"line":192,"column":24},"end":{"line":192,"column":43}},"72":{"start":{"line":195,"column":27},"end":{"line":195,"column":29}},"73":{"start":{"line":196,"column":8},"end":{"line":212,"column":9}},"74":{"start":{"line":197,"column":27},"end":{"line":201,"column":13}},"75":{"start":{"line":203,"column":12},"end":{"line":211,"column":15}},"76":{"start":{"line":214,"column":8},"end":{"line":214,"column":55}},"77":{"start":{"line":214,"column":24},"end":{"line":214,"column":55}},"78":{"start":{"line":216,"column":8},"end":{"line":216,"column":88}},"79":{"start":{"line":219,"column":8},"end":{"line":219,"column":57}},"80":{"start":{"line":219,"column":24},"end":{"line":219,"column":57}},"81":{"start":{"line":220,"column":8},"end":{"line":220,"column":16}},"82":{"start":{"line":223,"column":8},"end":{"line":223,"column":55}},"83":{"start":{"line":223,"column":36},"end":{"line":223,"column":55}},"84":{"start":{"line":228,"column":16},"end":{"line":237,"column":35}},"85":{"start":{"line":239,"column":4},"end":{"line":239,"column":43}},"86":{"start":{"line":239,"column":31},"end":{"line":239,"column":43}},"87":{"start":{"line":241,"column":4},"end":{"line":241,"column":94}},"88":{"start":{"line":241,"column":27},"end":{"line":241,"column":79}},"89":{"start":{"line":241,"column":82},"end":{"line":241,"column":94}},"90":{"start":{"line":243,"column":18},"end":{"line":251,"column":7}},"91":{"start":{"line":243,"column":37},"end":{"line":251,"column":5}},"92":{"start":{"line":253,"column":21},"end":{"line":253,"column":50}},"93":{"start":{"line":254,"column":4},"end":{"line":254,"column":100}},"94":{"start":{"line":254,"column":25},"end":{"line":254,"column":98}},"95":{"start":{"line":256,"column":4},"end":{"line":256,"column":85}},"96":{"start":{"line":260,"column":19},"end":{"line":260,"column":42}},"97":{"start":{"line":261,"column":4},"end":{"line":289,"column":5}},"98":{"start":{"line":262,"column":8},"end":{"line":262,"column":36}},"99":{"start":{"line":264,"column":8},"end":{"line":276,"column":9}},"100":{"start":{"line":265,"column":12},"end":{"line":265,"column":41}},"101":{"start":{"line":265,"column":32},"end":{"line":265,"column":41}},"102":{"start":{"line":268,"column":12},"end":{"line":268,"column":118}},"103":{"start":{"line":271,"column":12},"end":{"line":275,"column":13}},"104":{"start":{"line":272,"column":16},"end":{"line":272,"column":80}},"105":{"start":{"line":273,"column":19},"end":{"line":275,"column":13}},"106":{"start":{"line":274,"column":16},"end":{"line":274,"column":80}},"107":{"start":{"line":279,"column":8},"end":{"line":279,"column":37}},"108":{"start":{"line":282,"column":8},"end":{"line":282,"column":69}},"109":{"start":{"line":285,"column":8},"end":{"line":285,"column":39}},"110":{"start":{"line":286,"column":8},"end":{"line":286,"column":16}},"111":{"start":{"line":288,"column":8},"end":{"line":288,"column":25}},"112":{"start":{"line":292,"column":0},"end":{"line":292,"column":104}}},"fnMap":{"0":{"name":"getContexto","decl":{"start":{"line":30,"column":15},"end":{"line":30,"column":26}},"loc":{"start":{"line":30,"column":48},"end":{"line":53,"column":1}},"line":30},"1":{"name":"(anonymous_1)","decl":{"start":{"line":51,"column":49},"end":{"line":51,"column":50}},"loc":{"start":{"line":51,"column":54},"end":{"line":51,"column":72}},"line":51},"2":{"name":"getCandidatos","decl":{"start":{"line":55,"column":15},"end":{"line":55,"column":28}},"loc":{"start":{"line":55,"column":54},"end":{"line":76,"column":1}},"line":55},"3":{"name":"escolherMelhorOpcao","decl":{"start":{"line":80,"column":9},"end":{"line":80,"column":28}},"loc":{"start":{"line":80,"column":77},"end":{"line":143,"column":1}},"line":80},"4":{"name":"(anonymous_4)","decl":{"start":{"line":82,"column":42},"end":{"line":82,"column":43}},"loc":{"start":{"line":82,"column":47},"end":{"line":82,"column":69}},"line":82},"5":{"name":"(anonymous_5)","decl":{"start":{"line":85,"column":43},"end":{"line":85,"column":44}},"loc":{"start":{"line":85,"column":48},"end":{"line":85,"column":52}},"line":85},"6":{"name":"(anonymous_6)","decl":{"start":{"line":88,"column":42},"end":{"line":88,"column":43}},"loc":{"start":{"line":88,"column":50},"end":{"line":134,"column":5}},"line":88},"7":{"name":"(anonymous_7)","decl":{"start":{"line":100,"column":41},"end":{"line":100,"column":42}},"loc":{"start":{"line":101,"column":16},"end":{"line":102,"column":71}},"line":101},"8":{"name":"(anonymous_8)","decl":{"start":{"line":137,"column":23},"end":{"line":137,"column":24}},"loc":{"start":{"line":137,"column":33},"end":{"line":140,"column":5}},"line":137},"9":{"name":"gerarESalvarSugestao","decl":{"start":{"line":147,"column":15},"end":{"line":147,"column":35}},"loc":{"start":{"line":147,"column":78},"end":{"line":225,"column":1}},"line":147},"10":{"name":"getUltimaSugestaoAtiva","decl":{"start":{"line":227,"column":15},"end":{"line":227,"column":37}},"loc":{"start":{"line":227,"column":65},"end":{"line":257,"column":1}},"line":227},"11":{"name":"(anonymous_11)","decl":{"start":{"line":241,"column":22},"end":{"line":241,"column":23}},"loc":{"start":{"line":241,"column":27},"end":{"line":241,"column":79}},"line":241},"12":{"name":"(anonymous_12)","decl":{"start":{"line":243,"column":31},"end":{"line":243,"column":32}},"loc":{"start":{"line":243,"column":37},"end":{"line":251,"column":5}},"line":243},"13":{"name":"(anonymous_13)","decl":{"start":{"line":254,"column":15},"end":{"line":254,"column":16}},"loc":{"start":{"line":254,"column":25},"end":{"line":254,"column":98}},"line":254},"14":{"name":"processarFeedbackESalvarNovaSugestao","decl":{"start":{"line":259,"column":15},"end":{"line":259,"column":51}},"loc":{"start":{"line":259,"column":93},"end":{"line":290,"column":1}},"line":259}},"branchMap":{"0":{"loc":{"start":{"line":67,"column":4},"end":{"line":74,"column":5}},"type":"if","locations":[{"start":{"line":67,"column":4},"end":{"line":74,"column":5}},{"start":{},"end":{}}],"line":67},"1":{"loc":{"start":{"line":83,"column":4},"end":{"line":83,"column":46}},"type":"if","locations":[{"start":{"line":83,"column":4},"end":{"line":83,"column":46}},{"start":{},"end":{}}],"line":83},"2":{"loc":{"start":{"line":98,"column":8},"end":{"line":131,"column":9}},"type":"if","locations":[{"start":{"line":98,"column":8},"end":{"line":131,"column":9}},{"start":{"line":116,"column":13},"end":{"line":131,"column":9}}],"line":98},"3":{"loc":{"start":{"line":98,"column":12},"end":{"line":98,"column":36}},"type":"binary-expr","locations":[{"start":{"line":98,"column":12},"end":{"line":98,"column":21}},{"start":{"line":98,"column":25},"end":{"line":98,"column":36}}],"line":98},"4":{"loc":{"start":{"line":101,"column":16},"end":{"line":102,"column":71}},"type":"binary-expr","locations":[{"start":{"line":101,"column":16},"end":{"line":101,"column":42}},{"start":{"line":102,"column":16},"end":{"line":102,"column":71}}],"line":101},"5":{"loc":{"start":{"line":102,"column":17},"end":{"line":102,"column":47}},"type":"binary-expr","locations":[{"start":{"line":102,"column":17},"end":{"line":102,"column":41}},{"start":{"line":102,"column":45},"end":{"line":102,"column":47}}],"line":102},"6":{"loc":{"start":{"line":105,"column":12},"end":{"line":113,"column":13}},"type":"if","locations":[{"start":{"line":105,"column":12},"end":{"line":113,"column":13}},{"start":{"line":109,"column":19},"end":{"line":113,"column":13}}],"line":105},"7":{"loc":{"start":{"line":116,"column":13},"end":{"line":131,"column":9}},"type":"if","locations":[{"start":{"line":116,"column":13},"end":{"line":131,"column":9}},{"start":{"line":122,"column":13},"end":{"line":131,"column":9}}],"line":116},"8":{"loc":{"start":{"line":116,"column":17},"end":{"line":116,"column":40}},"type":"binary-expr","locations":[{"start":{"line":116,"column":17},"end":{"line":116,"column":25}},{"start":{"line":116,"column":29},"end":{"line":116,"column":40}}],"line":116},"9":{"loc":{"start":{"line":122,"column":13},"end":{"line":131,"column":9}},"type":"if","locations":[{"start":{"line":122,"column":13},"end":{"line":131,"column":9}},{"start":{"line":128,"column":13},"end":{"line":131,"column":9}}],"line":122},"10":{"loc":{"start":{"line":122,"column":17},"end":{"line":122,"column":39}},"type":"binary-expr","locations":[{"start":{"line":122,"column":17},"end":{"line":122,"column":25}},{"start":{"line":122,"column":29},"end":{"line":122,"column":39}}],"line":122},"11":{"loc":{"start":{"line":138,"column":8},"end":{"line":138,"column":54}},"type":"if","locations":[{"start":{"line":138,"column":8},"end":{"line":138,"column":54}},{"start":{},"end":{}}],"line":138},"12":{"loc":{"start":{"line":147,"column":63},"end":{"line":147,"column":76}},"type":"default-arg","locations":[{"start":{"line":147,"column":72},"end":{"line":147,"column":76}}],"line":147},"13":{"loc":{"start":{"line":148,"column":21},"end":{"line":148,"column":54}},"type":"binary-expr","locations":[{"start":{"line":148,"column":21},"end":{"line":148,"column":27}},{"start":{"line":148,"column":31},"end":{"line":148,"column":54}}],"line":148},"14":{"loc":{"start":{"line":152,"column":8},"end":{"line":152,"column":54}},"type":"if","locations":[{"start":{"line":152,"column":8},"end":{"line":152,"column":54}},{"start":{},"end":{}}],"line":152},"15":{"loc":{"start":{"line":155,"column":8},"end":{"line":155,"column":60}},"type":"if","locations":[{"start":{"line":155,"column":8},"end":{"line":155,"column":60}},{"start":{},"end":{}}],"line":155},"16":{"loc":{"start":{"line":167,"column":12},"end":{"line":184,"column":13}},"type":"if","locations":[{"start":{"line":167,"column":12},"end":{"line":184,"column":13}},{"start":{"line":178,"column":19},"end":{"line":184,"column":13}}],"line":167},"17":{"loc":{"start":{"line":205,"column":26},"end":{"line":205,"column":102}},"type":"cond-expr","locations":[{"start":{"line":205,"column":44},"end":{"line":205,"column":85}},{"start":{"line":205,"column":88},"end":{"line":205,"column":102}}],"line":205},"18":{"loc":{"start":{"line":214,"column":8},"end":{"line":214,"column":55}},"type":"if","locations":[{"start":{"line":214,"column":8},"end":{"line":214,"column":55}},{"start":{},"end":{}}],"line":214},"19":{"loc":{"start":{"line":219,"column":8},"end":{"line":219,"column":57}},"type":"if","locations":[{"start":{"line":219,"column":8},"end":{"line":219,"column":57}},{"start":{},"end":{}}],"line":219},"20":{"loc":{"start":{"line":223,"column":8},"end":{"line":223,"column":55}},"type":"if","locations":[{"start":{"line":223,"column":8},"end":{"line":223,"column":55}},{"start":{},"end":{}}],"line":223},"21":{"loc":{"start":{"line":223,"column":12},"end":{"line":223,"column":34}},"type":"binary-expr","locations":[{"start":{"line":223,"column":12},"end":{"line":223,"column":22}},{"start":{"line":223,"column":26},"end":{"line":223,"column":34}}],"line":223},"22":{"loc":{"start":{"line":239,"column":4},"end":{"line":239,"column":43}},"type":"if","locations":[{"start":{"line":239,"column":4},"end":{"line":239,"column":43}},{"start":{},"end":{}}],"line":239},"23":{"loc":{"start":{"line":241,"column":4},"end":{"line":241,"column":94}},"type":"if","locations":[{"start":{"line":241,"column":4},"end":{"line":241,"column":94}},{"start":{},"end":{}}],"line":241},"24":{"loc":{"start":{"line":241,"column":27},"end":{"line":241,"column":79}},"type":"binary-expr","locations":[{"start":{"line":241,"column":27},"end":{"line":241,"column":68}},{"start":{"line":241,"column":72},"end":{"line":241,"column":79}}],"line":241},"25":{"loc":{"start":{"line":244,"column":25},"end":{"line":244,"column":51}},"type":"binary-expr","locations":[{"start":{"line":244,"column":25},"end":{"line":244,"column":42}},{"start":{"line":244,"column":46},"end":{"line":244,"column":51}}],"line":244},"26":{"loc":{"start":{"line":253,"column":21},"end":{"line":253,"column":50}},"type":"binary-expr","locations":[{"start":{"line":253,"column":21},"end":{"line":253,"column":44}},{"start":{"line":253,"column":48},"end":{"line":253,"column":50}}],"line":253},"27":{"loc":{"start":{"line":265,"column":12},"end":{"line":265,"column":41}},"type":"if","locations":[{"start":{"line":265,"column":12},"end":{"line":265,"column":41}},{"start":{},"end":{}}],"line":265},"28":{"loc":{"start":{"line":271,"column":12},"end":{"line":275,"column":13}},"type":"if","locations":[{"start":{"line":271,"column":12},"end":{"line":275,"column":13}},{"start":{"line":273,"column":19},"end":{"line":275,"column":13}}],"line":271},"29":{"loc":{"start":{"line":273,"column":19},"end":{"line":275,"column":13}},"type":"if","locations":[{"start":{"line":273,"column":19},"end":{"line":275,"column":13}},{"start":{},"end":{}}],"line":273}},"s":{"0":7,"1":7,"2":7,"3":7,"4":7,"5":7,"6":2,"7":2,"8":2,"9":0,"10":4,"11":4,"12":3,"13":4,"14":4,"15":1,"16":4,"17":3,"18":1,"19":1,"20":1,"21":1,"22":1,"23":1,"24":1,"25":1,"26":1,"27":1,"28":1,"29":1,"30":1,"31":1,"32":1,"33":1,"34":0,"35":0,"36":0,"37":0,"38":0,"39":0,"40":0,"41":0,"42":0,"43":0,"44":0,"45":0,"46":1,"47":1,"48":0,"49":0,"50":0,"51":1,"52":3,"53":3,"54":3,"55":3,"56":3,"57":2,"58":2,"59":0,"60":2,"61":1,"62":1,"63":1,"64":4,"65":4,"66":4,"67":1,"68":1,"69":3,"70":1,"71":1,"72":1,"73":1,"74":4,"75":4,"76":1,"77":1,"78":1,"79":2,"80":2,"81":1,"82":3,"83":3,"84":1,"85":1,"86":1,"87":0,"88":0,"89":0,"90":0,"91":0,"92":0,"93":0,"94":0,"95":0,"96":0,"97":0,"98":0,"99":0,"100":0,"101":0,"102":0,"103":0,"104":0,"105":0,"106":0,"107":0,"108":0,"109":0,"110":0,"111":0,"112":7},"f":{"0":2,"1":0,"2":4,"3":4,"4":1,"5":1,"6":1,"7":1,"8":0,"9":3,"10":1,"11":0,"12":0,"13":0,"14":0},"b":{"0":[3,1],"1":[3,1],"2":[1,0],"3":[1,1],"4":[1,0],"5":[0,0],"6":[1,0],"7":[0,0],"8":[0,0],"9":[0,0],"10":[0,0],"11":[0,0],"12":[3],"13":[3,3],"14":[3,0],"15":[0,2],"16":[1,3],"17":[1,3],"18":[1,0],"19":[2,0],"20":[3,0],"21":[3,3],"22":[1,0],"23":[0,0],"24":[0,0],"25":[0,0],"26":[0,0],"27":[0,0],"28":[0,0],"29":[0,0]},"_coverageSchema":"1a1c01bbd47fc00a2c39e90264f33305004495a9","hash":"82cfdb1bfc08e444c1375fb4f7771883d60d8930"}
,"C:\\Users\\caiol\\OneDrive\\Área de Trabalho\\ProjetoTCC\\Aplicativo_TCC_TEA\\backend\\tests\\utils\\dbHelper.js": {"path":"C:\\Users\\caiol\\OneDrive\\Área de Trabalho\\ProjetoTCC\\Aplicativo_TCC_TEA\\backend\\tests\\utils\\dbHelper.js","statementMap":{"0":{"start":{"line":1,"column":11},"end":{"line":1,"column":41}},"1":{"start":{"line":2,"column":15},"end":{"line":2,"column":34}},"2":{"start":{"line":3,"column":15},"end":{"line":3,"column":32}},"3":{"start":{"line":6,"column":22},"end":{"line":21,"column":1}},"4":{"start":{"line":7,"column":2},"end":{"line":7,"column":42}},"5":{"start":{"line":8,"column":2},"end":{"line":8,"column":58}},"6":{"start":{"line":9,"column":2},"end":{"line":9,"column":57}},"7":{"start":{"line":10,"column":2},"end":{"line":10,"column":50}},"8":{"start":{"line":11,"column":2},"end":{"line":11,"column":54}},"9":{"start":{"line":12,"column":2},"end":{"line":12,"column":47}},"10":{"start":{"line":13,"column":2},"end":{"line":13,"column":51}},"11":{"start":{"line":14,"column":2},"end":{"line":14,"column":50}},"12":{"start":{"line":15,"column":2},"end":{"line":15,"column":48}},"13":{"start":{"line":16,"column":2},"end":{"line":16,"column":50}},"14":{"start":{"line":17,"column":2},"end":{"line":17,"column":42}},"15":{"start":{"line":18,"column":2},"end":{"line":18,"column":42}},"16":{"start":{"line":19,"column":2},"end":{"line":19,"column":43}},"17":{"start":{"line":20,"column":2},"end":{"line":20,"column":43}},"18":{"start":{"line":24,"column":31},"end":{"line":62,"column":1}},"19":{"start":{"line":26,"column":23},"end":{"line":26,"column":60}},"20":{"start":{"line":27,"column":20},"end":{"line":27,"column":30}},"21":{"start":{"line":29,"column":20},"end":{"line":29,"column":53}},"22":{"start":{"line":32,"column":18},"end":{"line":32,"column":86}},"23":{"start":{"line":35,"column":18},"end":{"line":47,"column":3}},"24":{"start":{"line":48,"column":19},"end":{"line":48,"column":34}},"25":{"start":{"line":51,"column":23},"end":{"line":55,"column":3}},"26":{"start":{"line":57,"column":2},"end":{"line":61,"column":4}},"27":{"start":{"line":64,"column":25},"end":{"line":108,"column":1}},"28":{"start":{"line":65,"column":20},"end":{"line":65,"column":30}},"29":{"start":{"line":66,"column":23},"end":{"line":66,"column":60}},"30":{"start":{"line":69,"column":20},"end":{"line":72,"column":3}},"31":{"start":{"line":73,"column":19},"end":{"line":73,"column":39}},"32":{"start":{"line":76,"column":21},"end":{"line":76,"column":29}},"33":{"start":{"line":77,"column":23},"end":{"line":77,"column":113}},"34":{"start":{"line":78,"column":2},"end":{"line":82,"column":3}},"35":{"start":{"line":79,"column":6},"end":{"line":79,"column":45}},"36":{"start":{"line":81,"column":6},"end":{"line":81,"column":113}},"37":{"start":{"line":85,"column":18},"end":{"line":88,"column":3}},"38":{"start":{"line":89,"column":21},"end":{"line":89,"column":39}},"39":{"start":{"line":92,"column":14},"end":{"line":95,"column":3}},"40":{"start":{"line":96,"column":14},"end":{"line":99,"column":3}},"41":{"start":{"line":101,"column":2},"end":{"line":107,"column":4}},"42":{"start":{"line":110,"column":29},"end":{"line":146,"column":1}},"43":{"start":{"line":111,"column":20},"end":{"line":111,"column":30}},"44":{"start":{"line":112,"column":23},"end":{"line":112,"column":60}},"45":{"start":{"line":115,"column":17},"end":{"line":115,"column":122}},"46":{"start":{"line":116,"column":19},"end":{"line":116,"column":36}},"47":{"start":{"line":119,"column":16},"end":{"line":119,"column":161}},"48":{"start":{"line":120,"column":16},"end":{"line":120,"column":162}},"49":{"start":{"line":122,"column":18},"end":{"line":122,"column":34}},"50":{"start":{"line":123,"column":19},"end":{"line":123,"column":35}},"51":{"start":{"line":126,"column":13},"end":{"line":129,"column":3}},"52":{"start":{"line":130,"column":13},"end":{"line":133,"column":3}},"53":{"start":{"line":136,"column":2},"end":{"line":136,"column":126}},"54":{"start":{"line":137,"column":2},"end":{"line":137,"column":126}},"55":{"start":{"line":139,"column":2},"end":{"line":145,"column":4}},"56":{"start":{"line":148,"column":0},"end":{"line":148,"column":99}}},"fnMap":{"0":{"name":"(anonymous_0)","decl":{"start":{"line":6,"column":22},"end":{"line":6,"column":23}},"loc":{"start":{"line":6,"column":34},"end":{"line":21,"column":1}},"line":6},"1":{"name":"(anonymous_1)","decl":{"start":{"line":24,"column":31},"end":{"line":24,"column":32}},"loc":{"start":{"line":24,"column":58},"end":{"line":62,"column":1}},"line":24},"2":{"name":"(anonymous_2)","decl":{"start":{"line":64,"column":25},"end":{"line":64,"column":26}},"loc":{"start":{"line":64,"column":37},"end":{"line":108,"column":1}},"line":64},"3":{"name":"(anonymous_3)","decl":{"start":{"line":110,"column":29},"end":{"line":110,"column":30}},"loc":{"start":{"line":110,"column":41},"end":{"line":146,"column":1}},"line":110}},"branchMap":{"0":{"loc":{"start":{"line":24,"column":38},"end":{"line":24,"column":53}},"type":"default-arg","locations":[{"start":{"line":24,"column":45},"end":{"line":24,"column":53}}],"line":24},"1":{"loc":{"start":{"line":78,"column":2},"end":{"line":82,"column":3}},"type":"if","locations":[{"start":{"line":78,"column":2},"end":{"line":82,"column":3}},{"start":{"line":80,"column":9},"end":{"line":82,"column":3}}],"line":78}},"s":{"0":6,"1":6,"2":6,"3":6,"4":6,"5":6,"6":6,"7":6,"8":6,"9":6,"10":6,"11":6,"12":6,"13":6,"14":6,"15":6,"16":6,"17":6,"18":6,"19":7,"20":7,"21":7,"22":7,"23":7,"24":7,"25":7,"26":7,"27":6,"28":1,"29":1,"30":1,"31":1,"32":1,"33":1,"34":1,"35":0,"36":1,"37":1,"38":1,"39":1,"40":1,"41":1,"42":6,"43":3,"44":3,"45":3,"46":3,"47":3,"48":3,"49":3,"50":3,"51":3,"52":3,"53":3,"54":3,"55":3,"56":6},"f":{"0":6,"1":7,"2":1,"3":3},"b":{"0":[0],"1":[0,1]},"_coverageSchema":"1a1c01bbd47fc00a2c39e90264f33305004495a9","hash":"b828e98d49ea9563729ef1c948863f24ecf2d6ed"}
}
