TN:
SF:src\app.js
FN:15,(anonymous_0)
FNF:1
FNH:0
FNDA:0,(anonymous_0)
DA:1,6
DA:2,6
DA:5,6
DA:7,6
DA:10,6
DA:12,6
DA:15,6
DA:16,0
DA:19,6
LF:9
LH:8
BRF:0
BRH:0
end_of_record
TN:
SF:src\api\controllers\assistidoController.js
FN:3,(anonymous_0)
FN:34,(anonymous_1)
FN:46,(anonymous_2)
FN:65,(anonymous_3)
FN:89,(anonymous_4)
FNF:5
FNH:4
FNDA:2,(anonymous_0)
FNDA:1,(anonymous_1)
FNDA:0,(anonymous_2)
FNDA:2,(anonymous_3)
FNDA:2,(anonymous_4)
DA:1,6
DA:3,6
DA:4,2
DA:5,0
DA:8,2
DA:9,2
DA:11,2
DA:12,1
DA:15,1
DA:16,1
DA:23,1
DA:28,0
DA:29,0
DA:34,6
DA:35,1
DA:36,1
DA:37,1
DA:38,1
DA:40,0
DA:41,0
DA:46,6
DA:47,0
DA:48,0
DA:50,0
DA:52,0
DA:54,0
DA:55,0
DA:58,0
DA:60,0
DA:61,0
DA:65,6
DA:66,2
DA:67,2
DA:68,2
DA:70,2
DA:72,2
DA:73,2
DA:74,1
DA:78,1
DA:79,1
DA:84,0
DA:85,0
DA:89,6
DA:91,2
DA:92,0
DA:95,2
DA:96,2
DA:98,2
DA:100,2
DA:101,2
DA:102,1
DA:106,1
DA:107,1
DA:109,0
DA:110,0
LF:55
LH:36
BRDA:4,0,0,0
BRDA:4,0,1,2
BRDA:11,1,0,1
BRDA:11,1,1,1
BRDA:11,2,0,2
BRDA:11,2,1,1
BRDA:54,3,0,0
BRDA:54,3,1,0
BRDA:73,4,0,1
BRDA:73,4,1,1
BRDA:91,5,0,0
BRDA:91,5,1,2
BRDA:101,6,0,1
BRDA:101,6,1,1
BRF:14
BRH:10
end_of_record
TN:
SF:src\api\controllers\authController.js
FN:7,(anonymous_0)
FN:12,checkQuestionariosConcluidos
FN:18,(anonymous_2)
FN:104,(anonymous_3)
FN:153,(anonymous_4)
FNF:5
FNH:4
FNDA:7,(anonymous_0)
FNDA:1,checkQuestionariosConcluidos
FNDA:3,(anonymous_2)
FNDA:8,(anonymous_3)
FNDA:0,(anonymous_4)
DA:1,6
DA:2,6
DA:3,6
DA:4,6
DA:5,6
DA:7,6
DA:8,7
DA:13,1
DA:14,1
DA:15,1
DA:18,6
DA:20,3
DA:23,3
DA:24,1
DA:28,2
DA:29,0
DA:33,2
DA:34,1
DA:38,1
DA:39,1
DA:40,0
DA:44,1
DA:46,1
DA:47,1
DA:50,1
DA:51,1
DA:52,0
DA:53,0
DA:54,0
DA:58,1
DA:62,1
DA:64,1
DA:65,1
DA:72,1
DA:75,1
DA:77,1
DA:91,0
DA:92,0
DA:93,0
DA:94,0
DA:95,0
DA:96,0
DA:98,0
DA:100,1
DA:104,6
DA:105,8
DA:107,8
DA:108,0
DA:111,8
DA:112,8
DA:113,8
DA:115,7
DA:116,7
DA:118,6
DA:119,6
DA:121,6
DA:122,1
DA:123,1
DA:125,1
DA:126,1
DA:128,1
DA:130,0
DA:134,6
DA:148,0
DA:149,0
DA:153,6
DA:154,0
DA:156,0
DA:157,0
DA:160,0
DA:161,0
DA:164,0
DA:165,0
DA:166,0
DA:167,0
DA:170,0
DA:171,0
DA:175,0
DA:177,0
DA:178,0
DA:181,0
DA:183,0
DA:186,0
DA:187,0
LF:84
LH:50
BRDA:23,0,0,1
BRDA:23,0,1,2
BRDA:23,1,0,3
BRDA:23,1,1,3
BRDA:23,1,2,2
BRDA:23,1,3,2
BRDA:23,1,4,2
BRDA:23,1,5,2
BRDA:28,2,0,0
BRDA:28,2,1,2
BRDA:28,3,0,2
BRDA:28,3,1,2
BRDA:33,4,0,1
BRDA:33,4,1,1
BRDA:38,5,0,1
BRDA:38,5,1,0
BRDA:39,6,0,0
BRDA:39,6,1,1
BRDA:39,7,0,1
BRDA:39,7,1,1
BRDA:51,8,0,0
BRDA:51,8,1,1
BRDA:64,9,0,1
BRDA:64,9,1,0
BRDA:93,10,0,0
BRDA:93,10,1,0
BRDA:94,11,0,0
BRDA:94,11,1,0
BRDA:95,12,0,0
BRDA:95,12,1,0
BRDA:107,13,0,0
BRDA:107,13,1,8
BRDA:107,14,0,8
BRDA:107,14,1,8
BRDA:113,15,0,1
BRDA:113,15,1,7
BRDA:116,16,0,1
BRDA:116,16,1,6
BRDA:121,17,0,1
BRDA:121,17,1,5
BRDA:125,18,0,1
BRDA:125,18,1,0
BRDA:156,19,0,0
BRDA:156,19,1,0
BRDA:156,20,0,0
BRDA:156,20,1,0
BRDA:156,20,2,0
BRDA:160,21,0,0
BRDA:160,21,1,0
BRDA:166,22,0,0
BRDA:166,22,1,0
BRDA:170,23,0,0
BRDA:170,23,1,0
BRDA:177,24,0,0
BRDA:177,24,1,0
BRF:55
BRH:29
end_of_record
TN:
SF:src\api\controllers\cuidadorController.js
FN:3,(anonymous_0)
FN:7,(anonymous_1)
FNF:2
FNH:2
FNDA:1,(anonymous_0)
FNDA:3,(anonymous_1)
DA:1,6
DA:3,6
DA:4,1
DA:7,6
DA:8,3
DA:9,3
DA:11,3
DA:13,3
DA:14,1
DA:17,2
DA:18,1
DA:23,1
DA:24,1
DA:25,1
DA:27,0
LF:15
LH:14
BRDA:13,0,0,1
BRDA:13,0,1,2
BRDA:13,1,0,3
BRDA:13,1,1,3
BRDA:13,1,2,2
BRDA:13,1,3,2
BRDA:24,2,0,1
BRDA:24,2,1,0
BRF:8
BRH:7
end_of_record
TN:
SF:src\api\controllers\questionarioController.js
FN:7,(anonymous_0)
FN:18,(anonymous_1)
FN:35,(anonymous_2)
FN:53,(anonymous_3)
FN:63,(anonymous_4)
FNF:5
FNH:2
FNDA:0,(anonymous_0)
FNDA:0,(anonymous_1)
FNDA:1,(anonymous_2)
FNDA:1,(anonymous_3)
FNDA:0,(anonymous_4)
DA:1,6
DA:2,6
DA:3,6
DA:7,6
DA:8,0
DA:9,0
DA:10,0
DA:12,0
DA:13,0
DA:18,6
DA:19,0
DA:20,0
DA:21,0
DA:23,0
DA:24,0
DA:27,0
DA:29,0
DA:30,0
DA:35,6
DA:36,1
DA:37,1
DA:38,1
DA:40,1
DA:41,0
DA:44,1
DA:46,1
DA:53,1
DA:60,1
DA:62,1
DA:63,0
DA:65,1
DA:67,0
DA:68,0
LF:33
LH:16
BRDA:23,0,0,0
BRDA:23,0,1,0
BRDA:40,1,0,0
BRDA:40,1,1,1
BRDA:40,2,0,1
BRDA:40,2,1,1
BRDA:40,2,2,1
BRDA:40,2,3,1
BRF:8
BRH:5
end_of_record
TN:
SF:src\api\controllers\relatorioController.js
FN:4,(anonymous_0)
FN:57,(anonymous_1)
FNF:2
FNH:2
FNDA:2,(anonymous_0)
FNDA:1,(anonymous_1)
DA:1,6
DA:2,6
DA:4,6
DA:5,2
DA:6,2
DA:8,2
DA:10,2
DA:11,2
DA:12,1
DA:16,1
DA:31,1
DA:48,1
DA:54,1
DA:55,1
DA:57,1
DA:58,1
DA:59,1
DA:64,1
DA:66,1
DA:73,1
DA:84,1
DA:87,0
DA:88,0
LF:23
LH:21
BRDA:11,0,0,1
BRDA:11,0,1,1
BRDA:58,1,0,1
BRDA:58,1,1,0
BRDA:67,2,0,1
BRDA:67,2,1,0
BRDA:67,3,0,1
BRDA:67,3,1,0
BRF:8
BRH:5
end_of_record
TN:
SF:src\api\controllers\sugestaoController.js
FN:4,(anonymous_0)
FN:45,(anonymous_1)
FN:54,(anonymous_2)
FNF:3
FNH:1
FNDA:3,(anonymous_0)
FNDA:0,(anonymous_1)
FNDA:0,(anonymous_2)
DA:1,6
DA:2,6
DA:4,6
DA:5,3
DA:6,3
DA:8,3
DA:9,3
DA:10,1
DA:13,2
DA:15,2
DA:16,2
DA:17,1
DA:21,1
DA:24,1
DA:25,1
DA:26,1
DA:28,0
DA:32,1
DA:33,0
DA:37,1
DA:40,0
DA:41,0
DA:45,6
DA:46,0
DA:47,0
DA:48,0
DA:51,0
DA:52,0
DA:54,0
DA:55,0
DA:57,0
DA:58,0
DA:59,0
DA:62,0
DA:64,0
DA:65,0
DA:66,0
DA:70,0
DA:76,0
DA:77,0
DA:78,0
DA:82,0
DA:85,0
DA:86,0
LF:44
LH:19
BRDA:9,0,0,1
BRDA:9,0,1,2
BRDA:16,1,0,1
BRDA:16,1,1,1
BRDA:24,2,0,1
BRDA:24,2,1,0
BRDA:32,3,0,0
BRDA:32,3,1,1
BRDA:51,4,0,0
BRDA:51,4,1,0
BRDA:54,5,0,0
BRDA:54,5,1,0
BRDA:54,6,0,0
BRDA:54,6,1,0
BRDA:58,7,0,0
BRDA:58,7,1,0
BRDA:65,8,0,0
BRDA:65,8,1,0
BRDA:76,9,0,0
BRDA:76,9,1,0
BRF:20
BRH:6
end_of_record
TN:
SF:src\api\middlewares\authMiddleware.js
FN:4,(anonymous_0)
FNF:1
FNH:1
FNDA:18,(anonymous_0)
DA:1,6
DA:2,6
DA:4,6
DA:8,18
DA:9,18
DA:10,18
DA:13,18
DA:16,18
DA:18,18
DA:19,0
DA:22,18
DA:24,0
DA:25,0
DA:29,18
DA:30,0
LF:15
LH:11
BRDA:8,0,0,18
BRDA:8,0,1,0
BRDA:8,1,0,18
BRDA:8,1,1,18
BRDA:18,2,0,0
BRDA:18,2,1,18
BRDA:29,3,0,0
BRDA:29,3,1,18
BRF:8
BRH:5
end_of_record
TN:
SF:src\api\models\AlimentoSeguro.js
FN:3,(anonymous_0)
FN:8,(anonymous_1)
FN:28,(anonymous_2)
FNF:3
FNH:0
FNDA:0,(anonymous_0)
FNDA:0,(anonymous_1)
FNDA:0,(anonymous_2)
DA:1,7
DA:3,7
DA:5,7
DA:9,0
DA:10,0
DA:11,0
DA:12,0
DA:14,0
DA:19,0
DA:20,0
DA:22,0
DA:23,0
DA:29,0
DA:30,0
DA:31,0
DA:32,0
DA:34,0
DA:38,0
DA:39,0
DA:41,0
DA:42,0
DA:47,7
LF:22
LH:4
BRDA:3,0,0,0
BRDA:3,0,1,0
BRDA:10,1,0,0
BRDA:10,1,1,0
BRDA:10,2,0,0
BRDA:10,2,1,0
BRDA:30,3,0,0
BRDA:30,3,1,0
BRDA:30,4,0,0
BRDA:30,4,1,0
BRF:10
BRH:0
end_of_record
TN:
SF:src\api\models\Assistido.js
FN:3,(anonymous_0)
FN:6,(anonymous_1)
FN:21,(anonymous_2)
FN:27,(anonymous_3)
FN:33,(anonymous_4)
FN:46,(anonymous_5)
FNF:6
FNH:6
FNDA:2,(anonymous_0)
FNDA:2,(anonymous_1)
FNDA:1,(anonymous_2)
FNDA:8,(anonymous_3)
FNDA:1,(anonymous_4)
FNDA:1,(anonymous_5)
DA:1,6
DA:3,6
DA:5,6
DA:7,2
DA:9,2
DA:14,2
DA:16,2
DA:17,2
DA:22,1
DA:23,1
DA:24,1
DA:28,8
DA:29,8
DA:30,8
DA:34,1
DA:40,1
DA:42,1
DA:43,1
DA:47,1
DA:48,1
DA:49,1
DA:53,6
LF:22
LH:22
BRDA:3,0,0,2
BRDA:3,0,1,1
BRF:2
BRH:2
end_of_record
TN:
SF:src\api\models\Cuidador.js
FN:4,(anonymous_0)
FN:8,(anonymous_1)
FN:30,(anonymous_2)
FN:37,(anonymous_3)
FN:43,(anonymous_4)
FN:55,(anonymous_5)
FNF:6
FNH:5
FNDA:1,(anonymous_0)
FNDA:1,(anonymous_1)
FNDA:9,(anonymous_2)
FNDA:18,(anonymous_3)
FNDA:2,(anonymous_4)
FNDA:0,(anonymous_5)
DA:1,6
DA:2,6
DA:4,6
DA:6,6
DA:9,1
DA:11,1
DA:12,1
DA:15,1
DA:19,1
DA:24,1
DA:26,1
DA:27,1
DA:32,9
DA:33,9
DA:34,9
DA:38,18
DA:39,18
DA:40,18
DA:44,2
DA:50,2
DA:51,2
DA:52,1
DA:56,0
DA:57,0
DA:59,0
DA:60,0
DA:64,6
LF:27
LH:23
BRDA:4,0,0,1
BRDA:4,0,1,0
BRDA:15,1,0,1
BRDA:15,1,1,0
BRDA:24,2,0,1
BRDA:24,2,1,0
BRF:6
BRH:3
end_of_record
TN:
SF:src\api\models\Questionario.js
FN:6,(anonymous_0)
FN:14,(anonymous_1)
FN:28,(anonymous_2)
FN:37,(anonymous_3)
FN:40,(anonymous_4)
FNF:5
FNH:0
FNDA:0,(anonymous_0)
FNDA:0,(anonymous_1)
FNDA:0,(anonymous_2)
FNDA:0,(anonymous_3)
FNDA:0,(anonymous_4)
DA:1,6
DA:3,6
DA:7,0
DA:8,0
DA:9,0
DA:16,0
DA:21,0
DA:23,0
DA:24,0
DA:28,0
DA:29,0
DA:34,0
DA:37,0
DA:38,0
DA:40,0
DA:44,0
DA:48,6
LF:17
LH:3
BRDA:23,0,0,0
BRDA:23,0,1,0
BRF:2
BRH:0
end_of_record
TN:
SF:src\api\models\Resposta.js
FN:6,(anonymous_0)
FN:31,(anonymous_1)
FN:41,(anonymous_2)
FNF:3
FNH:3
FNDA:1,(anonymous_0)
FNDA:1,(anonymous_1)
FNDA:1,(anonymous_2)
DA:1,6
DA:3,6
DA:7,1
DA:12,1
DA:13,1
DA:14,1
DA:15,1
DA:16,0
DA:18,1
DA:19,1
DA:21,0
DA:22,0
DA:32,1
DA:33,0
DA:37,1
DA:38,1
DA:39,1
DA:41,1
DA:42,1
DA:43,1
DA:46,1
DA:51,1
DA:52,1
DA:53,1
DA:54,1
DA:56,0
DA:57,0
DA:58,0
DA:63,6
LF:29
LH:22
BRDA:15,0,0,0
BRDA:15,0,1,1
BRDA:32,1,0,0
BRDA:32,1,1,1
BRDA:32,2,0,1
BRDA:32,2,1,1
BRF:6
BRH:4
end_of_record
TN:
SF:src\api\routes\assistidoRoutes.js
FNF:0
FNH:0
DA:1,6
DA:2,6
DA:3,6
DA:4,6
DA:6,6
DA:11,6
DA:14,6
DA:17,6
DA:20,6
DA:22,6
DA:24,6
LF:11
LH:11
BRF:0
BRH:0
end_of_record
TN:
SF:src\api\routes\authRoutes.js
FNF:0
FNH:0
DA:1,6
DA:2,6
DA:3,6
DA:6,6
DA:9,6
DA:12,6
DA:14,6
LF:7
LH:7
BRF:0
BRH:0
end_of_record
TN:
SF:src\api\routes\cuidadorRoutes.js
FNF:0
FNH:0
DA:1,6
DA:2,6
DA:3,6
DA:4,6
DA:7,6
DA:10,6
DA:13,6
DA:15,6
LF:8
LH:8
BRF:0
BRH:0
end_of_record
TN:
SF:src\api\routes\index.js
FNF:0
FNH:0
DA:1,6
DA:2,6
DA:5,6
DA:6,6
DA:7,6
DA:8,6
DA:9,6
DA:10,6
DA:13,6
DA:14,6
DA:15,6
DA:16,6
DA:17,6
DA:18,6
DA:20,6
LF:15
LH:15
BRF:0
BRH:0
end_of_record
TN:
SF:src\api\routes\questionarioRoutes.js
FNF:0
FNH:0
DA:1,6
DA:2,6
DA:3,6
DA:4,6
DA:7,6
DA:10,6
DA:13,6
DA:16,6
DA:18,6
LF:9
LH:9
BRF:0
BRH:0
end_of_record
TN:
SF:src\api\routes\relatorioRoutes.js
FNF:0
FNH:0
DA:1,6
DA:2,6
DA:3,6
DA:4,6
DA:8,6
DA:10,6
LF:6
LH:6
BRF:0
BRH:0
end_of_record
TN:
SF:src\api\routes\sugestaoRoutes.js
FNF:0
FNH:0
DA:1,6
DA:2,6
DA:3,6
DA:4,6
DA:6,6
DA:16,6
DA:26,6
DA:28,6
LF:8
LH:8
BRF:0
BRH:0
end_of_record
TN:
SF:src\config\db.js
FN:13,(anonymous_0)
FNF:1
FNH:1
FNDA:186,(anonymous_0)
DA:1,8
DA:4,8
DA:12,8
DA:13,186
LF:4
LH:4
BRDA:5,0,0,8
BRDA:5,0,1,8
BRDA:5,0,2,8
BRDA:6,1,0,8
BRDA:6,1,1,8
BRDA:6,1,2,8
BRDA:7,2,0,8
BRDA:7,2,1,8
BRDA:7,2,2,7
BRDA:8,3,0,8
BRDA:8,3,1,8
BRDA:8,3,2,7
BRF:12
BRH:12
end_of_record
TN:
SF:src\services\processamentoQuestionarioService.js
FN:6,processarRespostasEGerarAlimentosSeguros
FN:37,(anonymous_1)
FN:52,(anonymous_2)
FNF:3
FNH:3
FNDA:2,processarRespostasEGerarAlimentosSeguros
FNDA:2,(anonymous_1)
FNDA:2,(anonymous_2)
DA:1,7
DA:4,7
DA:8,2
DA:9,2
DA:10,2
DA:12,2
DA:14,2
DA:22,2
DA:23,0
DA:24,0
DA:25,0
DA:27,2
DA:29,2
DA:37,2
DA:38,2
DA:39,0
DA:40,0
DA:41,0
DA:44,2
DA:52,2
DA:53,2
DA:54,0
DA:58,2
DA:59,2
DA:60,2
DA:64,2
DA:65,2
DA:68,2
DA:70,2
DA:71,2
DA:74,0
DA:76,0
DA:77,0
DA:79,0
DA:80,0
DA:82,2
DA:86,7
LF:37
LH:25
BRDA:22,0,0,0
BRDA:22,0,1,2
BRDA:38,1,0,0
BRDA:38,1,1,2
BRDA:53,2,0,0
BRDA:53,2,1,2
BRDA:64,3,0,2
BRDA:64,3,1,0
BRDA:76,4,0,0
BRDA:76,4,1,0
BRF:10
BRH:4
end_of_record
TN:
SF:src\services\sugestaoService.js
FN:30,getContexto
FN:51,(anonymous_1)
FN:55,getCandidatos
FN:80,escolherMelhorOpcao
FN:82,(anonymous_4)
FN:85,(anonymous_5)
FN:88,(anonymous_6)
FN:100,(anonymous_7)
FN:137,(anonymous_8)
FN:147,gerarESalvarSugestao
FN:227,getUltimaSugestaoAtiva
FN:241,(anonymous_11)
FN:243,(anonymous_12)
FN:254,(anonymous_13)
FN:259,processarFeedbackESalvarNovaSugestao
FNF:15
FNH:9
FNDA:2,getContexto
FNDA:0,(anonymous_1)
FNDA:4,getCandidatos
FNDA:4,escolherMelhorOpcao
FNDA:1,(anonymous_4)
FNDA:1,(anonymous_5)
FNDA:1,(anonymous_6)
FNDA:1,(anonymous_7)
FNDA:0,(anonymous_8)
FNDA:3,gerarESalvarSugestao
FNDA:1,getUltimaSugestaoAtiva
FNDA:0,(anonymous_11)
FNDA:0,(anonymous_12)
FNDA:0,(anonymous_13)
FNDA:0,processarFeedbackESalvarNovaSugestao
DA:1,7
DA:2,7
DA:3,7
DA:4,7
DA:7,7
DA:15,7
DA:32,2
DA:41,2
DA:49,2
DA:51,0
DA:57,4
DA:67,4
DA:68,3
DA:75,4
DA:82,4
DA:83,4
DA:85,1
DA:88,1
DA:89,1
DA:90,1
DA:91,1
DA:92,1
DA:94,1
DA:95,1
DA:98,1
DA:100,1
DA:101,1
DA:105,1
DA:106,1
DA:107,1
DA:108,1
DA:111,0
DA:112,0
DA:116,0
DA:117,0
DA:118,0
DA:119,0
DA:122,0
DA:123,0
DA:124,0
DA:125,0
DA:129,0
DA:130,0
DA:133,1
DA:137,1
DA:138,0
DA:139,0
DA:142,1
DA:148,3
DA:149,3
DA:151,3
DA:152,3
DA:154,2
DA:155,2
DA:157,2
DA:159,1
DA:160,1
DA:163,1
DA:164,4
DA:165,4
DA:167,4
DA:168,1
DA:177,1
DA:180,3
DA:188,1
DA:192,1
DA:195,1
DA:196,1
DA:197,4
DA:203,4
DA:214,1
DA:216,1
DA:219,2
DA:220,1
DA:223,3
DA:228,1
DA:239,1
DA:241,0
DA:243,0
DA:253,0
DA:254,0
DA:256,0
DA:260,0
DA:261,0
DA:262,0
DA:264,0
DA:265,0
DA:268,0
DA:271,0
DA:272,0
DA:273,0
DA:274,0
DA:279,0
DA:282,0
DA:285,0
DA:286,0
DA:288,0
DA:292,7
LF:98
LH:63
BRDA:67,0,0,3
BRDA:67,0,1,1
BRDA:83,1,0,3
BRDA:83,1,1,1
BRDA:98,2,0,1
BRDA:98,2,1,0
BRDA:98,3,0,1
BRDA:98,3,1,1
BRDA:101,4,0,1
BRDA:101,4,1,0
BRDA:102,5,0,0
BRDA:102,5,1,0
BRDA:105,6,0,1
BRDA:105,6,1,0
BRDA:116,7,0,0
BRDA:116,7,1,0
BRDA:116,8,0,0
BRDA:116,8,1,0
BRDA:122,9,0,0
BRDA:122,9,1,0
BRDA:122,10,0,0
BRDA:122,10,1,0
BRDA:138,11,0,0
BRDA:138,11,1,0
BRDA:147,12,0,3
BRDA:148,13,0,3
BRDA:148,13,1,3
BRDA:152,14,0,3
BRDA:152,14,1,0
BRDA:155,15,0,0
BRDA:155,15,1,2
BRDA:167,16,0,1
BRDA:167,16,1,3
BRDA:205,17,0,1
BRDA:205,17,1,3
BRDA:214,18,0,1
BRDA:214,18,1,0
BRDA:219,19,0,2
BRDA:219,19,1,0
BRDA:223,20,0,3
BRDA:223,20,1,0
BRDA:223,21,0,3
BRDA:223,21,1,3
BRDA:239,22,0,1
BRDA:239,22,1,0
BRDA:241,23,0,0
BRDA:241,23,1,0
BRDA:241,24,0,0
BRDA:241,24,1,0
BRDA:244,25,0,0
BRDA:244,25,1,0
BRDA:253,26,0,0
BRDA:253,26,1,0
BRDA:265,27,0,0
BRDA:265,27,1,0
BRDA:271,28,0,0
BRDA:271,28,1,0
BRDA:273,29,0,0
BRDA:273,29,1,0
BRF:59
BRH:24
end_of_record
TN:
SF:tests\utils\dbHelper.js
FN:6,(anonymous_0)
FN:24,(anonymous_1)
FN:64,(anonymous_2)
FN:110,(anonymous_3)
FNF:4
FNH:4
FNDA:6,(anonymous_0)
FNDA:7,(anonymous_1)
FNDA:1,(anonymous_2)
FNDA:3,(anonymous_3)
DA:1,6
DA:2,6
DA:3,6
DA:6,6
DA:7,6
DA:8,6
DA:9,6
DA:10,6
DA:11,6
DA:12,6
DA:13,6
DA:14,6
DA:15,6
DA:16,6
DA:17,6
DA:18,6
DA:19,6
DA:20,6
DA:24,6
DA:26,7
DA:27,7
DA:29,7
DA:32,7
DA:35,7
DA:48,7
DA:51,7
DA:57,7
DA:64,6
DA:65,1
DA:66,1
DA:69,1
DA:73,1
DA:76,1
DA:77,1
DA:78,1
DA:79,0
DA:81,1
DA:85,1
DA:89,1
DA:92,1
DA:96,1
DA:101,1
DA:110,6
DA:111,3
DA:112,3
DA:115,3
DA:116,3
DA:119,3
DA:120,3
DA:122,3
DA:123,3
DA:126,3
DA:130,3
DA:136,3
DA:137,3
DA:139,3
DA:148,6
LF:57
LH:56
BRDA:24,0,0,0
BRDA:78,1,0,0
BRDA:78,1,1,1
BRF:3
BRH:1
end_of_record
