{"C:\\Users\\gabri\\OneDrive\\Desktop\\tcc-tea\\Aplicativo_TCC_TEA\\app-tea\\api\\apiClient.ts": {"path":"C:\\Users\\gabri\\OneDrive\\Desktop\\tcc-tea\\Aplicativo_TCC_TEA\\app-tea\\api\\apiClient.ts","statementMap":{"0":{"start":{"line":6,"column":28},"end":{"line":6,"column":58}},"1":{"start":{"line":15,"column":27},"end":{"line":27,"column":1}},"2":{"start":{"line":16,"column":4},"end":{"line":16,"column":64}},"3":{"start":{"line":16,"column":53},"end":{"line":16,"column":64}},"4":{"start":{"line":17,"column":25},"end":{"line":17,"column":46}},"5":{"start":{"line":18,"column":4},"end":{"line":24,"column":7}},"6":{"start":{"line":19,"column":8},"end":{"line":23,"column":9}},"7":{"start":{"line":20,"column":12},"end":{"line":20,"column":68}},"8":{"start":{"line":20,"column":31},"end":{"line":20,"column":66}},"9":{"start":{"line":21,"column":15},"end":{"line":23,"column":9}},"10":{"start":{"line":22,"column":12},"end":{"line":22,"column":52}},"11":{"start":{"line":25,"column":24},"end":{"line":25,"column":47}},"12":{"start":{"line":26,"column":4},"end":{"line":26,"column":55}},"13":{"start":{"line":30,"column":25},"end":{"line":115,"column":1}},"14":{"start":{"line":34,"column":93},"end":{"line":34,"column":100}},"15":{"start":{"line":36,"column":40},"end":{"line":39,"column":5}},"16":{"start":{"line":41,"column":4},"end":{"line":51,"column":5}},"17":{"start":{"line":42,"column":22},"end":{"line":42,"column":65}},"18":{"start":{"line":43,"column":8},"end":{"line":49,"column":9}},"19":{"start":{"line":44,"column":12},"end":{"line":44,"column":89}},"20":{"start":{"line":45,"column":12},"end":{"line":45,"column":90}},"21":{"start":{"line":48,"column":12},"end":{"line":48,"column":24}},"22":{"start":{"line":50,"column":8},"end":{"line":50,"column":88}},"23":{"start":{"line":53,"column":16},"end":{"line":53,"column":72}},"24":{"start":{"line":54,"column":38},"end":{"line":59,"column":5}},"25":{"start":{"line":62,"column":0},"end":{"line":62,"column":43}},"26":{"start":{"line":63,"column":0},"end":{"line":63,"column":27}},"27":{"start":{"line":64,"column":0},"end":{"line":64,"column":33}},"28":{"start":{"line":65,"column":0},"end":{"line":65,"column":58}},"29":{"start":{"line":66,"column":0},"end":{"line":68,"column":1}},"30":{"start":{"line":67,"column":4},"end":{"line":67,"column":49}},"31":{"start":{"line":69,"column":4},"end":{"line":114,"column":5}},"32":{"start":{"line":70,"column":25},"end":{"line":70,"column":55}},"33":{"start":{"line":71,"column":29},"end":{"line":71,"column":50}},"34":{"start":{"line":73,"column":24},"end":{"line":73,"column":26}},"35":{"start":{"line":74,"column":8},"end":{"line":93,"column":9}},"36":{"start":{"line":75,"column":12},"end":{"line":75,"column":64}},"37":{"start":{"line":78,"column":12},"end":{"line":85,"column":13}},"38":{"start":{"line":79,"column":17},"end":{"line":79,"column":114}},"39":{"start":{"line":80,"column":17},"end":{"line":83,"column":19}},"40":{"start":{"line":84,"column":17},"end":{"line":84,"column":29}},"41":{"start":{"line":87,"column":13},"end":{"line":87,"column":93}},"42":{"start":{"line":89,"column":13},"end":{"line":89,"column":90}},"43":{"start":{"line":89,"column":60},"end":{"line":89,"column":90}},"44":{"start":{"line":91,"column":14},"end":{"line":91,"column":98}},"45":{"start":{"line":92,"column":13},"end":{"line":92,"column":25}},"46":{"start":{"line":96,"column":8},"end":{"line":103,"column":9}},"47":{"start":{"line":97,"column":12},"end":{"line":97,"column":81}},"48":{"start":{"line":98,"column":12},"end":{"line":101,"column":14}},"49":{"start":{"line":102,"column":12},"end":{"line":102,"column":24}},"50":{"start":{"line":105,"column":8},"end":{"line":105,"column":25}},"51":{"start":{"line":108,"column":8},"end":{"line":108,"column":76}},"52":{"start":{"line":109,"column":8},"end":{"line":112,"column":10}},"53":{"start":{"line":113,"column":8},"end":{"line":113,"column":20}}},"fnMap":{"0":{"name":"(anonymous_0)","decl":{"start":{"line":15,"column":27},"end":{"line":15,"column":28}},"loc":{"start":{"line":15,"column":82},"end":{"line":27,"column":1}},"line":15},"1":{"name":"(anonymous_1)","decl":{"start":{"line":18,"column":35},"end":{"line":18,"column":36}},"loc":{"start":{"line":18,"column":53},"end":{"line":24,"column":5}},"line":18},"2":{"name":"(anonymous_2)","decl":{"start":{"line":20,"column":26},"end":{"line":20,"column":27}},"loc":{"start":{"line":20,"column":31},"end":{"line":20,"column":66}},"line":20},"3":{"name":"(anonymous_3)","decl":{"start":{"line":30,"column":25},"end":{"line":30,"column":26}},"loc":{"start":{"line":33,"column":24},"end":{"line":115,"column":1}},"line":33}},"branchMap":{"0":{"loc":{"start":{"line":16,"column":4},"end":{"line":16,"column":64}},"type":"if","locations":[{"start":{"line":16,"column":4},"end":{"line":16,"column":64}},{"start":{},"end":{}}],"line":16},"1":{"loc":{"start":{"line":16,"column":8},"end":{"line":16,"column":51}},"type":"binary-expr","locations":[{"start":{"line":16,"column":8},"end":{"line":16,"column":15}},{"start":{"line":16,"column":19},"end":{"line":16,"column":51}}],"line":16},"2":{"loc":{"start":{"line":19,"column":8},"end":{"line":23,"column":9}},"type":"if","locations":[{"start":{"line":19,"column":8},"end":{"line":23,"column":9}},{"start":{"line":21,"column":15},"end":{"line":23,"column":9}}],"line":19},"3":{"loc":{"start":{"line":21,"column":15},"end":{"line":23,"column":9}},"type":"if","locations":[{"start":{"line":21,"column":15},"end":{"line":23,"column":9}},{"start":{},"end":{}}],"line":21},"4":{"loc":{"start":{"line":21,"column":19},"end":{"line":21,"column":56}},"type":"binary-expr","locations":[{"start":{"line":21,"column":19},"end":{"line":21,"column":38}},{"start":{"line":21,"column":42},"end":{"line":21,"column":56}}],"line":21},"5":{"loc":{"start":{"line":26,"column":11},"end":{"line":26,"column":54}},"type":"cond-expr","locations":[{"start":{"line":26,"column":25},"end":{"line":26,"column":48}},{"start":{"line":26,"column":51},"end":{"line":26,"column":54}}],"line":26},"6":{"loc":{"start":{"line":32,"column":4},"end":{"line":32,"column":32}},"type":"default-arg","locations":[{"start":{"line":32,"column":30},"end":{"line":32,"column":32}}],"line":32},"7":{"loc":{"start":{"line":34,"column":12},"end":{"line":34,"column":28}},"type":"default-arg","locations":[{"start":{"line":34,"column":24},"end":{"line":34,"column":28}}],"line":34},"8":{"loc":{"start":{"line":34,"column":44},"end":{"line":34,"column":56}},"type":"default-arg","locations":[{"start":{"line":34,"column":54},"end":{"line":34,"column":56}}],"line":34},"9":{"loc":{"start":{"line":34,"column":58},"end":{"line":34,"column":72}},"type":"default-arg","locations":[{"start":{"line":34,"column":67},"end":{"line":34,"column":72}}],"line":34},"10":{"loc":{"start":{"line":41,"column":4},"end":{"line":51,"column":5}},"type":"if","locations":[{"start":{"line":41,"column":4},"end":{"line":51,"column":5}},{"start":{},"end":{}}],"line":41},"11":{"loc":{"start":{"line":43,"column":8},"end":{"line":49,"column":9}},"type":"if","locations":[{"start":{"line":43,"column":8},"end":{"line":49,"column":9}},{"start":{},"end":{}}],"line":43},"12":{"loc":{"start":{"line":57,"column":14},"end":{"line":57,"column":53}},"type":"cond-expr","locations":[{"start":{"line":57,"column":21},"end":{"line":57,"column":41}},{"start":{"line":57,"column":44},"end":{"line":57,"column":53}}],"line":57},"13":{"loc":{"start":{"line":66,"column":0},"end":{"line":68,"column":1}},"type":"if","locations":[{"start":{"line":66,"column":0},"end":{"line":68,"column":1}},{"start":{},"end":{}}],"line":66},"14":{"loc":{"start":{"line":75,"column":19},"end":{"line":75,"column":63}},"type":"cond-expr","locations":[{"start":{"line":75,"column":34},"end":{"line":75,"column":58}},{"start":{"line":75,"column":61},"end":{"line":75,"column":63}}],"line":75},"15":{"loc":{"start":{"line":78,"column":12},"end":{"line":85,"column":13}},"type":"if","locations":[{"start":{"line":78,"column":12},"end":{"line":85,"column":13}},{"start":{},"end":{}}],"line":78},"16":{"loc":{"start":{"line":89,"column":13},"end":{"line":89,"column":90}},"type":"if","locations":[{"start":{"line":89,"column":13},"end":{"line":89,"column":90}},{"start":{},"end":{}}],"line":89},"17":{"loc":{"start":{"line":96,"column":8},"end":{"line":103,"column":9}},"type":"if","locations":[{"start":{"line":96,"column":8},"end":{"line":103,"column":9}},{"start":{},"end":{}}],"line":96},"18":{"loc":{"start":{"line":100,"column":16},"end":{"line":100,"column":96}},"type":"binary-expr","locations":[{"start":{"line":100,"column":16},"end":{"line":100,"column":27}},{"start":{"line":100,"column":31},"end":{"line":100,"column":44}},{"start":{"line":100,"column":48},"end":{"line":100,"column":96}}],"line":100}},"s":{"0":10,"1":10,"2":4,"3":4,"4":0,"5":0,"6":0,"7":0,"8":0,"9":0,"10":0,"11":0,"12":0,"13":10,"14":4,"15":4,"16":4,"17":1,"18":1,"19":0,"20":0,"21":0,"22":1,"23":4,"24":4,"25":4,"26":4,"27":4,"28":4,"29":4,"30":0,"31":4,"32":4,"33":3,"34":3,"35":3,"36":3,"37":0,"38":0,"39":0,"40":0,"41":0,"42":0,"43":0,"44":0,"45":0,"46":3,"47":1,"48":1,"49":1,"50":2,"51":1,"52":1,"53":1},"f":{"0":4,"1":0,"2":0,"3":4},"b":{"0":[4,0],"1":[4,0],"2":[0,0],"3":[0,0],"4":[0,0],"5":[0,0],"6":[1],"7":[1],"8":[4],"9":[4],"10":[1,3],"11":[0,1],"12":[0,4],"13":[0,4],"14":[3,0],"15":[0,0],"16":[0,0],"17":[1,2],"18":[1,0,0]},"_coverageSchema":"1a1c01bbd47fc00a2c39e90264f33305004495a9","hash":"a3a063f23c65a7b344719fe077b2ac397f7276d3"}
,"C:\\Users\\gabri\\OneDrive\\Desktop\\tcc-tea\\Aplicativo_TCC_TEA\\app-tea\\api\\assistidos.ts": {"path":"C:\\Users\\gabri\\OneDrive\\Desktop\\tcc-tea\\Aplicativo_TCC_TEA\\app-tea\\api\\assistidos.ts","statementMap":{"0":{"start":{"line":42,"column":32},"end":{"line":44,"column":1}},"1":{"start":{"line":43,"column":4},"end":{"line":43,"column":49}},"2":{"start":{"line":46,"column":35},"end":{"line":48,"column":1}},"3":{"start":{"line":47,"column":4},"end":{"line":47,"column":53}},"4":{"start":{"line":50,"column":34},"end":{"line":55,"column":1}},"5":{"start":{"line":51,"column":4},"end":{"line":54,"column":7}},"6":{"start":{"line":57,"column":34},"end":{"line":62,"column":1}},"7":{"start":{"line":58,"column":4},"end":{"line":61,"column":7}},"8":{"start":{"line":64,"column":42},"end":{"line":69,"column":1}},"9":{"start":{"line":65,"column":4},"end":{"line":68,"column":7}},"10":{"start":{"line":72,"column":34},"end":{"line":76,"column":1}},"11":{"start":{"line":73,"column":4},"end":{"line":75,"column":7}}},"fnMap":{"0":{"name":"(anonymous_0)","decl":{"start":{"line":42,"column":32},"end":{"line":42,"column":33}},"loc":{"start":{"line":42,"column":73},"end":{"line":44,"column":1}},"line":42},"1":{"name":"(anonymous_1)","decl":{"start":{"line":46,"column":35},"end":{"line":46,"column":36}},"loc":{"start":{"line":46,"column":84},"end":{"line":48,"column":1}},"line":46},"2":{"name":"(anonymous_2)","decl":{"start":{"line":50,"column":34},"end":{"line":50,"column":35}},"loc":{"start":{"line":50,"column":106},"end":{"line":55,"column":1}},"line":50},"3":{"name":"(anonymous_3)","decl":{"start":{"line":57,"column":34},"end":{"line":57,"column":35}},"loc":{"start":{"line":57,"column":118},"end":{"line":62,"column":1}},"line":57},"4":{"name":"(anonymous_4)","decl":{"start":{"line":64,"column":42},"end":{"line":64,"column":43}},"loc":{"start":{"line":64,"column":134},"end":{"line":69,"column":1}},"line":64},"5":{"name":"(anonymous_5)","decl":{"start":{"line":72,"column":34},"end":{"line":72,"column":35}},"loc":{"start":{"line":72,"column":93},"end":{"line":76,"column":1}},"line":72}},"branchMap":{},"s":{"0":1,"1":1,"2":1,"3":0,"4":1,"5":1,"6":1,"7":1,"8":1,"9":0,"10":1,"11":1},"f":{"0":1,"1":0,"2":1,"3":1,"4":0,"5":1},"b":{},"_coverageSchema":"1a1c01bbd47fc00a2c39e90264f33305004495a9","hash":"848465e916ee7cfb09fa221393502e8ee210000d"}
,"C:\\Users\\gabri\\OneDrive\\Desktop\\tcc-tea\\Aplicativo_TCC_TEA\\app-tea\\api\\auth.ts": {"path":"C:\\Users\\gabri\\OneDrive\\Desktop\\tcc-tea\\Aplicativo_TCC_TEA\\app-tea\\api\\auth.ts","statementMap":{"0":{"start":{"line":50,"column":24},"end":{"line":58,"column":1}},"1":{"start":{"line":53,"column":4},"end":{"line":57,"column":7}},"2":{"start":{"line":60,"column":27},"end":{"line":67,"column":1}},"3":{"start":{"line":62,"column":4},"end":{"line":66,"column":7}},"4":{"start":{"line":69,"column":34},"end":{"line":75,"column":1}},"5":{"start":{"line":70,"column":4},"end":{"line":74,"column":7}}},"fnMap":{"0":{"name":"(anonymous_0)","decl":{"start":{"line":50,"column":24},"end":{"line":50,"column":25}},"loc":{"start":{"line":50,"column":95},"end":{"line":58,"column":1}},"line":50},"1":{"name":"(anonymous_1)","decl":{"start":{"line":60,"column":27},"end":{"line":60,"column":28}},"loc":{"start":{"line":60,"column":91},"end":{"line":67,"column":1}},"line":60},"2":{"name":"(anonymous_2)","decl":{"start":{"line":69,"column":34},"end":{"line":69,"column":35}},"loc":{"start":{"line":69,"column":124},"end":{"line":75,"column":1}},"line":69}},"branchMap":{},"s":{"0":3,"1":1,"2":3,"3":1,"4":3,"5":1},"f":{"0":1,"1":1,"2":1},"b":{},"_coverageSchema":"1a1c01bbd47fc00a2c39e90264f33305004495a9","hash":"80dd6d43d18d27e3ac3b4a29c972be1a12b68c75"}
,"C:\\Users\\gabri\\OneDrive\\Desktop\\tcc-tea\\Aplicativo_TCC_TEA\\app-tea\\api\\cuidador.ts": {"path":"C:\\Users\\gabri\\OneDrive\\Desktop\\tcc-tea\\Aplicativo_TCC_TEA\\app-tea\\api\\cuidador.ts","statementMap":{"0":{"start":{"line":24,"column":28},"end":{"line":26,"column":1}},"1":{"start":{"line":25,"column":4},"end":{"line":25,"column":55}},"2":{"start":{"line":28,"column":31},"end":{"line":33,"column":1}},"3":{"start":{"line":29,"column":4},"end":{"line":32,"column":7}}},"fnMap":{"0":{"name":"(anonymous_0)","decl":{"start":{"line":24,"column":28},"end":{"line":24,"column":29}},"loc":{"start":{"line":24,"column":70},"end":{"line":26,"column":1}},"line":24},"1":{"name":"(anonymous_1)","decl":{"start":{"line":28,"column":31},"end":{"line":28,"column":32}},"loc":{"start":{"line":28,"column":103},"end":{"line":33,"column":1}},"line":28}},"branchMap":{},"s":{"0":1,"1":1,"2":1,"3":1},"f":{"0":1,"1":1},"b":{},"_coverageSchema":"1a1c01bbd47fc00a2c39e90264f33305004495a9","hash":"ddf7837ed4ce5e4de886c7679895b1ff790a8cb7"}
,"C:\\Users\\gabri\\OneDrive\\Desktop\\tcc-tea\\Aplicativo_TCC_TEA\\app-tea\\api\\questionario.ts": {"path":"C:\\Users\\gabri\\OneDrive\\Desktop\\tcc-tea\\Aplicativo_TCC_TEA\\app-tea\\api\\questionario.ts","statementMap":{"0":{"start":{"line":47,"column":29},"end":{"line":50,"column":1}},"1":{"start":{"line":49,"column":4},"end":{"line":49,"column":61}},"2":{"start":{"line":56,"column":36},"end":{"line":59,"column":1}},"3":{"start":{"line":58,"column":4},"end":{"line":58,"column":87}},"4":{"start":{"line":64,"column":34},"end":{"line":71,"column":1}},"5":{"start":{"line":66,"column":4},"end":{"line":70,"column":7}}},"fnMap":{"0":{"name":"(anonymous_0)","decl":{"start":{"line":47,"column":29},"end":{"line":47,"column":30}},"loc":{"start":{"line":47,"column":71},"end":{"line":50,"column":1}},"line":47},"1":{"name":"(anonymous_1)","decl":{"start":{"line":56,"column":36},"end":{"line":56,"column":37}},"loc":{"start":{"line":56,"column":108},"end":{"line":59,"column":1}},"line":56},"2":{"name":"(anonymous_2)","decl":{"start":{"line":64,"column":34},"end":{"line":64,"column":35}},"loc":{"start":{"line":64,"column":133},"end":{"line":71,"column":1}},"line":64}},"branchMap":{},"s":{"0":1,"1":1,"2":1,"3":1,"4":1,"5":1},"f":{"0":1,"1":1,"2":1},"b":{},"_coverageSchema":"1a1c01bbd47fc00a2c39e90264f33305004495a9","hash":"8127a385d5ee7a837a53c0a8c317906c46aabbef"}
,"C:\\Users\\gabri\\OneDrive\\Desktop\\tcc-tea\\Aplicativo_TCC_TEA\\app-tea\\api\\relatorio.ts": {"path":"C:\\Users\\gabri\\OneDrive\\Desktop\\tcc-tea\\Aplicativo_TCC_TEA\\app-tea\\api\\relatorio.ts","statementMap":{"0":{"start":{"line":26,"column":36},"end":{"line":28,"column":1}},"1":{"start":{"line":27,"column":4},"end":{"line":27,"column":73}}},"fnMap":{"0":{"name":"(anonymous_0)","decl":{"start":{"line":26,"column":36},"end":{"line":26,"column":37}},"loc":{"start":{"line":26,"column":99},"end":{"line":28,"column":1}},"line":26}},"branchMap":{},"s":{"0":2,"1":1},"f":{"0":1},"b":{},"_coverageSchema":"1a1c01bbd47fc00a2c39e90264f33305004495a9","hash":"607de79223a9201cb98aef86983863ffa2392559"}
,"C:\\Users\\gabri\\OneDrive\\Desktop\\tcc-tea\\Aplicativo_TCC_TEA\\app-tea\\api\\sugestoes.ts": {"path":"C:\\Users\\gabri\\OneDrive\\Desktop\\tcc-tea\\Aplicativo_TCC_TEA\\app-tea\\api\\sugestoes.ts","statementMap":{"0":{"start":{"line":33,"column":42},"end":{"line":43,"column":1}},"1":{"start":{"line":38,"column":40},"end":{"line":38,"column":42}},"2":{"start":{"line":39,"column":4},"end":{"line":41,"column":5}},"3":{"start":{"line":40,"column":8},"end":{"line":40,"column":61}},"4":{"start":{"line":42,"column":4},"end":{"line":42,"column":104}},"5":{"start":{"line":45,"column":48},"end":{"line":55,"column":1}},"6":{"start":{"line":50,"column":40},"end":{"line":50,"column":52}},"7":{"start":{"line":51,"column":4},"end":{"line":54,"column":7}}},"fnMap":{"0":{"name":"(anonymous_0)","decl":{"start":{"line":33,"column":42},"end":{"line":33,"column":43}},"loc":{"start":{"line":37,"column":47},"end":{"line":43,"column":1}},"line":37},"1":{"name":"(anonymous_1)","decl":{"start":{"line":45,"column":48},"end":{"line":45,"column":49}},"loc":{"start":{"line":49,"column":47},"end":{"line":55,"column":1}},"line":49}},"branchMap":{"0":{"loc":{"start":{"line":39,"column":4},"end":{"line":41,"column":5}},"type":"if","locations":[{"start":{"line":39,"column":4},"end":{"line":41,"column":5}},{"start":{},"end":{}}],"line":39},"1":{"loc":{"start":{"line":39,"column":8},"end":{"line":39,"column":55}},"type":"binary-expr","locations":[{"start":{"line":39,"column":8},"end":{"line":39,"column":24}},{"start":{"line":39,"column":28},"end":{"line":39,"column":55}}],"line":39}},"s":{"0":1,"1":2,"2":2,"3":1,"4":2,"5":1,"6":1,"7":1},"f":{"0":2,"1":1},"b":{"0":[1,1],"1":[2,1]},"_coverageSchema":"1a1c01bbd47fc00a2c39e90264f33305004495a9","hash":"9d8dd13712d83a42304e00dafc2f95a1e1a8dab5"}
,"C:\\Users\\gabri\\OneDrive\\Desktop\\tcc-tea\\Aplicativo_TCC_TEA\\app-tea\\app\\(auth)\\CreateAccount.tsx": {"path":"C:\\Users\\gabri\\OneDrive\\Desktop\\tcc-tea\\Aplicativo_TCC_TEA\\app-tea\\app\\(auth)\\CreateAccount.tsx","statementMap":{"0":{"start":{"line":18,"column":22},"end":{"line":22,"column":1}},"1":{"start":{"line":24,"column":27},"end":{"line":29,"column":1}},"2":{"start":{"line":32,"column":23},"end":{"line":55,"column":2}},"3":{"start":{"line":47,"column":26},"end":{"line":47,"column":73}},"4":{"start":{"line":48,"column":31},"end":{"line":48,"column":51}},"5":{"start":{"line":52,"column":26},"end":{"line":52,"column":77}},"6":{"start":{"line":53,"column":31},"end":{"line":53,"column":51}},"7":{"start":{"line":70,"column":28},"end":{"line":308,"column":1}},"8":{"start":{"line":71,"column":44},"end":{"line":71,"column":59}},"9":{"start":{"line":72,"column":35},"end":{"line":72,"column":44}},"10":{"start":{"line":73,"column":48},"end":{"line":73,"column":63}},"11":{"start":{"line":75,"column":78},"end":{"line":89,"column":6}},"12":{"start":{"line":91,"column":29},"end":{"line":91,"column":53}},"13":{"start":{"line":92,"column":21},"end":{"line":92,"column":42}},"14":{"start":{"line":94,"column":27},"end":{"line":100,"column":5}},"15":{"start":{"line":95,"column":8},"end":{"line":99,"column":9}},"16":{"start":{"line":96,"column":12},"end":{"line":96,"column":26}},"17":{"start":{"line":98,"column":12},"end":{"line":98,"column":32}},"18":{"start":{"line":102,"column":28},"end":{"line":157,"column":5}},"19":{"start":{"line":103,"column":8},"end":{"line":103,"column":33}},"20":{"start":{"line":103,"column":26},"end":{"line":103,"column":33}},"21":{"start":{"line":104,"column":8},"end":{"line":104,"column":30}},"22":{"start":{"line":106,"column":29},"end":{"line":106,"column":50}},"23":{"start":{"line":107,"column":30},"end":{"line":107,"column":72}},"24":{"start":{"line":109,"column":38},"end":{"line":119,"column":9}},"25":{"start":{"line":121,"column":25},"end":{"line":121,"column":51}},"26":{"start":{"line":123,"column":8},"end":{"line":155,"column":9}},"27":{"start":{"line":124,"column":12},"end":{"line":154,"column":13}},"28":{"start":{"line":126,"column":16},"end":{"line":126,"column":51}},"29":{"start":{"line":128,"column":16},"end":{"line":150,"column":17}},"30":{"start":{"line":129,"column":20},"end":{"line":146,"column":22}},"31":{"start":{"line":137,"column":36},"end":{"line":142,"column":39}},"32":{"start":{"line":148,"column":20},"end":{"line":148,"column":85}},"33":{"start":{"line":149,"column":20},"end":{"line":149,"column":51}},"34":{"start":{"line":152,"column":16},"end":{"line":152,"column":108}},"35":{"start":{"line":153,"column":16},"end":{"line":153,"column":36}},"36":{"start":{"line":156,"column":8},"end":{"line":156,"column":31}},"37":{"start":{"line":159,"column":25},"end":{"line":164,"column":5}},"38":{"start":{"line":160,"column":8},"end":{"line":160,"column":49}},"39":{"start":{"line":161,"column":8},"end":{"line":163,"column":9}},"40":{"start":{"line":162,"column":12},"end":{"line":162,"column":80}},"41":{"start":{"line":166,"column":4},"end":{"line":307,"column":6}},"42":{"start":{"line":182,"column":48},"end":{"line":182,"column":108}},"43":{"start":{"line":187,"column":48},"end":{"line":187,"column":110}},"44":{"start":{"line":203,"column":44},"end":{"line":208,"column":46}},"45":{"start":{"line":220,"column":44},"end":{"line":225,"column":46}},"46":{"start":{"line":237,"column":32},"end":{"line":237,"column":127}},"47":{"start":{"line":245,"column":32},"end":{"line":245,"column":189}},"48":{"start":{"line":245,"column":108},"end":{"line":245,"column":133}},"49":{"start":{"line":253,"column":32},"end":{"line":253,"column":181}},"50":{"start":{"line":260,"column":61},"end":{"line":260,"column":84}},"51":{"start":{"line":272,"column":32},"end":{"line":272,"column":145}},"52":{"start":{"line":280,"column":32},"end":{"line":280,"column":140}},"53":{"start":{"line":289,"column":32},"end":{"line":289,"column":128}}},"fnMap":{"0":{"name":"(anonymous_0)","decl":{"start":{"line":47,"column":14},"end":{"line":47,"column":15}},"loc":{"start":{"line":47,"column":26},"end":{"line":47,"column":73}},"line":47},"1":{"name":"(anonymous_1)","decl":{"start":{"line":48,"column":19},"end":{"line":48,"column":20}},"loc":{"start":{"line":48,"column":31},"end":{"line":48,"column":51}},"line":48},"2":{"name":"(anonymous_2)","decl":{"start":{"line":52,"column":14},"end":{"line":52,"column":15}},"loc":{"start":{"line":52,"column":26},"end":{"line":52,"column":77}},"line":52},"3":{"name":"(anonymous_3)","decl":{"start":{"line":53,"column":19},"end":{"line":53,"column":20}},"loc":{"start":{"line":53,"column":31},"end":{"line":53,"column":51}},"line":53},"4":{"name":"(anonymous_4)","decl":{"start":{"line":70,"column":28},"end":{"line":70,"column":29}},"loc":{"start":{"line":70,"column":34},"end":{"line":308,"column":1}},"line":70},"5":{"name":"(anonymous_5)","decl":{"start":{"line":94,"column":27},"end":{"line":94,"column":28}},"loc":{"start":{"line":94,"column":33},"end":{"line":100,"column":5}},"line":94},"6":{"name":"(anonymous_6)","decl":{"start":{"line":102,"column":28},"end":{"line":102,"column":29}},"loc":{"start":{"line":102,"column":54},"end":{"line":157,"column":5}},"line":102},"7":{"name":"(anonymous_7)","decl":{"start":{"line":135,"column":41},"end":{"line":135,"column":42}},"loc":{"start":{"line":135,"column":47},"end":{"line":143,"column":33}},"line":135},"8":{"name":"(anonymous_8)","decl":{"start":{"line":159,"column":25},"end":{"line":159,"column":26}},"loc":{"start":{"line":159,"column":78},"end":{"line":164,"column":5}},"line":159},"9":{"name":"(anonymous_9)","decl":{"start":{"line":182,"column":42},"end":{"line":182,"column":43}},"loc":{"start":{"line":182,"column":48},"end":{"line":182,"column":108}},"line":182},"10":{"name":"(anonymous_10)","decl":{"start":{"line":187,"column":42},"end":{"line":187,"column":43}},"loc":{"start":{"line":187,"column":48},"end":{"line":187,"column":110}},"line":187},"11":{"name":"(anonymous_11)","decl":{"start":{"line":202,"column":48},"end":{"line":202,"column":49}},"loc":{"start":{"line":203,"column":44},"end":{"line":208,"column":46}},"line":203},"12":{"name":"(anonymous_12)","decl":{"start":{"line":219,"column":48},"end":{"line":219,"column":49}},"loc":{"start":{"line":220,"column":44},"end":{"line":225,"column":46}},"line":220},"13":{"name":"(anonymous_13)","decl":{"start":{"line":236,"column":78},"end":{"line":236,"column":79}},"loc":{"start":{"line":237,"column":32},"end":{"line":237,"column":127}},"line":237},"14":{"name":"(anonymous_14)","decl":{"start":{"line":244,"column":77},"end":{"line":244,"column":78}},"loc":{"start":{"line":245,"column":32},"end":{"line":245,"column":189}},"line":245},"15":{"name":"(anonymous_15)","decl":{"start":{"line":245,"column":98},"end":{"line":245,"column":99}},"loc":{"start":{"line":245,"column":108},"end":{"line":245,"column":133}},"line":245},"16":{"name":"(anonymous_16)","decl":{"start":{"line":252,"column":79},"end":{"line":252,"column":80}},"loc":{"start":{"line":253,"column":32},"end":{"line":253,"column":181}},"line":253},"17":{"name":"(anonymous_17)","decl":{"start":{"line":260,"column":55},"end":{"line":260,"column":56}},"loc":{"start":{"line":260,"column":61},"end":{"line":260,"column":84}},"line":260},"18":{"name":"(anonymous_18)","decl":{"start":{"line":271,"column":79},"end":{"line":271,"column":80}},"loc":{"start":{"line":272,"column":32},"end":{"line":272,"column":145}},"line":272},"19":{"name":"(anonymous_19)","decl":{"start":{"line":279,"column":88},"end":{"line":279,"column":89}},"loc":{"start":{"line":280,"column":32},"end":{"line":280,"column":140}},"line":280},"20":{"name":"(anonymous_20)","decl":{"start":{"line":288,"column":91},"end":{"line":288,"column":92}},"loc":{"start":{"line":289,"column":32},"end":{"line":289,"column":128}},"line":289}},"branchMap":{"0":{"loc":{"start":{"line":95,"column":8},"end":{"line":99,"column":9}},"type":"if","locations":[{"start":{"line":95,"column":8},"end":{"line":99,"column":9}},{"start":{"line":97,"column":15},"end":{"line":99,"column":9}}],"line":95},"1":{"loc":{"start":{"line":103,"column":8},"end":{"line":103,"column":33}},"type":"if","locations":[{"start":{"line":103,"column":8},"end":{"line":103,"column":33}},{"start":{},"end":{}}],"line":103},"2":{"loc":{"start":{"line":117,"column":27},"end":{"line":117,"column":90}},"type":"cond-expr","locations":[{"start":{"line":117,"column":60},"end":{"line":117,"column":78}},{"start":{"line":117,"column":81},"end":{"line":117,"column":90}}],"line":117},"3":{"loc":{"start":{"line":118,"column":31},"end":{"line":118,"column":98}},"type":"cond-expr","locations":[{"start":{"line":118,"column":64},"end":{"line":118,"column":86}},{"start":{"line":118,"column":89},"end":{"line":118,"column":98}}],"line":118},"4":{"loc":{"start":{"line":123,"column":8},"end":{"line":155,"column":9}},"type":"if","locations":[{"start":{"line":123,"column":8},"end":{"line":155,"column":9}},{"start":{},"end":{}}],"line":123},"5":{"loc":{"start":{"line":123,"column":12},"end":{"line":123,"column":59}},"type":"binary-expr","locations":[{"start":{"line":123,"column":12},"end":{"line":123,"column":20}},{"start":{"line":123,"column":24},"end":{"line":123,"column":38}},{"start":{"line":123,"column":42},"end":{"line":123,"column":59}}],"line":123},"6":{"loc":{"start":{"line":128,"column":16},"end":{"line":150,"column":17}},"type":"if","locations":[{"start":{"line":128,"column":16},"end":{"line":150,"column":17}},{"start":{"line":147,"column":23},"end":{"line":150,"column":17}}],"line":128},"7":{"loc":{"start":{"line":161,"column":8},"end":{"line":163,"column":9}},"type":"if","locations":[{"start":{"line":161,"column":8},"end":{"line":163,"column":9}},{"start":{},"end":{}}],"line":161},"8":{"loc":{"start":{"line":161,"column":12},"end":{"line":161,"column":48}},"type":"binary-expr","locations":[{"start":{"line":161,"column":12},"end":{"line":161,"column":32}},{"start":{"line":161,"column":36},"end":{"line":161,"column":48}}],"line":161},"9":{"loc":{"start":{"line":170,"column":26},"end":{"line":170,"column":70}},"type":"cond-expr","locations":[{"start":{"line":170,"column":50},"end":{"line":170,"column":59}},{"start":{"line":170,"column":62},"end":{"line":170,"column":70}}],"line":170},"10":{"loc":{"start":{"line":189,"column":29},"end":{"line":189,"column":126}},"type":"binary-expr","locations":[{"start":{"line":189,"column":29},"end":{"line":189,"column":48}},{"start":{"line":189,"column":52},"end":{"line":189,"column":126}}],"line":189},"11":{"loc":{"start":{"line":193,"column":25},"end":{"line":231,"column":25}},"type":"binary-expr","locations":[{"start":{"line":193,"column":25},"end":{"line":193,"column":46}},{"start":{"line":194,"column":28},"end":{"line":230,"column":35}}],"line":193},"12":{"loc":{"start":{"line":211,"column":37},"end":{"line":211,"column":136}},"type":"binary-expr","locations":[{"start":{"line":211,"column":37},"end":{"line":211,"column":57}},{"start":{"line":211,"column":61},"end":{"line":211,"column":136}}],"line":211},"13":{"loc":{"start":{"line":228,"column":37},"end":{"line":228,"column":144}},"type":"binary-expr","locations":[{"start":{"line":228,"column":37},"end":{"line":228,"column":61}},{"start":{"line":228,"column":65},"end":{"line":228,"column":144}}],"line":228},"14":{"loc":{"start":{"line":239,"column":29},"end":{"line":239,"column":110}},"type":"binary-expr","locations":[{"start":{"line":239,"column":29},"end":{"line":239,"column":40}},{"start":{"line":239,"column":44},"end":{"line":239,"column":110}}],"line":239},"15":{"loc":{"start":{"line":247,"column":29},"end":{"line":247,"column":108}},"type":"binary-expr","locations":[{"start":{"line":247,"column":29},"end":{"line":247,"column":39}},{"start":{"line":247,"column":43},"end":{"line":247,"column":108}}],"line":247},"16":{"loc":{"start":{"line":255,"column":29},"end":{"line":255,"column":112}},"type":"binary-expr","locations":[{"start":{"line":255,"column":29},"end":{"line":255,"column":41}},{"start":{"line":255,"column":45},"end":{"line":255,"column":112}}],"line":255},"17":{"loc":{"start":{"line":261,"column":66},"end":{"line":261,"column":96}},"type":"binary-expr","locations":[{"start":{"line":261,"column":66},"end":{"line":261,"column":82}},{"start":{"line":261,"column":86},"end":{"line":261,"column":96}}],"line":261},"18":{"loc":{"start":{"line":263,"column":29},"end":{"line":265,"column":29}},"type":"binary-expr","locations":[{"start":{"line":263,"column":29},"end":{"line":263,"column":43}},{"start":{"line":264,"column":32},"end":{"line":264,"column":230}}],"line":263},"19":{"loc":{"start":{"line":264,"column":79},"end":{"line":264,"column":109}},"type":"binary-expr","locations":[{"start":{"line":264,"column":79},"end":{"line":264,"column":95}},{"start":{"line":264,"column":99},"end":{"line":264,"column":109}}],"line":264},"20":{"loc":{"start":{"line":264,"column":132},"end":{"line":264,"column":177}},"type":"cond-expr","locations":[{"start":{"line":264,"column":156},"end":{"line":264,"column":165}},{"start":{"line":264,"column":168},"end":{"line":264,"column":177}}],"line":264},"21":{"loc":{"start":{"line":266,"column":29},"end":{"line":266,"column":132}},"type":"binary-expr","locations":[{"start":{"line":266,"column":29},"end":{"line":266,"column":51}},{"start":{"line":266,"column":55},"end":{"line":266,"column":132}}],"line":266},"22":{"loc":{"start":{"line":274,"column":29},"end":{"line":274,"column":112}},"type":"binary-expr","locations":[{"start":{"line":274,"column":29},"end":{"line":274,"column":41}},{"start":{"line":274,"column":45},"end":{"line":274,"column":112}}],"line":274},"23":{"loc":{"start":{"line":282,"column":29},"end":{"line":282,"column":130}},"type":"binary-expr","locations":[{"start":{"line":282,"column":29},"end":{"line":282,"column":50}},{"start":{"line":282,"column":54},"end":{"line":282,"column":130}}],"line":282},"24":{"loc":{"start":{"line":291,"column":29},"end":{"line":291,"column":136}},"type":"binary-expr","locations":[{"start":{"line":291,"column":29},"end":{"line":291,"column":53}},{"start":{"line":291,"column":57},"end":{"line":291,"column":136}}],"line":291},"25":{"loc":{"start":{"line":300,"column":17},"end":{"line":304,"column":17}},"type":"cond-expr","locations":[{"start":{"line":301,"column":20},"end":{"line":301,"column":87}},{"start":{"line":303,"column":20},"end":{"line":303,"column":103}}],"line":300}},"s":{"0":1,"1":1,"2":1,"3":2,"4":6,"5":2,"6":6,"7":1,"8":12,"9":12,"10":12,"11":12,"12":12,"13":12,"14":12,"15":0,"16":0,"17":0,"18":12,"19":1,"20":0,"21":1,"22":1,"23":1,"24":1,"25":1,"26":1,"27":1,"28":1,"29":1,"30":0,"31":0,"32":1,"33":1,"34":0,"35":0,"36":1,"37":12,"38":1,"39":1,"40":1,"41":12,"42":1,"43":1,"44":2,"45":2,"46":13,"47":13,"48":1,"49":13,"50":1,"51":13,"52":13,"53":14},"f":{"0":2,"1":6,"2":2,"3":6,"4":12,"5":0,"6":1,"7":0,"8":1,"9":1,"10":1,"11":2,"12":2,"13":13,"14":13,"15":1,"16":13,"17":1,"18":13,"19":13,"20":14},"b":{"0":[0,0],"1":[0,1],"2":[0,1],"3":[0,1],"4":[1,0],"5":[1,1,1],"6":[0,1],"7":[1,0],"8":[1,1],"9":[12,0],"10":[12,0],"11":[12,2],"12":[2,0],"13":[2,0],"14":[12,0],"15":[12,0],"16":[12,0],"17":[12,0],"18":[12,3],"19":[3,0],"20":[3,0],"21":[12,0],"22":[12,0],"23":[12,0],"24":[12,0],"25":[0,12]},"_coverageSchema":"1a1c01bbd47fc00a2c39e90264f33305004495a9","hash":"59ee601d8acf22bd34ae30f60e5c0b10d87c2eb4"}
,"C:\\Users\\gabri\\OneDrive\\Desktop\\tcc-tea\\Aplicativo_TCC_TEA\\app-tea\\app\\(auth)\\ForgotPassword.tsx": {"path":"C:\\Users\\gabri\\OneDrive\\Desktop\\tcc-tea\\Aplicativo_TCC_TEA\\app-tea\\app\\(auth)\\ForgotPassword.tsx","statementMap":{"0":{"start":{"line":8,"column":29},"end":{"line":71,"column":1}},"1":{"start":{"line":9,"column":17},"end":{"line":9,"column":28}},"2":{"start":{"line":10,"column":28},"end":{"line":10,"column":40}},"3":{"start":{"line":11,"column":50},"end":{"line":11,"column":62}},"4":{"start":{"line":12,"column":36},"end":{"line":12,"column":48}},"5":{"start":{"line":13,"column":36},"end":{"line":13,"column":51}},"6":{"start":{"line":15,"column":24},"end":{"line":38,"column":3}},"7":{"start":{"line":16,"column":4},"end":{"line":19,"column":5}},"8":{"start":{"line":17,"column":6},"end":{"line":17,"column":55}},"9":{"start":{"line":18,"column":6},"end":{"line":18,"column":13}},"10":{"start":{"line":20,"column":4},"end":{"line":23,"column":5}},"11":{"start":{"line":21,"column":6},"end":{"line":21,"column":75}},"12":{"start":{"line":22,"column":6},"end":{"line":22,"column":13}},"13":{"start":{"line":25,"column":4},"end":{"line":25,"column":23}},"14":{"start":{"line":26,"column":21},"end":{"line":30,"column":6}},"15":{"start":{"line":31,"column":4},"end":{"line":31,"column":24}},"16":{"start":{"line":33,"column":4},"end":{"line":37,"column":5}},"17":{"start":{"line":34,"column":6},"end":{"line":36,"column":9}},"18":{"start":{"line":35,"column":37},"end":{"line":35,"column":56}},"19":{"start":{"line":40,"column":2},"end":{"line":70,"column":4}},"20":{"start":{"line":64,"column":43},"end":{"line":64,"column":56}}},"fnMap":{"0":{"name":"(anonymous_0)","decl":{"start":{"line":8,"column":29},"end":{"line":8,"column":30}},"loc":{"start":{"line":8,"column":35},"end":{"line":71,"column":1}},"line":8},"1":{"name":"(anonymous_1)","decl":{"start":{"line":15,"column":24},"end":{"line":15,"column":25}},"loc":{"start":{"line":15,"column":36},"end":{"line":38,"column":3}},"line":15},"2":{"name":"(anonymous_2)","decl":{"start":{"line":35,"column":31},"end":{"line":35,"column":32}},"loc":{"start":{"line":35,"column":37},"end":{"line":35,"column":56}},"line":35},"3":{"name":"(anonymous_3)","decl":{"start":{"line":64,"column":37},"end":{"line":64,"column":38}},"loc":{"start":{"line":64,"column":43},"end":{"line":64,"column":56}},"line":64}},"branchMap":{"0":{"loc":{"start":{"line":16,"column":4},"end":{"line":19,"column":5}},"type":"if","locations":[{"start":{"line":16,"column":4},"end":{"line":19,"column":5}},{"start":{},"end":{}}],"line":16},"1":{"loc":{"start":{"line":16,"column":8},"end":{"line":16,"column":49}},"type":"binary-expr","locations":[{"start":{"line":16,"column":8},"end":{"line":16,"column":14}},{"start":{"line":16,"column":18},"end":{"line":16,"column":35}},{"start":{"line":16,"column":39},"end":{"line":16,"column":49}}],"line":16},"2":{"loc":{"start":{"line":20,"column":4},"end":{"line":23,"column":5}},"type":"if","locations":[{"start":{"line":20,"column":4},"end":{"line":23,"column":5}},{"start":{},"end":{}}],"line":20},"3":{"loc":{"start":{"line":33,"column":4},"end":{"line":37,"column":5}},"type":"if","locations":[{"start":{"line":33,"column":4},"end":{"line":37,"column":5}},{"start":{},"end":{}}],"line":33},"4":{"loc":{"start":{"line":33,"column":8},"end":{"line":33,"column":36}},"type":"binary-expr","locations":[{"start":{"line":33,"column":8},"end":{"line":33,"column":16}},{"start":{"line":33,"column":20},"end":{"line":33,"column":36}}],"line":33},"5":{"loc":{"start":{"line":59,"column":7},"end":{"line":68,"column":7}},"type":"cond-expr","locations":[{"start":{"line":60,"column":8},"end":{"line":60,"column":58}},{"start":{"line":62,"column":8},"end":{"line":67,"column":11}}],"line":59}},"s":{"0":1,"1":6,"2":6,"3":6,"4":6,"5":6,"6":6,"7":1,"8":0,"9":0,"10":1,"11":0,"12":0,"13":1,"14":1,"15":1,"16":1,"17":1,"18":0,"19":6,"20":0},"f":{"0":6,"1":1,"2":0,"3":0},"b":{"0":[0,1],"1":[1,1,1],"2":[0,1],"3":[1,0],"4":[1,1],"5":[1,5]},"_coverageSchema":"1a1c01bbd47fc00a2c39e90264f33305004495a9","hash":"c7ed55682b1ca281efbd7b780594fba219e5bae8"}
,"C:\\Users\\gabri\\OneDrive\\Desktop\\tcc-tea\\Aplicativo_TCC_TEA\\app-tea\\app\\(auth)\\index.tsx": {"path":"C:\\Users\\gabri\\OneDrive\\Desktop\\tcc-tea\\Aplicativo_TCC_TEA\\app-tea\\app\\(auth)\\index.tsx","statementMap":{"0":{"start":{"line":12,"column":20},"end":{"line":15,"column":2}},"1":{"start":{"line":20,"column":20},"end":{"line":128,"column":1}},"2":{"start":{"line":21,"column":17},"end":{"line":21,"column":28}},"3":{"start":{"line":22,"column":32},"end":{"line":22,"column":41}},"4":{"start":{"line":25,"column":59},"end":{"line":31,"column":4}},"5":{"start":{"line":33,"column":23},"end":{"line":35,"column":3}},"6":{"start":{"line":34,"column":4},"end":{"line":34,"column":59}},"7":{"start":{"line":37,"column":26},"end":{"line":39,"column":3}},"8":{"start":{"line":38,"column":4},"end":{"line":38,"column":34}},"9":{"start":{"line":41,"column":29},"end":{"line":44,"column":3}},"10":{"start":{"line":43,"column":4},"end":{"line":43,"column":35}},"11":{"start":{"line":46,"column":2},"end":{"line":127,"column":4}},"12":{"start":{"line":63,"column":14},"end":{"line":70,"column":16}},"13":{"start":{"line":88,"column":14},"end":{"line":94,"column":16}}},"fnMap":{"0":{"name":"(anonymous_0)","decl":{"start":{"line":20,"column":20},"end":{"line":20,"column":21}},"loc":{"start":{"line":20,"column":26},"end":{"line":128,"column":1}},"line":20},"1":{"name":"(anonymous_1)","decl":{"start":{"line":33,"column":23},"end":{"line":33,"column":24}},"loc":{"start":{"line":33,"column":49},"end":{"line":35,"column":3}},"line":33},"2":{"name":"(anonymous_2)","decl":{"start":{"line":37,"column":26},"end":{"line":37,"column":27}},"loc":{"start":{"line":37,"column":32},"end":{"line":39,"column":3}},"line":37},"3":{"name":"(anonymous_3)","decl":{"start":{"line":41,"column":29},"end":{"line":41,"column":30}},"loc":{"start":{"line":41,"column":35},"end":{"line":44,"column":3}},"line":41},"4":{"name":"(anonymous_4)","decl":{"start":{"line":62,"column":20},"end":{"line":62,"column":21}},"loc":{"start":{"line":63,"column":14},"end":{"line":70,"column":16}},"line":63},"5":{"name":"(anonymous_5)","decl":{"start":{"line":87,"column":20},"end":{"line":87,"column":21}},"loc":{"start":{"line":88,"column":14},"end":{"line":94,"column":16}},"line":88}},"branchMap":{"0":{"loc":{"start":{"line":73,"column":11},"end":{"line":77,"column":11}},"type":"binary-expr","locations":[{"start":{"line":73,"column":11},"end":{"line":73,"column":23}},{"start":{"line":74,"column":12},"end":{"line":76,"column":19}}],"line":73},"1":{"loc":{"start":{"line":97,"column":11},"end":{"line":101,"column":11}},"type":"binary-expr","locations":[{"start":{"line":97,"column":11},"end":{"line":97,"column":23}},{"start":{"line":98,"column":12},"end":{"line":100,"column":19}}],"line":97},"2":{"loc":{"start":{"line":120,"column":7},"end":{"line":124,"column":7}},"type":"cond-expr","locations":[{"start":{"line":121,"column":8},"end":{"line":121,"column":76}},{"start":{"line":123,"column":8},"end":{"line":123,"column":74}}],"line":120}},"s":{"0":1,"1":1,"2":8,"3":8,"4":8,"5":8,"6":1,"7":8,"8":0,"9":8,"10":0,"11":8,"12":10,"13":10},"f":{"0":8,"1":1,"2":0,"3":0,"4":10,"5":10},"b":{"0":[8,1],"1":[8,1],"2":[0,8]},"_coverageSchema":"1a1c01bbd47fc00a2c39e90264f33305004495a9","hash":"ebea7c78ef3b4a5bdeafde3363645541598143d2"}
,"C:\\Users\\gabri\\OneDrive\\Desktop\\tcc-tea\\Aplicativo_TCC_TEA\\app-tea\\app\\(tabs)\\Register.tsx": {"path":"C:\\Users\\gabri\\OneDrive\\Desktop\\tcc-tea\\Aplicativo_TCC_TEA\\app-tea\\app\\(tabs)\\Register.tsx","statementMap":{"0":{"start":{"line":11,"column":22},"end":{"line":15,"column":1}},"1":{"start":{"line":17,"column":31},"end":{"line":22,"column":1}},"2":{"start":{"line":24,"column":15},"end":{"line":153,"column":1}},"3":{"start":{"line":25,"column":21},"end":{"line":25,"column":30}},"4":{"start":{"line":26,"column":19},"end":{"line":26,"column":30}},"5":{"start":{"line":28,"column":4},"end":{"line":33,"column":23}},"6":{"start":{"line":29,"column":8},"end":{"line":32,"column":9}},"7":{"start":{"line":30,"column":12},"end":{"line":30,"column":85}},"8":{"start":{"line":31,"column":12},"end":{"line":31,"column":43}},"9":{"start":{"line":35,"column":28},"end":{"line":35,"column":40}},"10":{"start":{"line":36,"column":48},"end":{"line":36,"column":74}},"11":{"start":{"line":37,"column":48},"end":{"line":37,"column":63}},"12":{"start":{"line":38,"column":34},"end":{"line":38,"column":63}},"13":{"start":{"line":39,"column":62},"end":{"line":39,"column":91}},"14":{"start":{"line":40,"column":44},"end":{"line":40,"column":59}},"15":{"start":{"line":42,"column":39},"end":{"line":68,"column":5}},"16":{"start":{"line":43,"column":8},"end":{"line":46,"column":9}},"17":{"start":{"line":44,"column":12},"end":{"line":44,"column":57}},"18":{"start":{"line":45,"column":12},"end":{"line":45,"column":19}},"19":{"start":{"line":47,"column":8},"end":{"line":50,"column":9}},"20":{"start":{"line":48,"column":12},"end":{"line":48,"column":77}},"21":{"start":{"line":49,"column":12},"end":{"line":49,"column":19}},"22":{"start":{"line":52,"column":30},"end":{"line":57,"column":9}},"23":{"start":{"line":60,"column":8},"end":{"line":67,"column":11}},"24":{"start":{"line":70,"column":25},"end":{"line":78,"column":5}},"25":{"start":{"line":71,"column":28},"end":{"line":71,"column":58}},"26":{"start":{"line":72,"column":8},"end":{"line":72,"column":49}},"27":{"start":{"line":73,"column":8},"end":{"line":77,"column":9}},"28":{"start":{"line":74,"column":12},"end":{"line":74,"column":43}},"29":{"start":{"line":76,"column":12},"end":{"line":76,"column":86}},"30":{"start":{"line":81,"column":4},"end":{"line":87,"column":5}},"31":{"start":{"line":82,"column":8},"end":{"line":86,"column":10}},"32":{"start":{"line":89,"column":4},"end":{"line":152,"column":6}},"33":{"start":{"line":108,"column":61},"end":{"line":108,"column":84}},"34":{"start":{"line":128,"column":66},"end":{"line":128,"column":83}},"35":{"start":{"line":138,"column":66},"end":{"line":138,"column":97}}},"fnMap":{"0":{"name":"(anonymous_0)","decl":{"start":{"line":24,"column":15},"end":{"line":24,"column":16}},"loc":{"start":{"line":24,"column":21},"end":{"line":153,"column":1}},"line":24},"1":{"name":"(anonymous_1)","decl":{"start":{"line":28,"column":14},"end":{"line":28,"column":15}},"loc":{"start":{"line":28,"column":20},"end":{"line":33,"column":5}},"line":28},"2":{"name":"(anonymous_2)","decl":{"start":{"line":42,"column":39},"end":{"line":42,"column":40}},"loc":{"start":{"line":42,"column":45},"end":{"line":68,"column":5}},"line":42},"3":{"name":"(anonymous_3)","decl":{"start":{"line":70,"column":25},"end":{"line":70,"column":26}},"loc":{"start":{"line":70,"column":78},"end":{"line":78,"column":5}},"line":70},"4":{"name":"(anonymous_4)","decl":{"start":{"line":108,"column":55},"end":{"line":108,"column":56}},"loc":{"start":{"line":108,"column":61},"end":{"line":108,"column":84}},"line":108},"5":{"name":"(anonymous_5)","decl":{"start":{"line":128,"column":47},"end":{"line":128,"column":48}},"loc":{"start":{"line":128,"column":66},"end":{"line":128,"column":83}},"line":128},"6":{"name":"(anonymous_6)","decl":{"start":{"line":138,"column":47},"end":{"line":138,"column":48}},"loc":{"start":{"line":138,"column":66},"end":{"line":138,"column":97}},"line":138}},"branchMap":{"0":{"loc":{"start":{"line":29,"column":8},"end":{"line":32,"column":9}},"type":"if","locations":[{"start":{"line":29,"column":8},"end":{"line":32,"column":9}},{"start":{},"end":{}}],"line":29},"1":{"loc":{"start":{"line":29,"column":12},"end":{"line":29,"column":50}},"type":"binary-expr","locations":[{"start":{"line":29,"column":12},"end":{"line":29,"column":16}},{"start":{"line":29,"column":20},"end":{"line":29,"column":50}}],"line":29},"2":{"loc":{"start":{"line":43,"column":8},"end":{"line":46,"column":9}},"type":"if","locations":[{"start":{"line":43,"column":8},"end":{"line":46,"column":9}},{"start":{},"end":{}}],"line":43},"3":{"loc":{"start":{"line":47,"column":8},"end":{"line":50,"column":9}},"type":"if","locations":[{"start":{"line":47,"column":8},"end":{"line":50,"column":9}},{"start":{},"end":{}}],"line":47},"4":{"loc":{"start":{"line":71,"column":28},"end":{"line":71,"column":58}},"type":"binary-expr","locations":[{"start":{"line":71,"column":28},"end":{"line":71,"column":40}},{"start":{"line":71,"column":44},"end":{"line":71,"column":58}}],"line":71},"5":{"loc":{"start":{"line":73,"column":8},"end":{"line":77,"column":9}},"type":"if","locations":[{"start":{"line":73,"column":8},"end":{"line":77,"column":9}},{"start":{"line":75,"column":15},"end":{"line":77,"column":9}}],"line":73},"6":{"loc":{"start":{"line":81,"column":4},"end":{"line":87,"column":5}},"type":"if","locations":[{"start":{"line":81,"column":4},"end":{"line":87,"column":5}},{"start":{},"end":{}}],"line":81},"7":{"loc":{"start":{"line":81,"column":8},"end":{"line":81,"column":47}},"type":"binary-expr","locations":[{"start":{"line":81,"column":8},"end":{"line":81,"column":13}},{"start":{"line":81,"column":17},"end":{"line":81,"column":47}}],"line":81},"8":{"loc":{"start":{"line":92,"column":26},"end":{"line":92,"column":70}},"type":"cond-expr","locations":[{"start":{"line":92,"column":50},"end":{"line":92,"column":59}},{"start":{"line":92,"column":62},"end":{"line":92,"column":70}}],"line":92},"9":{"loc":{"start":{"line":111,"column":29},"end":{"line":120,"column":29}},"type":"binary-expr","locations":[{"start":{"line":111,"column":29},"end":{"line":111,"column":43}},{"start":{"line":112,"column":32},"end":{"line":119,"column":34}}],"line":111},"10":{"loc":{"start":{"line":116,"column":45},"end":{"line":116,"column":90}},"type":"cond-expr","locations":[{"start":{"line":116,"column":69},"end":{"line":116,"column":78}},{"start":{"line":116,"column":81},"end":{"line":116,"column":90}}],"line":116},"11":{"loc":{"start":{"line":127,"column":47},"end":{"line":127,"column":67}},"type":"binary-expr","locations":[{"start":{"line":127,"column":47},"end":{"line":127,"column":54}},{"start":{"line":127,"column":58},"end":{"line":127,"column":67}}],"line":127},"12":{"loc":{"start":{"line":137,"column":47},"end":{"line":137,"column":81}},"type":"binary-expr","locations":[{"start":{"line":137,"column":47},"end":{"line":137,"column":68}},{"start":{"line":137,"column":72},"end":{"line":137,"column":81}}],"line":137},"13":{"loc":{"start":{"line":146,"column":13},"end":{"line":150,"column":13}},"type":"cond-expr","locations":[{"start":{"line":147,"column":16},"end":{"line":147,"column":89}},{"start":{"line":149,"column":16},"end":{"line":149,"column":108}}],"line":146}},"s":{"0":1,"1":1,"2":1,"3":2,"4":2,"5":2,"6":2,"7":0,"8":0,"9":2,"10":2,"11":2,"12":2,"13":2,"14":2,"15":2,"16":1,"17":0,"18":0,"19":1,"20":0,"21":0,"22":1,"23":1,"24":2,"25":0,"26":0,"27":0,"28":0,"29":0,"30":2,"31":0,"32":2,"33":0,"34":0,"35":0},"f":{"0":2,"1":2,"2":1,"3":0,"4":0,"5":0,"6":0},"b":{"0":[0,2],"1":[2,2],"2":[0,1],"3":[0,1],"4":[0,0],"5":[0,0],"6":[0,2],"7":[2,2],"8":[2,0],"9":[2,0],"10":[0,0],"11":[2,2],"12":[2,2],"13":[0,2]},"_coverageSchema":"1a1c01bbd47fc00a2c39e90264f33305004495a9","hash":"95077d445ce400208f31e8319b90136c1f8202ff"}
,"C:\\Users\\gabri\\OneDrive\\Desktop\\tcc-tea\\Aplicativo_TCC_TEA\\app-tea\\app\\(tabs)\\Account\\ChangePassword.tsx": {"path":"C:\\Users\\gabri\\OneDrive\\Desktop\\tcc-tea\\Aplicativo_TCC_TEA\\app-tea\\app\\(tabs)\\Account\\ChangePassword.tsx","statementMap":{"0":{"start":{"line":7,"column":15},"end":{"line":81,"column":1}},"1":{"start":{"line":9,"column":42},"end":{"line":9,"column":54}},"2":{"start":{"line":10,"column":42},"end":{"line":10,"column":54}},"3":{"start":{"line":11,"column":56},"end":{"line":11,"column":68}},"4":{"start":{"line":13,"column":19},"end":{"line":13,"column":30}},"5":{"start":{"line":15,"column":27},"end":{"line":17,"column":5}},"6":{"start":{"line":16,"column":8},"end":{"line":16,"column":43}},"7":{"start":{"line":19,"column":25},"end":{"line":22,"column":5}},"8":{"start":{"line":20,"column":8},"end":{"line":20,"column":47}},"9":{"start":{"line":21,"column":8},"end":{"line":21,"column":43}},"10":{"start":{"line":25,"column":4},"end":{"line":80,"column":6}}},"fnMap":{"0":{"name":"(anonymous_0)","decl":{"start":{"line":7,"column":15},"end":{"line":7,"column":16}},"loc":{"start":{"line":7,"column":21},"end":{"line":81,"column":1}},"line":7},"1":{"name":"(anonymous_1)","decl":{"start":{"line":15,"column":27},"end":{"line":15,"column":28}},"loc":{"start":{"line":15,"column":33},"end":{"line":17,"column":5}},"line":15},"2":{"name":"(anonymous_2)","decl":{"start":{"line":19,"column":25},"end":{"line":19,"column":26}},"loc":{"start":{"line":19,"column":31},"end":{"line":22,"column":5}},"line":19}},"branchMap":{"0":{"loc":{"start":{"line":44,"column":26},"end":{"line":44,"column":70}},"type":"cond-expr","locations":[{"start":{"line":44,"column":50},"end":{"line":44,"column":59}},{"start":{"line":44,"column":62},"end":{"line":44,"column":70}}],"line":44}},"s":{"0":1,"1":1,"2":1,"3":1,"4":1,"5":1,"6":0,"7":1,"8":1,"9":1,"10":1},"f":{"0":1,"1":0,"2":1},"b":{"0":[1,0]},"_coverageSchema":"1a1c01bbd47fc00a2c39e90264f33305004495a9","hash":"33081cf3fe9a81cd7832e8ce6d43b874fd71bb47"}
,"C:\\Users\\gabri\\OneDrive\\Desktop\\tcc-tea\\Aplicativo_TCC_TEA\\app-tea\\app\\FoodExchange\\MealOption.tsx": {"path":"C:\\Users\\gabri\\OneDrive\\Desktop\\tcc-tea\\Aplicativo_TCC_TEA\\app-tea\\app\\FoodExchange\\MealOption.tsx","statementMap":{"0":{"start":{"line":6,"column":15},"end":{"line":79,"column":1}},"1":{"start":{"line":7,"column":19},"end":{"line":7,"column":30}},"2":{"start":{"line":8,"column":30},"end":{"line":8,"column":39}},"3":{"start":{"line":9,"column":28},"end":{"line":9,"column":76}},"4":{"start":{"line":11,"column":24},"end":{"line":16,"column":5}},"5":{"start":{"line":18,"column":28},"end":{"line":28,"column":5}},"6":{"start":{"line":19,"column":8},"end":{"line":23,"column":9}},"7":{"start":{"line":20,"column":12},"end":{"line":20,"column":85}},"8":{"start":{"line":21,"column":12},"end":{"line":21,"column":84}},"9":{"start":{"line":22,"column":12},"end":{"line":22,"column":19}},"10":{"start":{"line":24,"column":8},"end":{"line":27,"column":11}},"11":{"start":{"line":31,"column":31},"end":{"line":33,"column":5}},"12":{"start":{"line":32,"column":8},"end":{"line":32,"column":47}},"13":{"start":{"line":35,"column":4},"end":{"line":78,"column":6}},"14":{"start":{"line":69,"column":20},"end":{"line":74,"column":22}},"15":{"start":{"line":73,"column":39},"end":{"line":73,"column":65}}},"fnMap":{"0":{"name":"(anonymous_0)","decl":{"start":{"line":6,"column":15},"end":{"line":6,"column":16}},"loc":{"start":{"line":6,"column":21},"end":{"line":79,"column":1}},"line":6},"1":{"name":"(anonymous_1)","decl":{"start":{"line":18,"column":28},"end":{"line":18,"column":29}},"loc":{"start":{"line":18,"column":50},"end":{"line":28,"column":5}},"line":18},"2":{"name":"(anonymous_2)","decl":{"start":{"line":31,"column":31},"end":{"line":31,"column":32}},"loc":{"start":{"line":31,"column":37},"end":{"line":33,"column":5}},"line":31},"3":{"name":"(anonymous_3)","decl":{"start":{"line":68,"column":33},"end":{"line":68,"column":34}},"loc":{"start":{"line":69,"column":20},"end":{"line":74,"column":22}},"line":69},"4":{"name":"(anonymous_4)","decl":{"start":{"line":73,"column":33},"end":{"line":73,"column":34}},"loc":{"start":{"line":73,"column":39},"end":{"line":73,"column":65}},"line":73}},"branchMap":{"0":{"loc":{"start":{"line":19,"column":8},"end":{"line":23,"column":9}},"type":"if","locations":[{"start":{"line":19,"column":8},"end":{"line":23,"column":9}},{"start":{},"end":{}}],"line":19},"1":{"loc":{"start":{"line":43,"column":76},"end":{"line":43,"column":99}},"type":"binary-expr","locations":[{"start":{"line":43,"column":76},"end":{"line":43,"column":86}},{"start":{"line":43,"column":90},"end":{"line":43,"column":99}}],"line":43}},"s":{"0":1,"1":1,"2":1,"3":1,"4":1,"5":1,"6":1,"7":0,"8":0,"9":0,"10":1,"11":1,"12":0,"13":1,"14":4,"15":1},"f":{"0":1,"1":1,"2":0,"3":4,"4":1},"b":{"0":[0,1],"1":[1,0]},"_coverageSchema":"1a1c01bbd47fc00a2c39e90264f33305004495a9","hash":"685e3f588bfeb2761e083088616a72cbdabb3455"}
,"C:\\Users\\gabri\\OneDrive\\Desktop\\tcc-tea\\Aplicativo_TCC_TEA\\app-tea\\app\\Reports\\ViewReport.tsx": {"path":"C:\\Users\\gabri\\OneDrive\\Desktop\\tcc-tea\\Aplicativo_TCC_TEA\\app-tea\\app\\Reports\\ViewReport.tsx","statementMap":{"0":{"start":{"line":10,"column":25},"end":{"line":151,"column":1}},"1":{"start":{"line":11,"column":26},"end":{"line":11,"column":73}},"2":{"start":{"line":12,"column":17},"end":{"line":12,"column":28}},"3":{"start":{"line":13,"column":36},"end":{"line":13,"column":73}},"4":{"start":{"line":14,"column":36},"end":{"line":14,"column":50}},"5":{"start":{"line":15,"column":48},"end":{"line":15,"column":63}},"6":{"start":{"line":17,"column":2},"end":{"line":26,"column":20}},"7":{"start":{"line":18,"column":27},"end":{"line":24,"column":5}},"8":{"start":{"line":19,"column":6},"end":{"line":22,"column":7}},"9":{"start":{"line":20,"column":21},"end":{"line":20,"column":60}},"10":{"start":{"line":21,"column":8},"end":{"line":21,"column":27}},"11":{"start":{"line":23,"column":6},"end":{"line":23,"column":26}},"12":{"start":{"line":25,"column":4},"end":{"line":25,"column":21}},"13":{"start":{"line":28,"column":28},"end":{"line":54,"column":3}},"14":{"start":{"line":29,"column":4},"end":{"line":29,"column":27}},"15":{"start":{"line":29,"column":20},"end":{"line":29,"column":27}},"16":{"start":{"line":31,"column":4},"end":{"line":53,"column":5}},"17":{"start":{"line":32,"column":6},"end":{"line":32,"column":31}},"18":{"start":{"line":35,"column":19},"end":{"line":35,"column":48}},"19":{"start":{"line":38,"column":22},"end":{"line":38,"column":60}},"20":{"start":{"line":39,"column":6},"end":{"line":39,"column":41}},"21":{"start":{"line":42,"column":6},"end":{"line":46,"column":7}},"22":{"start":{"line":43,"column":8},"end":{"line":43,"column":84}},"23":{"start":{"line":45,"column":8},"end":{"line":45,"column":108}},"24":{"start":{"line":49,"column":6},"end":{"line":49,"column":49}},"25":{"start":{"line":50,"column":6},"end":{"line":50,"column":59}},"26":{"start":{"line":52,"column":6},"end":{"line":52,"column":32}},"27":{"start":{"line":56,"column":2},"end":{"line":62,"column":3}},"28":{"start":{"line":57,"column":4},"end":{"line":61,"column":6}},"29":{"start":{"line":64,"column":2},"end":{"line":73,"column":3}},"30":{"start":{"line":65,"column":4},"end":{"line":72,"column":6}},"31":{"start":{"line":68,"column":41},"end":{"line":68,"column":54}},"32":{"start":{"line":75,"column":2},"end":{"line":150,"column":4}},"33":{"start":{"line":79,"column":43},"end":{"line":79,"column":56}},"34":{"start":{"line":114,"column":14},"end":{"line":118,"column":21}},"35":{"start":{"line":130,"column":14},"end":{"line":143,"column":21}},"36":{"start":{"line":136,"column":18},"end":{"line":141,"column":25}},"37":{"start":{"line":153,"column":15},"end":{"line":175,"column":2}}},"fnMap":{"0":{"name":"(anonymous_0)","decl":{"start":{"line":10,"column":25},"end":{"line":10,"column":26}},"loc":{"start":{"line":10,"column":31},"end":{"line":151,"column":1}},"line":10},"1":{"name":"(anonymous_1)","decl":{"start":{"line":17,"column":12},"end":{"line":17,"column":13}},"loc":{"start":{"line":17,"column":18},"end":{"line":26,"column":3}},"line":17},"2":{"name":"(anonymous_2)","decl":{"start":{"line":18,"column":27},"end":{"line":18,"column":28}},"loc":{"start":{"line":18,"column":39},"end":{"line":24,"column":5}},"line":18},"3":{"name":"(anonymous_3)","decl":{"start":{"line":28,"column":28},"end":{"line":28,"column":29}},"loc":{"start":{"line":28,"column":40},"end":{"line":54,"column":3}},"line":28},"4":{"name":"(anonymous_4)","decl":{"start":{"line":68,"column":35},"end":{"line":68,"column":36}},"loc":{"start":{"line":68,"column":41},"end":{"line":68,"column":54}},"line":68},"5":{"name":"(anonymous_5)","decl":{"start":{"line":79,"column":37},"end":{"line":79,"column":38}},"loc":{"start":{"line":79,"column":43},"end":{"line":79,"column":56}},"line":79},"6":{"name":"(anonymous_6)","decl":{"start":{"line":113,"column":40},"end":{"line":113,"column":41}},"loc":{"start":{"line":114,"column":14},"end":{"line":118,"column":21}},"line":114},"7":{"name":"(anonymous_7)","decl":{"start":{"line":129,"column":42},"end":{"line":129,"column":43}},"loc":{"start":{"line":130,"column":14},"end":{"line":143,"column":21}},"line":130},"8":{"name":"(anonymous_8)","decl":{"start":{"line":135,"column":33},"end":{"line":135,"column":34}},"loc":{"start":{"line":136,"column":18},"end":{"line":141,"column":25}},"line":136}},"branchMap":{"0":{"loc":{"start":{"line":19,"column":6},"end":{"line":22,"column":7}},"type":"if","locations":[{"start":{"line":19,"column":6},"end":{"line":22,"column":7}},{"start":{},"end":{}}],"line":19},"1":{"loc":{"start":{"line":29,"column":4},"end":{"line":29,"column":27}},"type":"if","locations":[{"start":{"line":29,"column":4},"end":{"line":29,"column":27}},{"start":{},"end":{}}],"line":29},"2":{"loc":{"start":{"line":42,"column":6},"end":{"line":46,"column":7}},"type":"if","locations":[{"start":{"line":42,"column":6},"end":{"line":46,"column":7}},{"start":{"line":44,"column":13},"end":{"line":46,"column":7}}],"line":42},"3":{"loc":{"start":{"line":56,"column":2},"end":{"line":62,"column":3}},"type":"if","locations":[{"start":{"line":56,"column":2},"end":{"line":62,"column":3}},{"start":{},"end":{}}],"line":56},"4":{"loc":{"start":{"line":64,"column":2},"end":{"line":73,"column":3}},"type":"if","locations":[{"start":{"line":64,"column":2},"end":{"line":73,"column":3}},{"start":{},"end":{}}],"line":64},"5":{"loc":{"start":{"line":86,"column":11},"end":{"line":92,"column":11}},"type":"cond-expr","locations":[{"start":{"line":87,"column":12},"end":{"line":87,"column":60}},{"start":{"line":89,"column":12},"end":{"line":91,"column":19}}],"line":86},"6":{"loc":{"start":{"line":103,"column":74},"end":{"line":103,"column":119}},"type":"binary-expr","locations":[{"start":{"line":103,"column":74},"end":{"line":103,"column":110}},{"start":{"line":103,"column":114},"end":{"line":103,"column":119}}],"line":103},"7":{"loc":{"start":{"line":104,"column":79},"end":{"line":104,"column":128}},"type":"binary-expr","locations":[{"start":{"line":104,"column":79},"end":{"line":104,"column":119}},{"start":{"line":104,"column":123},"end":{"line":104,"column":128}}],"line":104},"8":{"loc":{"start":{"line":110,"column":11},"end":{"line":120,"column":11}},"type":"cond-expr","locations":[{"start":{"line":111,"column":12},"end":{"line":111,"column":89}},{"start":{"line":113,"column":12},"end":{"line":119,"column":14}}],"line":110},"9":{"loc":{"start":{"line":126,"column":11},"end":{"line":145,"column":11}},"type":"cond-expr","locations":[{"start":{"line":127,"column":12},"end":{"line":127,"column":83}},{"start":{"line":129,"column":12},"end":{"line":144,"column":14}}],"line":126},"10":{"loc":{"start":{"line":138,"column":58},"end":{"line":138,"column":167}},"type":"cond-expr","locations":[{"start":{"line":138,"column":85},"end":{"line":138,"column":101}},{"start":{"line":138,"column":104},"end":{"line":138,"column":167}}],"line":138},"11":{"loc":{"start":{"line":138,"column":104},"end":{"line":138,"column":167}},"type":"cond-expr","locations":[{"start":{"line":138,"column":133},"end":{"line":138,"column":149}},{"start":{"line":138,"column":152},"end":{"line":138,"column":167}}],"line":138}},"s":{"0":1,"1":2,"2":2,"3":2,"4":2,"5":2,"6":2,"7":1,"8":1,"9":1,"10":1,"11":1,"12":1,"13":2,"14":0,"15":0,"16":0,"17":0,"18":0,"19":0,"20":0,"21":0,"22":0,"23":0,"24":0,"25":0,"26":0,"27":2,"28":1,"29":1,"30":0,"31":0,"32":1,"33":0,"34":0,"35":0,"36":0,"37":1},"f":{"0":2,"1":1,"2":1,"3":0,"4":0,"5":0,"6":0,"7":0,"8":0},"b":{"0":[1,0],"1":[0,0],"2":[0,0],"3":[1,1],"4":[0,1],"5":[0,1],"6":[1,1],"7":[1,1],"8":[1,0],"9":[1,0],"10":[0,0],"11":[0,0]},"_coverageSchema":"1a1c01bbd47fc00a2c39e90264f33305004495a9","hash":"de78a7ee4f25c73454c4bdae8b681ba9c708ceab"}
,"C:\\Users\\gabri\\OneDrive\\Desktop\\tcc-tea\\Aplicativo_TCC_TEA\\app-tea\\components\\Button.tsx": {"path":"C:\\Users\\gabri\\OneDrive\\Desktop\\tcc-tea\\Aplicativo_TCC_TEA\\app-tea\\components\\Button.tsx","statementMap":{"0":{"start":{"line":8,"column":22},"end":{"line":21,"column":1}},"1":{"start":{"line":9,"column":4},"end":{"line":20,"column":6}}},"fnMap":{"0":{"name":"(anonymous_0)","decl":{"start":{"line":8,"column":22},"end":{"line":8,"column":23}},"loc":{"start":{"line":8,"column":59},"end":{"line":21,"column":1}},"line":8}},"branchMap":{"0":{"loc":{"start":{"line":15,"column":51},"end":{"line":15,"column":105}},"type":"cond-expr","locations":[{"start":{"line":15,"column":72},"end":{"line":15,"column":86}},{"start":{"line":15,"column":89},"end":{"line":15,"column":105}}],"line":15}},"s":{"0":5,"1":36},"f":{"0":36},"b":{"0":[20,16]},"_coverageSchema":"1a1c01bbd47fc00a2c39e90264f33305004495a9","hash":"dfeee662fed1918be99423eb420d66a36cef4e9f"}
,"C:\\Users\\gabri\\OneDrive\\Desktop\\tcc-tea\\Aplicativo_TCC_TEA\\app-tea\\components\\FoodCard.tsx": {"path":"C:\\Users\\gabri\\OneDrive\\Desktop\\tcc-tea\\Aplicativo_TCC_TEA\\app-tea\\components\\FoodCard.tsx","statementMap":{"0":{"start":{"line":10,"column":24},"end":{"line":22,"column":1}},"1":{"start":{"line":11,"column":4},"end":{"line":21,"column":6}}},"fnMap":{"0":{"name":"(anonymous_0)","decl":{"start":{"line":10,"column":24},"end":{"line":10,"column":25}},"loc":{"start":{"line":10,"column":69},"end":{"line":22,"column":1}},"line":10}},"branchMap":{},"s":{"0":1,"1":1},"f":{"0":1},"b":{},"_coverageSchema":"1a1c01bbd47fc00a2c39e90264f33305004495a9","hash":"bfc295f76da79d4fd2b5ec5e3343078b1c4f8314"}
,"C:\\Users\\gabri\\OneDrive\\Desktop\\tcc-tea\\Aplicativo_TCC_TEA\\app-tea\\components\\FoodCardChecable.tsx": {"path":"C:\\Users\\gabri\\OneDrive\\Desktop\\tcc-tea\\Aplicativo_TCC_TEA\\app-tea\\components\\FoodCardChecable.tsx","statementMap":{"0":{"start":{"line":10,"column":32},"end":{"line":28,"column":1}},"1":{"start":{"line":11,"column":4},"end":{"line":27,"column":6}}},"fnMap":{"0":{"name":"(anonymous_0)","decl":{"start":{"line":10,"column":32},"end":{"line":10,"column":33}},"loc":{"start":{"line":10,"column":83},"end":{"line":28,"column":1}},"line":10}},"branchMap":{"0":{"loc":{"start":{"line":24,"column":23},"end":{"line":24,"column":56}},"type":"cond-expr","locations":[{"start":{"line":24,"column":35},"end":{"line":24,"column":44}},{"start":{"line":24,"column":47},"end":{"line":24,"column":56}}],"line":24}},"s":{"0":1,"1":2},"f":{"0":2},"b":{"0":[0,2]},"_coverageSchema":"1a1c01bbd47fc00a2c39e90264f33305004495a9","hash":"0b1d263ebec506144855c6cddb2a7f4cc1451e4e"}
,"C:\\Users\\gabri\\OneDrive\\Desktop\\tcc-tea\\Aplicativo_TCC_TEA\\app-tea\\components\\Input.tsx": {"path":"C:\\Users\\gabri\\OneDrive\\Desktop\\tcc-tea\\Aplicativo_TCC_TEA\\app-tea\\components\\Input.tsx","statementMap":{"0":{"start":{"line":5,"column":21},"end":{"line":13,"column":1}},"1":{"start":{"line":6,"column":4},"end":{"line":12,"column":6}}},"fnMap":{"0":{"name":"(anonymous_0)","decl":{"start":{"line":5,"column":21},"end":{"line":5,"column":22}},"loc":{"start":{"line":5,"column":45},"end":{"line":13,"column":1}},"line":5}},"branchMap":{},"s":{"0":6,"1":122},"f":{"0":122},"b":{},"_coverageSchema":"1a1c01bbd47fc00a2c39e90264f33305004495a9","hash":"71e63a1938ecc047a6ddb1769cd9044eeb0350d5"}
,"C:\\Users\\gabri\\OneDrive\\Desktop\\tcc-tea\\Aplicativo_TCC_TEA\\app-tea\\components\\MainButton.tsx": {"path":"C:\\Users\\gabri\\OneDrive\\Desktop\\tcc-tea\\Aplicativo_TCC_TEA\\app-tea\\components\\MainButton.tsx","statementMap":{"0":{"start":{"line":7,"column":26},"end":{"line":20,"column":1}},"1":{"start":{"line":8,"column":4},"end":{"line":19,"column":6}}},"fnMap":{"0":{"name":"(anonymous_0)","decl":{"start":{"line":7,"column":26},"end":{"line":7,"column":27}},"loc":{"start":{"line":7,"column":57},"end":{"line":20,"column":1}},"line":7}},"branchMap":{},"s":{"0":2,"1":10},"f":{"0":10},"b":{},"_coverageSchema":"1a1c01bbd47fc00a2c39e90264f33305004495a9","hash":"470c9f52d229f394b8c05b234c6ef73750802e1c"}
,"C:\\Users\\gabri\\OneDrive\\Desktop\\tcc-tea\\Aplicativo_TCC_TEA\\app-tea\\components\\MealTypeCard.tsx": {"path":"C:\\Users\\gabri\\OneDrive\\Desktop\\tcc-tea\\Aplicativo_TCC_TEA\\app-tea\\components\\MealTypeCard.tsx","statementMap":{"0":{"start":{"line":9,"column":28},"end":{"line":22,"column":1}},"1":{"start":{"line":10,"column":4},"end":{"line":21,"column":6}}},"fnMap":{"0":{"name":"(anonymous_0)","decl":{"start":{"line":9,"column":28},"end":{"line":9,"column":29}},"loc":{"start":{"line":9,"column":65},"end":{"line":22,"column":1}},"line":9}},"branchMap":{},"s":{"0":2,"1":6},"f":{"0":6},"b":{},"_coverageSchema":"1a1c01bbd47fc00a2c39e90264f33305004495a9","hash":"ccda0901679bfca64b956d67805f77b61a88bb7e"}
,"C:\\Users\\gabri\\OneDrive\\Desktop\\tcc-tea\\Aplicativo_TCC_TEA\\app-tea\\components\\RadioButton.tsx": {"path":"C:\\Users\\gabri\\OneDrive\\Desktop\\tcc-tea\\Aplicativo_TCC_TEA\\app-tea\\components\\RadioButton.tsx","statementMap":{"0":{"start":{"line":11,"column":55},"end":{"line":20,"column":1}},"1":{"start":{"line":12,"column":2},"end":{"line":19,"column":4}},"2":{"start":{"line":22,"column":15},"end":{"line":52,"column":2}}},"fnMap":{"0":{"name":"(anonymous_0)","decl":{"start":{"line":11,"column":55},"end":{"line":11,"column":56}},"loc":{"start":{"line":11,"column":90},"end":{"line":20,"column":1}},"line":11}},"branchMap":{"0":{"loc":{"start":{"line":14,"column":40},"end":{"line":14,"column":69}},"type":"binary-expr","locations":[{"start":{"line":14,"column":40},"end":{"line":14,"column":48}},{"start":{"line":14,"column":52},"end":{"line":14,"column":69}}],"line":14},"1":{"loc":{"start":{"line":15,"column":9},"end":{"line":15,"column":64}},"type":"binary-expr","locations":[{"start":{"line":15,"column":9},"end":{"line":15,"column":17}},{"start":{"line":15,"column":21},"end":{"line":15,"column":64}}],"line":15}},"s":{"0":2,"1":26,"2":2},"f":{"0":26},"b":{"0":[26,6],"1":[26,6]},"_coverageSchema":"1a1c01bbd47fc00a2c39e90264f33305004495a9","hash":"4baf784418e317185cd6d8c1719423dbd710dd72"}
,"C:\\Users\\gabri\\OneDrive\\Desktop\\tcc-tea\\Aplicativo_TCC_TEA\\app-tea\\components\\SelectInput.tsx": {"path":"C:\\Users\\gabri\\OneDrive\\Desktop\\tcc-tea\\Aplicativo_TCC_TEA\\app-tea\\components\\SelectInput.tsx","statementMap":{"0":{"start":{"line":25,"column":27},"end":{"line":74,"column":1}},"1":{"start":{"line":26,"column":42},"end":{"line":26,"column":57}},"2":{"start":{"line":28,"column":24},"end":{"line":28,"column":100}},"3":{"start":{"line":28,"column":47},"end":{"line":28,"column":77}},"4":{"start":{"line":30,"column":23},"end":{"line":33,"column":3}},"5":{"start":{"line":31,"column":4},"end":{"line":31,"column":32}},"6":{"start":{"line":32,"column":4},"end":{"line":32,"column":27}},"7":{"start":{"line":35,"column":2},"end":{"line":73,"column":4}},"8":{"start":{"line":39,"column":23},"end":{"line":39,"column":44}},"9":{"start":{"line":51,"column":30},"end":{"line":51,"column":52}},"10":{"start":{"line":53,"column":62},"end":{"line":53,"column":84}},"11":{"start":{"line":58,"column":40},"end":{"line":58,"column":50}},"12":{"start":{"line":60,"column":18},"end":{"line":65,"column":37}},"13":{"start":{"line":62,"column":35},"end":{"line":62,"column":53}},"14":{"start":{"line":76,"column":15},"end":{"line":110,"column":2}}},"fnMap":{"0":{"name":"(anonymous_0)","decl":{"start":{"line":25,"column":27},"end":{"line":25,"column":28}},"loc":{"start":{"line":25,"column":121},"end":{"line":74,"column":1}},"line":25},"1":{"name":"(anonymous_1)","decl":{"start":{"line":28,"column":37},"end":{"line":28,"column":38}},"loc":{"start":{"line":28,"column":47},"end":{"line":28,"column":77}},"line":28},"2":{"name":"(anonymous_2)","decl":{"start":{"line":30,"column":23},"end":{"line":30,"column":24}},"loc":{"start":{"line":30,"column":43},"end":{"line":33,"column":3}},"line":30},"3":{"name":"(anonymous_3)","decl":{"start":{"line":39,"column":17},"end":{"line":39,"column":18}},"loc":{"start":{"line":39,"column":23},"end":{"line":39,"column":44}},"line":39},"4":{"name":"(anonymous_4)","decl":{"start":{"line":51,"column":24},"end":{"line":51,"column":25}},"loc":{"start":{"line":51,"column":30},"end":{"line":51,"column":52}},"line":51},"5":{"name":"(anonymous_5)","decl":{"start":{"line":53,"column":56},"end":{"line":53,"column":57}},"loc":{"start":{"line":53,"column":62},"end":{"line":53,"column":84}},"line":53},"6":{"name":"(anonymous_6)","decl":{"start":{"line":58,"column":30},"end":{"line":58,"column":31}},"loc":{"start":{"line":58,"column":40},"end":{"line":58,"column":50}},"line":58},"7":{"name":"(anonymous_7)","decl":{"start":{"line":59,"column":28},"end":{"line":59,"column":29}},"loc":{"start":{"line":60,"column":18},"end":{"line":65,"column":37}},"line":60},"8":{"name":"(anonymous_8)","decl":{"start":{"line":62,"column":29},"end":{"line":62,"column":30}},"loc":{"start":{"line":62,"column":35},"end":{"line":62,"column":53}},"line":62}},"branchMap":{"0":{"loc":{"start":{"line":25,"column":69},"end":{"line":25,"column":107}},"type":"default-arg","locations":[{"start":{"line":25,"column":83},"end":{"line":25,"column":107}}],"line":25},"1":{"loc":{"start":{"line":28,"column":24},"end":{"line":28,"column":100}},"type":"binary-expr","locations":[{"start":{"line":28,"column":24},"end":{"line":28,"column":85}},{"start":{"line":28,"column":89},"end":{"line":28,"column":100}}],"line":28},"2":{"loc":{"start":{"line":41,"column":21},"end":{"line":41,"column":81}},"type":"cond-expr","locations":[{"start":{"line":41,"column":37},"end":{"line":41,"column":56}},{"start":{"line":41,"column":59},"end":{"line":41,"column":81}}],"line":41}},"s":{"0":3,"1":13,"2":13,"3":38,"4":13,"5":1,"6":1,"7":13,"8":1,"9":0,"10":0,"11":3,"12":2,"13":1,"14":3},"f":{"0":13,"1":38,"2":1,"3":1,"4":0,"5":0,"6":3,"7":2,"8":1},"b":{"0":[2],"1":[13,12],"2":[1,12]},"_coverageSchema":"1a1c01bbd47fc00a2c39e90264f33305004495a9","hash":"547abf36d2b8c76b5314c7be05a12ded6f7d6ad3"}
,"C:\\Users\\gabri\\OneDrive\\Desktop\\tcc-tea\\Aplicativo_TCC_TEA\\app-tea\\components\\WatchedCard.tsx": {"path":"C:\\Users\\gabri\\OneDrive\\Desktop\\tcc-tea\\Aplicativo_TCC_TEA\\app-tea\\components\\WatchedCard.tsx","statementMap":{"0":{"start":{"line":4,"column":27},"end":{"line":23,"column":1}},"1":{"start":{"line":6,"column":4},"end":{"line":22,"column":6}},"2":{"start":{"line":17,"column":49},"end":{"line":17,"column":73}}},"fnMap":{"0":{"name":"(anonymous_0)","decl":{"start":{"line":4,"column":27},"end":{"line":4,"column":28}},"loc":{"start":{"line":4,"column":87},"end":{"line":23,"column":1}},"line":4},"1":{"name":"(anonymous_1)","decl":{"start":{"line":17,"column":43},"end":{"line":17,"column":44}},"loc":{"start":{"line":17,"column":49},"end":{"line":17,"column":73}},"line":17}},"branchMap":{},"s":{"0":1,"1":2,"2":1},"f":{"0":2,"1":1},"b":{},"_coverageSchema":"1a1c01bbd47fc00a2c39e90264f33305004495a9","hash":"f21939a3b9ee7f90e10e9266a7f4f1cc367cbc7e"}
,"C:\\Users\\gabri\\OneDrive\\Desktop\\tcc-tea\\Aplicativo_TCC_TEA\\app-tea\\utils\\formatters.ts": {"path":"C:\\Users\\gabri\\OneDrive\\Desktop\\tcc-tea\\Aplicativo_TCC_TEA\\app-tea\\utils\\formatters.ts","statementMap":{"0":{"start":{"line":1,"column":25},"end":{"line":11,"column":1}},"1":{"start":{"line":2,"column":2},"end":{"line":2,"column":22}},"2":{"start":{"line":2,"column":12},"end":{"line":2,"column":22}},"3":{"start":{"line":4,"column":21},"end":{"line":4,"column":56}},"4":{"start":{"line":7,"column":2},"end":{"line":10,"column":43}},"5":{"start":{"line":14,"column":27},"end":{"line":17,"column":1}},"6":{"start":{"line":15,"column":2},"end":{"line":15,"column":22}},"7":{"start":{"line":15,"column":12},"end":{"line":15,"column":22}},"8":{"start":{"line":16,"column":2},"end":{"line":16,"column":32}}},"fnMap":{"0":{"name":"(anonymous_0)","decl":{"start":{"line":1,"column":25},"end":{"line":1,"column":26}},"loc":{"start":{"line":1,"column":50},"end":{"line":11,"column":1}},"line":1},"1":{"name":"(anonymous_1)","decl":{"start":{"line":14,"column":27},"end":{"line":14,"column":28}},"loc":{"start":{"line":14,"column":52},"end":{"line":17,"column":1}},"line":14}},"branchMap":{"0":{"loc":{"start":{"line":2,"column":2},"end":{"line":2,"column":22}},"type":"if","locations":[{"start":{"line":2,"column":2},"end":{"line":2,"column":22}},{"start":{},"end":{}}],"line":2},"1":{"loc":{"start":{"line":15,"column":2},"end":{"line":15,"column":22}},"type":"if","locations":[{"start":{"line":15,"column":2},"end":{"line":15,"column":22}},{"start":{},"end":{}}],"line":15}},"s":{"0":2,"1":4,"2":1,"3":3,"4":3,"5":2,"6":3,"7":1,"8":2},"f":{"0":4,"1":3},"b":{"0":[1,3],"1":[1,2]},"_coverageSchema":"1a1c01bbd47fc00a2c39e90264f33305004495a9","hash":"c01dbb14b9b282aa091e387ec5d4f9388d29ac74"}
,"C:\\Users\\gabri\\OneDrive\\Desktop\\tcc-tea\\Aplicativo_TCC_TEA\\app-tea\\utils\\generateReportHtml.ts": {"path":"C:\\Users\\gabri\\OneDrive\\Desktop\\tcc-tea\\Aplicativo_TCC_TEA\\app-tea\\utils\\generateReportHtml.ts","statementMap":{"0":{"start":{"line":4,"column":34},"end":{"line":113,"column":1}},"1":{"start":{"line":6,"column":24},"end":{"line":10,"column":3}},"2":{"start":{"line":7,"column":6},"end":{"line":9,"column":31}},"3":{"start":{"line":8,"column":10},"end":{"line":8,"column":60}},"4":{"start":{"line":9,"column":16},"end":{"line":9,"column":29}},"5":{"start":{"line":12,"column":28},"end":{"line":16,"column":3}},"6":{"start":{"line":13,"column":6},"end":{"line":15,"column":31}},"7":{"start":{"line":14,"column":10},"end":{"line":14,"column":66}},"8":{"start":{"line":15,"column":16},"end":{"line":15,"column":29}},"9":{"start":{"line":19,"column":28},"end":{"line":27,"column":69}},"10":{"start":{"line":20,"column":34},"end":{"line":26,"column":7}},"11":{"start":{"line":30,"column":26},"end":{"line":48,"column":40}},"12":{"start":{"line":31,"column":40},"end":{"line":47,"column":7}},"13":{"start":{"line":38,"column":42},"end":{"line":44,"column":17}},"14":{"start":{"line":50,"column":2},"end":{"line":112,"column":4}}},"fnMap":{"0":{"name":"(anonymous_0)","decl":{"start":{"line":4,"column":34},"end":{"line":4,"column":35}},"loc":{"start":{"line":4,"column":68},"end":{"line":113,"column":1}},"line":4},"1":{"name":"(anonymous_1)","decl":{"start":{"line":6,"column":24},"end":{"line":6,"column":25}},"loc":{"start":{"line":6,"column":48},"end":{"line":10,"column":3}},"line":6},"2":{"name":"(anonymous_2)","decl":{"start":{"line":12,"column":28},"end":{"line":12,"column":29}},"loc":{"start":{"line":12,"column":52},"end":{"line":16,"column":3}},"line":12},"3":{"name":"(anonymous_3)","decl":{"start":{"line":20,"column":29},"end":{"line":20,"column":30}},"loc":{"start":{"line":20,"column":34},"end":{"line":26,"column":7}},"line":20},"4":{"name":"(anonymous_4)","decl":{"start":{"line":31,"column":31},"end":{"line":31,"column":32}},"loc":{"start":{"line":31,"column":40},"end":{"line":47,"column":7}},"line":31},"5":{"name":"(anonymous_5)","decl":{"start":{"line":38,"column":34},"end":{"line":38,"column":35}},"loc":{"start":{"line":38,"column":42},"end":{"line":44,"column":17}},"line":38}},"branchMap":{"0":{"loc":{"start":{"line":19,"column":28},"end":{"line":27,"column":69}},"type":"cond-expr","locations":[{"start":{"line":20,"column":6},"end":{"line":26,"column":17}},{"start":{"line":27,"column":6},"end":{"line":27,"column":69}}],"line":19},"1":{"loc":{"start":{"line":30,"column":26},"end":{"line":48,"column":40}},"type":"cond-expr","locations":[{"start":{"line":31,"column":6},"end":{"line":47,"column":17}},{"start":{"line":48,"column":6},"end":{"line":48,"column":40}}],"line":30},"2":{"loc":{"start":{"line":42,"column":26},"end":{"line":42,"column":80}},"type":"cond-expr","locations":[{"start":{"line":42,"column":40},"end":{"line":42,"column":75}},{"start":{"line":42,"column":78},"end":{"line":42,"column":80}}],"line":42},"3":{"loc":{"start":{"line":86,"column":79},"end":{"line":86,"column":119}},"type":"binary-expr","locations":[{"start":{"line":86,"column":79},"end":{"line":86,"column":110}},{"start":{"line":86,"column":114},"end":{"line":86,"column":119}}],"line":86},"4":{"loc":{"start":{"line":87,"column":83},"end":{"line":87,"column":127}},"type":"binary-expr","locations":[{"start":{"line":87,"column":83},"end":{"line":87,"column":118}},{"start":{"line":87,"column":122},"end":{"line":87,"column":127}}],"line":87}},"s":{"0":1,"1":0,"2":0,"3":0,"4":0,"5":0,"6":0,"7":0,"8":0,"9":0,"10":0,"11":0,"12":0,"13":0,"14":0},"f":{"0":0,"1":0,"2":0,"3":0,"4":0,"5":0},"b":{"0":[0,0],"1":[0,0],"2":[0,0],"3":[0,0],"4":[0,0]},"_coverageSchema":"1a1c01bbd47fc00a2c39e90264f33305004495a9","hash":"f4f6ac7a2ad4b45f577a18bd6aa27633bcb3da95"}
}
