TN:
SF:api\apiClient.ts
FN:15,(anonymous_0)
FN:18,(anonymous_1)
FN:20,(anonymous_2)
FN:30,(anonymous_3)
FNF:4
FNH:2
FNDA:4,(anonymous_0)
FNDA:0,(anonymous_1)
FNDA:0,(anonymous_2)
FNDA:4,(anonymous_3)
DA:6,10
DA:15,10
DA:16,4
DA:17,0
DA:18,0
DA:19,0
DA:20,0
DA:21,0
DA:22,0
DA:25,0
DA:26,0
DA:30,10
DA:34,4
DA:36,4
DA:41,4
DA:42,1
DA:43,1
DA:44,0
DA:45,0
DA:48,0
DA:50,1
DA:53,4
DA:54,4
DA:62,4
DA:63,4
DA:64,4
DA:65,4
DA:66,4
DA:67,0
DA:69,4
DA:70,4
DA:71,3
DA:73,3
DA:74,3
DA:75,3
DA:78,0
DA:79,0
DA:80,0
DA:84,0
DA:87,0
DA:89,0
DA:91,0
DA:92,0
DA:96,3
DA:97,1
DA:98,1
DA:102,1
DA:105,2
DA:108,1
DA:109,1
DA:113,1
LF:51
LH:31
BRDA:16,0,0,4
BRDA:16,0,1,0
BRDA:16,1,0,4
BRDA:16,1,1,0
BRDA:19,2,0,0
BRDA:19,2,1,0
BRDA:21,3,0,0
BRDA:21,3,1,0
BRDA:21,4,0,0
BRDA:21,4,1,0
BRDA:26,5,0,0
BRDA:26,5,1,0
BRDA:32,6,0,1
BRDA:34,7,0,1
BRDA:34,8,0,4
BRDA:34,9,0,4
BRDA:41,10,0,1
BRDA:41,10,1,3
BRDA:43,11,0,0
BRDA:43,11,1,1
BRDA:57,12,0,0
BRDA:57,12,1,4
BRDA:66,13,0,0
BRDA:66,13,1,4
BRDA:75,14,0,3
BRDA:75,14,1,0
BRDA:78,15,0,0
BRDA:78,15,1,0
BRDA:89,16,0,0
BRDA:89,16,1,0
BRDA:96,17,0,1
BRDA:96,17,1,2
BRDA:100,18,0,1
BRDA:100,18,1,0
BRDA:100,18,2,0
BRF:35
BRH:15
end_of_record
TN:
SF:api\assistidos.ts
FN:42,(anonymous_0)
FN:46,(anonymous_1)
FN:50,(anonymous_2)
FN:57,(anonymous_3)
FN:64,(anonymous_4)
FN:72,(anonymous_5)
FNF:6
FNH:4
FNDA:1,(anonymous_0)
FNDA:0,(anonymous_1)
FNDA:1,(anonymous_2)
FNDA:1,(anonymous_3)
FNDA:0,(anonymous_4)
FNDA:1,(anonymous_5)
DA:42,1
DA:43,1
DA:46,1
DA:47,0
DA:50,1
DA:51,1
DA:57,1
DA:58,1
DA:64,1
DA:65,0
DA:72,1
DA:73,1
LF:12
LH:10
BRF:0
BRH:0
end_of_record
TN:
SF:api\auth.ts
FN:50,(anonymous_0)
FN:60,(anonymous_1)
FN:69,(anonymous_2)
FNF:3
FNH:3
FNDA:1,(anonymous_0)
FNDA:1,(anonymous_1)
FNDA:1,(anonymous_2)
DA:50,3
DA:53,1
DA:60,3
DA:62,1
DA:69,3
DA:70,1
LF:6
LH:6
BRF:0
BRH:0
end_of_record
TN:
SF:api\cuidador.ts
FN:24,(anonymous_0)
FN:28,(anonymous_1)
FNF:2
FNH:2
FNDA:1,(anonymous_0)
FNDA:1,(anonymous_1)
DA:24,1
DA:25,1
DA:28,1
DA:29,1
LF:4
LH:4
BRF:0
BRH:0
end_of_record
TN:
SF:api\questionario.ts
FN:47,(anonymous_0)
FN:56,(anonymous_1)
FN:64,(anonymous_2)
FNF:3
FNH:3
FNDA:1,(anonymous_0)
FNDA:1,(anonymous_1)
FNDA:1,(anonymous_2)
DA:47,1
DA:49,1
DA:56,1
DA:58,1
DA:64,1
DA:66,1
LF:6
LH:6
BRF:0
BRH:0
end_of_record
TN:
SF:api\relatorio.ts
FN:26,(anonymous_0)
FNF:1
FNH:1
FNDA:1,(anonymous_0)
DA:26,2
DA:27,1
LF:2
LH:2
BRF:0
BRH:0
end_of_record
TN:
SF:api\sugestoes.ts
FN:33,(anonymous_0)
FN:45,(anonymous_1)
FNF:2
FNH:2
FNDA:2,(anonymous_0)
FNDA:1,(anonymous_1)
DA:33,1
DA:38,2
DA:39,2
DA:40,1
DA:42,2
DA:45,1
DA:50,1
DA:51,1
LF:8
LH:8
BRDA:39,0,0,1
BRDA:39,0,1,1
BRDA:39,1,0,2
BRDA:39,1,1,1
BRF:4
BRH:4
end_of_record
TN:
SF:app\(auth)\CreateAccount.tsx
FN:47,(anonymous_0)
FN:48,(anonymous_1)
FN:52,(anonymous_2)
FN:53,(anonymous_3)
FN:70,(anonymous_4)
FN:94,(anonymous_5)
FN:102,(anonymous_6)
FN:135,(anonymous_7)
FN:159,(anonymous_8)
FN:182,(anonymous_9)
FN:187,(anonymous_10)
FN:202,(anonymous_11)
FN:219,(anonymous_12)
FN:236,(anonymous_13)
FN:244,(anonymous_14)
FN:245,(anonymous_15)
FN:252,(anonymous_16)
FN:260,(anonymous_17)
FN:271,(anonymous_18)
FN:279,(anonymous_19)
FN:288,(anonymous_20)
FNF:21
FNH:19
FNDA:2,(anonymous_0)
FNDA:6,(anonymous_1)
FNDA:2,(anonymous_2)
FNDA:6,(anonymous_3)
FNDA:12,(anonymous_4)
FNDA:0,(anonymous_5)
FNDA:1,(anonymous_6)
FNDA:0,(anonymous_7)
FNDA:1,(anonymous_8)
FNDA:1,(anonymous_9)
FNDA:1,(anonymous_10)
FNDA:2,(anonymous_11)
FNDA:2,(anonymous_12)
FNDA:13,(anonymous_13)
FNDA:13,(anonymous_14)
FNDA:1,(anonymous_15)
FNDA:13,(anonymous_16)
FNDA:1,(anonymous_17)
FNDA:13,(anonymous_18)
FNDA:13,(anonymous_19)
FNDA:14,(anonymous_20)
DA:18,1
DA:24,1
DA:32,1
DA:47,2
DA:48,6
DA:52,2
DA:53,6
DA:70,1
DA:71,12
DA:72,12
DA:73,12
DA:75,12
DA:91,12
DA:92,12
DA:94,12
DA:95,0
DA:96,0
DA:98,0
DA:102,12
DA:103,1
DA:104,1
DA:106,1
DA:107,1
DA:109,1
DA:121,1
DA:123,1
DA:124,1
DA:126,1
DA:128,1
DA:129,0
DA:137,0
DA:148,1
DA:149,1
DA:152,0
DA:153,0
DA:156,1
DA:159,12
DA:160,1
DA:161,1
DA:162,1
DA:166,12
DA:182,1
DA:187,1
DA:203,2
DA:220,2
DA:237,13
DA:245,13
DA:253,13
DA:260,1
DA:272,13
DA:280,13
DA:289,14
LF:52
LH:45
BRDA:95,0,0,0
BRDA:95,0,1,0
BRDA:103,1,0,0
BRDA:103,1,1,1
BRDA:117,2,0,0
BRDA:117,2,1,1
BRDA:118,3,0,0
BRDA:118,3,1,1
BRDA:123,4,0,1
BRDA:123,4,1,0
BRDA:123,5,0,1
BRDA:123,5,1,1
BRDA:123,5,2,1
BRDA:128,6,0,0
BRDA:128,6,1,1
BRDA:161,7,0,1
BRDA:161,7,1,0
BRDA:161,8,0,1
BRDA:161,8,1,1
BRDA:170,9,0,12
BRDA:170,9,1,0
BRDA:189,10,0,12
BRDA:189,10,1,0
BRDA:193,11,0,12
BRDA:193,11,1,2
BRDA:211,12,0,2
BRDA:211,12,1,0
BRDA:228,13,0,2
BRDA:228,13,1,0
BRDA:239,14,0,12
BRDA:239,14,1,0
BRDA:247,15,0,12
BRDA:247,15,1,0
BRDA:255,16,0,12
BRDA:255,16,1,0
BRDA:261,17,0,12
BRDA:261,17,1,0
BRDA:263,18,0,12
BRDA:263,18,1,3
BRDA:264,19,0,3
BRDA:264,19,1,0
BRDA:264,20,0,3
BRDA:264,20,1,0
BRDA:266,21,0,12
BRDA:266,21,1,0
BRDA:274,22,0,12
BRDA:274,22,1,0
BRDA:282,23,0,12
BRDA:282,23,1,0
BRDA:291,24,0,12
BRDA:291,24,1,0
BRDA:300,25,0,0
BRDA:300,25,1,12
BRF:53
BRH:30
end_of_record
TN:
SF:app\(auth)\ForgotPassword.tsx
FN:8,(anonymous_0)
FN:15,(anonymous_1)
FN:35,(anonymous_2)
FN:64,(anonymous_3)
FNF:4
FNH:2
FNDA:6,(anonymous_0)
FNDA:1,(anonymous_1)
FNDA:0,(anonymous_2)
FNDA:0,(anonymous_3)
DA:8,1
DA:9,6
DA:10,6
DA:11,6
DA:12,6
DA:13,6
DA:15,6
DA:16,1
DA:17,0
DA:18,0
DA:20,1
DA:21,0
DA:22,0
DA:25,1
DA:26,1
DA:31,1
DA:33,1
DA:34,1
DA:35,0
DA:40,6
DA:64,0
LF:21
LH:15
BRDA:16,0,0,0
BRDA:16,0,1,1
BRDA:16,1,0,1
BRDA:16,1,1,1
BRDA:16,1,2,1
BRDA:20,2,0,0
BRDA:20,2,1,1
BRDA:33,3,0,1
BRDA:33,3,1,0
BRDA:33,4,0,1
BRDA:33,4,1,1
BRDA:59,5,0,1
BRDA:59,5,1,5
BRF:13
BRH:10
end_of_record
TN:
SF:app\(auth)\index.tsx
FN:20,(anonymous_0)
FN:33,(anonymous_1)
FN:37,(anonymous_2)
FN:41,(anonymous_3)
FN:62,(anonymous_4)
FN:87,(anonymous_5)
FNF:6
FNH:4
FNDA:8,(anonymous_0)
FNDA:1,(anonymous_1)
FNDA:0,(anonymous_2)
FNDA:0,(anonymous_3)
FNDA:10,(anonymous_4)
FNDA:10,(anonymous_5)
DA:12,1
DA:20,1
DA:21,8
DA:22,8
DA:25,8
DA:33,8
DA:34,1
DA:37,8
DA:38,0
DA:41,8
DA:43,0
DA:46,8
DA:63,10
DA:88,10
LF:14
LH:12
BRDA:73,0,0,8
BRDA:73,0,1,1
BRDA:97,1,0,8
BRDA:97,1,1,1
BRDA:120,2,0,0
BRDA:120,2,1,8
BRF:6
BRH:5
end_of_record
TN:
SF:app\(tabs)\Register.tsx
FN:24,(anonymous_0)
FN:28,(anonymous_1)
FN:42,(anonymous_2)
FN:70,(anonymous_3)
FN:108,(anonymous_4)
FN:128,(anonymous_5)
FN:138,(anonymous_6)
FNF:7
FNH:3
FNDA:2,(anonymous_0)
FNDA:2,(anonymous_1)
FNDA:1,(anonymous_2)
FNDA:0,(anonymous_3)
FNDA:0,(anonymous_4)
FNDA:0,(anonymous_5)
FNDA:0,(anonymous_6)
DA:11,1
DA:17,1
DA:24,1
DA:25,2
DA:26,2
DA:28,2
DA:29,2
DA:30,0
DA:31,0
DA:35,2
DA:36,2
DA:37,2
DA:38,2
DA:39,2
DA:40,2
DA:42,2
DA:43,1
DA:44,0
DA:45,0
DA:47,1
DA:48,0
DA:49,0
DA:52,1
DA:60,1
DA:70,2
DA:71,0
DA:72,0
DA:73,0
DA:74,0
DA:76,0
DA:81,2
DA:82,0
DA:89,2
DA:108,0
DA:128,0
DA:138,0
LF:36
LH:21
BRDA:29,0,0,0
BRDA:29,0,1,2
BRDA:29,1,0,2
BRDA:29,1,1,2
BRDA:43,2,0,0
BRDA:43,2,1,1
BRDA:47,3,0,0
BRDA:47,3,1,1
BRDA:71,4,0,0
BRDA:71,4,1,0
BRDA:73,5,0,0
BRDA:73,5,1,0
BRDA:81,6,0,0
BRDA:81,6,1,2
BRDA:81,7,0,2
BRDA:81,7,1,2
BRDA:92,8,0,2
BRDA:92,8,1,0
BRDA:111,9,0,2
BRDA:111,9,1,0
BRDA:116,10,0,0
BRDA:116,10,1,0
BRDA:127,11,0,2
BRDA:127,11,1,2
BRDA:137,12,0,2
BRDA:137,12,1,2
BRDA:146,13,0,0
BRDA:146,13,1,2
BRF:28
BRH:15
end_of_record
TN:
SF:app\(tabs)\Account\ChangePassword.tsx
FN:7,(anonymous_0)
FN:15,(anonymous_1)
FN:19,(anonymous_2)
FNF:3
FNH:2
FNDA:1,(anonymous_0)
FNDA:0,(anonymous_1)
FNDA:1,(anonymous_2)
DA:7,1
DA:9,1
DA:10,1
DA:11,1
DA:13,1
DA:15,1
DA:16,0
DA:19,1
DA:20,1
DA:21,1
DA:25,1
LF:11
LH:10
BRDA:44,0,0,1
BRDA:44,0,1,0
BRF:2
BRH:1
end_of_record
TN:
SF:app\FoodExchange\MealOption.tsx
FN:6,(anonymous_0)
FN:18,(anonymous_1)
FN:31,(anonymous_2)
FN:68,(anonymous_3)
FN:73,(anonymous_4)
FNF:5
FNH:4
FNDA:1,(anonymous_0)
FNDA:1,(anonymous_1)
FNDA:0,(anonymous_2)
FNDA:4,(anonymous_3)
FNDA:1,(anonymous_4)
DA:6,1
DA:7,1
DA:8,1
DA:9,1
DA:11,1
DA:18,1
DA:19,1
DA:20,0
DA:21,0
DA:22,0
DA:24,1
DA:31,1
DA:32,0
DA:35,1
DA:69,4
DA:73,1
LF:16
LH:12
BRDA:19,0,0,0
BRDA:19,0,1,1
BRDA:43,1,0,1
BRDA:43,1,1,0
BRF:4
BRH:2
end_of_record
TN:
SF:app\Reports\ViewReport.tsx
FN:10,(anonymous_0)
FN:17,(anonymous_1)
FN:18,(anonymous_2)
FN:28,(anonymous_3)
FN:68,(anonymous_4)
FN:79,(anonymous_5)
FN:113,(anonymous_6)
FN:129,(anonymous_7)
FN:135,(anonymous_8)
FNF:9
FNH:3
FNDA:2,(anonymous_0)
FNDA:1,(anonymous_1)
FNDA:1,(anonymous_2)
FNDA:0,(anonymous_3)
FNDA:0,(anonymous_4)
FNDA:0,(anonymous_5)
FNDA:0,(anonymous_6)
FNDA:0,(anonymous_7)
FNDA:0,(anonymous_8)
DA:10,1
DA:11,2
DA:12,2
DA:13,2
DA:14,2
DA:15,2
DA:17,2
DA:18,1
DA:19,1
DA:20,1
DA:21,1
DA:23,1
DA:25,1
DA:28,2
DA:29,0
DA:31,0
DA:32,0
DA:35,0
DA:38,0
DA:39,0
DA:42,0
DA:43,0
DA:45,0
DA:49,0
DA:50,0
DA:52,0
DA:56,2
DA:57,1
DA:64,1
DA:65,0
DA:68,0
DA:75,1
DA:79,0
DA:114,0
DA:130,0
DA:136,0
DA:153,1
LF:37
LH:19
BRDA:19,0,0,1
BRDA:19,0,1,0
BRDA:29,1,0,0
BRDA:29,1,1,0
BRDA:42,2,0,0
BRDA:42,2,1,0
BRDA:56,3,0,1
BRDA:56,3,1,1
BRDA:64,4,0,0
BRDA:64,4,1,1
BRDA:86,5,0,0
BRDA:86,5,1,1
BRDA:103,6,0,1
BRDA:103,6,1,1
BRDA:104,7,0,1
BRDA:104,7,1,1
BRDA:110,8,0,1
BRDA:110,8,1,0
BRDA:126,9,0,1
BRDA:126,9,1,0
BRDA:138,10,0,0
BRDA:138,10,1,0
BRDA:138,11,0,0
BRDA:138,11,1,0
BRF:24
BRH:11
end_of_record
TN:
SF:components\Button.tsx
FN:8,(anonymous_0)
FNF:1
FNH:1
FNDA:36,(anonymous_0)
DA:8,5
DA:9,36
LF:2
LH:2
BRDA:15,0,0,20
BRDA:15,0,1,16
BRF:2
BRH:2
end_of_record
TN:
SF:components\FoodCard.tsx
FN:10,(anonymous_0)
FNF:1
FNH:1
FNDA:1,(anonymous_0)
DA:10,1
DA:11,1
LF:2
LH:2
BRF:0
BRH:0
end_of_record
TN:
SF:components\FoodCardChecable.tsx
FN:10,(anonymous_0)
FNF:1
FNH:1
FNDA:2,(anonymous_0)
DA:10,1
DA:11,2
LF:2
LH:2
BRDA:24,0,0,0
BRDA:24,0,1,2
BRF:2
BRH:1
end_of_record
TN:
SF:components\Input.tsx
FN:5,(anonymous_0)
FNF:1
FNH:1
FNDA:122,(anonymous_0)
DA:5,6
DA:6,122
LF:2
LH:2
BRF:0
BRH:0
end_of_record
TN:
SF:components\MainButton.tsx
FN:7,(anonymous_0)
FNF:1
FNH:1
FNDA:10,(anonymous_0)
DA:7,2
DA:8,10
LF:2
LH:2
BRF:0
BRH:0
end_of_record
TN:
SF:components\MealTypeCard.tsx
FN:9,(anonymous_0)
FNF:1
FNH:1
FNDA:6,(anonymous_0)
DA:9,2
DA:10,6
LF:2
LH:2
BRF:0
BRH:0
end_of_record
TN:
SF:components\RadioButton.tsx
FN:11,(anonymous_0)
FNF:1
FNH:1
FNDA:26,(anonymous_0)
DA:11,2
DA:12,26
DA:22,2
LF:3
LH:3
BRDA:14,0,0,26
BRDA:14,0,1,6
BRDA:15,1,0,26
BRDA:15,1,1,6
BRF:4
BRH:4
end_of_record
TN:
SF:components\SelectInput.tsx
FN:25,(anonymous_0)
FN:28,(anonymous_1)
FN:30,(anonymous_2)
FN:39,(anonymous_3)
FN:51,(anonymous_4)
FN:53,(anonymous_5)
FN:58,(anonymous_6)
FN:59,(anonymous_7)
FN:62,(anonymous_8)
FNF:9
FNH:7
FNDA:13,(anonymous_0)
FNDA:38,(anonymous_1)
FNDA:1,(anonymous_2)
FNDA:1,(anonymous_3)
FNDA:0,(anonymous_4)
FNDA:0,(anonymous_5)
FNDA:3,(anonymous_6)
FNDA:2,(anonymous_7)
FNDA:1,(anonymous_8)
DA:25,3
DA:26,13
DA:28,38
DA:30,13
DA:31,1
DA:32,1
DA:35,13
DA:39,1
DA:51,0
DA:53,0
DA:58,3
DA:60,2
DA:62,1
DA:76,3
LF:14
LH:12
BRDA:25,0,0,2
BRDA:28,1,0,13
BRDA:28,1,1,12
BRDA:41,2,0,1
BRDA:41,2,1,12
BRF:5
BRH:5
end_of_record
TN:
SF:components\WatchedCard.tsx
FN:4,(anonymous_0)
FN:17,(anonymous_1)
FNF:2
FNH:2
FNDA:2,(anonymous_0)
FNDA:1,(anonymous_1)
DA:4,1
DA:6,2
DA:17,1
LF:3
LH:3
BRF:0
BRH:0
end_of_record
TN:
SF:utils\formatters.ts
FN:1,(anonymous_0)
FN:14,(anonymous_1)
FNF:2
FNH:2
FNDA:4,(anonymous_0)
FNDA:3,(anonymous_1)
DA:1,2
DA:2,4
DA:4,3
DA:7,3
DA:14,2
DA:15,3
DA:16,2
LF:7
LH:7
BRDA:2,0,0,1
BRDA:2,0,1,3
BRDA:15,1,0,1
BRDA:15,1,1,2
BRF:4
BRH:4
end_of_record
TN:
SF:utils\generateReportHtml.ts
FN:4,(anonymous_0)
FN:6,(anonymous_1)
FN:12,(anonymous_2)
FN:20,(anonymous_3)
FN:31,(anonymous_4)
FN:38,(anonymous_5)
FNF:6
FNH:0
FNDA:0,(anonymous_0)
FNDA:0,(anonymous_1)
FNDA:0,(anonymous_2)
FNDA:0,(anonymous_3)
FNDA:0,(anonymous_4)
FNDA:0,(anonymous_5)
DA:4,1
DA:6,0
DA:7,0
DA:8,0
DA:9,0
DA:12,0
DA:13,0
DA:14,0
DA:15,0
DA:19,0
DA:20,0
DA:30,0
DA:31,0
DA:38,0
DA:50,0
LF:15
LH:1
BRDA:19,0,0,0
BRDA:19,0,1,0
BRDA:30,1,0,0
BRDA:30,1,1,0
BRDA:42,2,0,0
BRDA:42,2,1,0
BRDA:86,3,0,0
BRDA:86,3,1,0
BRDA:87,4,0,0
BRDA:87,4,1,0
BRF:10
BRH:0
end_of_record
